000 (5101678.000.000) 07/15 19:51:34 Job submitted from host: <188.185.71.83:9618?addrs=188.185.71.83-9618+[2001-1458-d00-7--100-34d]-9618&alias=bigbird18.cern.ch&noUDP&sock=schedd_2070_6d22>
...
040 (5101678.000.000) 07/15 19:52:48 Started transferring input files
	Transferring to host: <128.142.57.76:9618?addrs=128.142.57.76-9618+[2001-1458-301-7--100-4b]-9618&alias=b7s02p8471.cern.ch&noUDP&sock=slot1_30_4747_70da_72028>
...
040 (5101678.000.000) 07/15 19:52:48 Finished transferring input files
...
001 (5101678.000.000) 07/15 19:52:49 Job executing on host: <128.142.57.76:9618?addrs=128.142.57.76-9618+[2001-1458-301-7--100-4b]-9618&alias=b7s02p8471.cern.ch&noUDP&sock=startd_4167_cb3b>
...
006 (5101678.000.000) 07/15 19:52:57 Image size of job updated: 215296
	136  -  MemoryUsage of job (MB)
	138568  -  ResidentSetSize of job (KB)
...
006 (5101678.000.000) 07/15 19:57:57 Image size of job updated: 1394328
	380  -  MemoryUsage of job (MB)
	388764  -  ResidentSetSize of job (KB)
...
006 (5101678.000.000) 07/15 20:02:58 Image size of job updated: 1394328
	487  -  MemoryUsage of job (MB)
	498092  -  ResidentSetSize of job (KB)
...
006 (5101678.000.000) 07/15 20:07:59 Image size of job updated: 1394328
	621  -  MemoryUsage of job (MB)
	635068  -  ResidentSetSize of job (KB)
...
006 (5101678.000.000) 07/15 20:12:59 Image size of job updated: 1394328
	690  -  MemoryUsage of job (MB)
	706456  -  ResidentSetSize of job (KB)
...
040 (5101678.000.000) 07/15 20:12:59 Started transferring output files
...
040 (5101678.000.000) 07/15 20:12:59 Finished transferring output files
...
009 (5101678.000.000) 07/15 20:12:59 Job was aborted.
	Job removed by SYSTEM_PERIODIC_REMOVE due to wall time exceeded allowed max.
...
