000 (5101674.000.000) 07/15 18:01:18 Job submitted from host: <188.185.71.83:9618?addrs=188.185.71.83-9618+[2001-1458-d00-7--100-34d]-9618&alias=bigbird18.cern.ch&noUDP&sock=schedd_2070_6d22>
...
040 (5101674.000.000) 07/15 18:01:55 Started transferring input files
	Transferring to host: <128.142.131.179:9618?addrs=128.142.131.179-9618+[2001-1458-301-59--100-a7]-9618&alias=b7g11p8943.cern.ch&noUDP&sock=slot1_37_27957_fc4a_3797>
...
040 (5101674.000.000) 07/15 18:01:55 Finished transferring input files
...
001 (5101674.000.000) 07/15 18:01:56 Job executing on host: <128.142.131.179:9618?addrs=128.142.131.179-9618+[2001-1458-301-59--100-a7]-9618&alias=b7g11p8943.cern.ch&noUDP&sock=startd_27919_b0b5>
...
006 (5101674.000.000) 07/15 18:02:05 Image size of job updated: 248756
	33  -  MemoryUsage of job (MB)
	33440  -  ResidentSetSize of job (KB)
...
006 (5101674.000.000) 07/15 18:07:06 Image size of job updated: 1401228
	265  -  MemoryUsage of job (MB)
	270600  -  ResidentSetSize of job (KB)
...
006 (5101674.000.000) 07/15 18:12:06 Image size of job updated: 1401228
	358  -  MemoryUsage of job (MB)
	366532  -  ResidentSetSize of job (KB)
...
006 (5101674.000.000) 07/15 18:17:06 Image size of job updated: 1401228
	407  -  MemoryUsage of job (MB)
	415944  -  ResidentSetSize of job (KB)
...
006 (5101674.000.000) 07/15 18:22:07 Image size of job updated: 1401228
	452  -  MemoryUsage of job (MB)
	462548  -  ResidentSetSize of job (KB)
...
040 (5101674.000.000) 07/15 18:22:07 Started transferring output files
...
040 (5101674.000.000) 07/15 18:22:07 Finished transferring output files
...
009 (5101674.000.000) 07/15 18:22:07 Job was aborted.
	Job removed by SYSTEM_PERIODIC_REMOVE due to wall time exceeded allowed max.
...
