000 (5101657.000.000) 07/15 17:19:56 Job submitted from host: <188.185.71.83:9618?addrs=188.185.71.83-9618+[2001-1458-d00-7--100-34d]-9618&alias=bigbird18.cern.ch&noUDP&sock=schedd_2070_6d22>
...
040 (5101657.000.000) 07/15 17:20:15 Started transferring input files
	Transferring to host: <188.184.163.75:9618?addrs=188.184.163.75-9618&alias=b7s12p5359.cern.ch&noUDP&sock=slot1_6_162389_7da5_29693>
...
040 (5101657.000.000) 07/15 17:20:15 Finished transferring input files
...
001 (5101657.000.000) 07/15 17:20:16 Job executing on host: <188.184.163.75:9618?addrs=188.184.163.75-9618&alias=b7s12p5359.cern.ch&noUDP&sock=startd_2907_89e7>
...
006 (5101657.000.000) 07/15 17:20:25 Image size of job updated: 794288
	172  -  MemoryUsage of job (MB)
	175912  -  ResidentSetSize of job (KB)
...
006 (5101657.000.000) 07/15 17:25:26 Image size of job updated: 1394288
	321  -  MemoryUsage of job (MB)
	327868  -  ResidentSetSize of job (KB)
...
006 (5101657.000.000) 07/15 17:30:26 Image size of job updated: 1394288
	380  -  MemoryUsage of job (MB)
	388752  -  ResidentSetSize of job (KB)
...
006 (5101657.000.000) 07/15 17:35:27 Image size of job updated: 1394288
	435  -  MemoryUsage of job (MB)
	444720  -  ResidentSetSize of job (KB)
...
006 (5101657.000.000) 07/15 17:40:28 Image size of job updated: 1394288
	495  -  MemoryUsage of job (MB)
	506344  -  ResidentSetSize of job (KB)
...
040 (5101657.000.000) 07/15 17:40:28 Started transferring output files
...
040 (5101657.000.000) 07/15 17:40:28 Finished transferring output files
...
009 (5101657.000.000) 07/15 17:40:28 Job was aborted.
	Job removed by SYSTEM_PERIODIC_REMOVE due to wall time exceeded allowed max.
...
