000 (5101671.000.000) 07/15 18:01:03 Job submitted from host: <188.185.71.83:9618?addrs=188.185.71.83-9618+[2001-1458-d00-7--100-34d]-9618&alias=bigbird18.cern.ch&noUDP&sock=schedd_2070_6d22>
...
040 (5101671.000.000) 07/15 18:01:55 Started transferring input files
	Transferring to host: <128.142.137.185:9618?addrs=128.142.137.185-9618+[2001-1458-301-5e--100-ad]-9618&alias=b7g19p4158.cern.ch&noUDP&sock=slot1_7_7663_06d1_90694>
...
040 (5101671.000.000) 07/15 18:01:55 Finished transferring input files
...
001 (5101671.000.000) 07/15 18:01:56 Job executing on host: <128.142.137.185:9618?addrs=128.142.137.185-9618+[2001-1458-301-5e--100-ad]-9618&alias=b7g19p4158.cern.ch&noUDP&sock=startd_6611_2cb2>
...
006 (5101671.000.000) 07/15 18:02:05 Image size of job updated: 189548
	10  -  MemoryUsage of job (MB)
	9888  -  ResidentSetSize of job (KB)
...
006 (5101671.000.000) 07/15 18:07:06 Image size of job updated: 1394308
	305  -  MemoryUsage of job (MB)
	311832  -  ResidentSetSize of job (KB)
...
006 (5101671.000.000) 07/15 18:12:06 Image size of job updated: 1394308
	345  -  MemoryUsage of job (MB)
	353064  -  ResidentSetSize of job (KB)
...
006 (5101671.000.000) 07/15 18:17:06 Image size of job updated: 1394308
	368  -  MemoryUsage of job (MB)
	376204  -  ResidentSetSize of job (KB)
...
006 (5101671.000.000) 07/15 18:22:07 Image size of job updated: 1394308
	423  -  MemoryUsage of job (MB)
	432520  -  ResidentSetSize of job (KB)
...
040 (5101671.000.000) 07/15 18:22:07 Started transferring output files
...
040 (5101671.000.000) 07/15 18:22:07 Finished transferring output files
...
009 (5101671.000.000) 07/15 18:22:07 Job was aborted.
	Job removed by SYSTEM_PERIODIC_REMOVE due to wall time exceeded allowed max.
...
