000 (5101654.000.000) 07/15 17:19:43 Job submitted from host: <188.185.71.83:9618?addrs=188.185.71.83-9618+[2001-1458-d00-7--100-34d]-9618&alias=bigbird18.cern.ch&noUDP&sock=schedd_2070_6d22>
...
040 (5101654.000.000) 07/15 17:20:14 Started transferring input files
	Transferring to host: <188.184.163.96:9618?addrs=188.184.163.96-9618&alias=b7s12p7679.cern.ch&noUDP&sock=slot1_9_240714_89f6_36582>
...
040 (5101654.000.000) 07/15 17:20:14 Finished transferring input files
...
001 (5101654.000.000) 07/15 17:20:15 Job executing on host: <188.184.163.96:9618?addrs=188.184.163.96-9618&alias=b7s12p7679.cern.ch&noUDP&sock=startd_5209_84ea>
...
006 (5101654.000.000) 07/15 17:20:24 Image size of job updated: 458520
	43  -  MemoryUsage of job (MB)
	43632  -  ResidentSetSize of job (KB)
...
006 (5101654.000.000) 07/15 17:25:25 Image size of job updated: 1394300
	313  -  MemoryUsage of job (MB)
	320080  -  ResidentSetSize of job (KB)
...
006 (5101654.000.000) 07/15 17:30:25 Image size of job updated: 1394300
	356  -  MemoryUsage of job (MB)
	363980  -  ResidentSetSize of job (KB)
...
006 (5101654.000.000) 07/15 17:35:26 Image size of job updated: 1394300
	400  -  MemoryUsage of job (MB)
	408636  -  ResidentSetSize of job (KB)
...
040 (5101654.000.000) 07/15 17:40:16 Started transferring output files
...
040 (5101654.000.000) 07/15 17:40:16 Finished transferring output files
...
009 (5101654.000.000) 07/15 17:40:16 Job was aborted.
	Job removed by SYSTEM_PERIODIC_REMOVE due to wall time exceeded allowed max.
...
