000 (5101675.000.000) 07/15 19:51:19 Job submitted from host: <188.185.71.83:9618?addrs=188.185.71.83-9618+[2001-1458-d00-7--100-34d]-9618&alias=bigbird18.cern.ch&noUDP&sock=schedd_2070_6d22>
...
040 (5101675.000.000) 07/15 19:52:47 Started transferring input files
	Transferring to host: <128.142.56.43:9618?addrs=128.142.56.43-9618+[2001-1458-301-6--100-2a]-9618&alias=b7s01p9459.cern.ch&noUDP&sock=slot1_21_42141_e58b_36116>
...
040 (5101675.000.000) 07/15 19:52:47 Finished transferring input files
...
001 (5101675.000.000) 07/15 19:52:48 Job executing on host: <128.142.56.43:9618?addrs=128.142.56.43-9618+[2001-1458-301-6--100-2a]-9618&alias=b7s01p9459.cern.ch&noUDP&sock=startd_42103_bc08>
...
006 (5101675.000.000) 07/15 19:52:57 Image size of job updated: 782512
	151  -  MemoryUsage of job (MB)
	153840  -  ResidentSetSize of job (KB)
...
006 (5101675.000.000) 07/15 19:57:58 Image size of job updated: 1394280
	352  -  MemoryUsage of job (MB)
	359844  -  ResidentSetSize of job (KB)
...
006 (5101675.000.000) 07/15 20:02:59 Image size of job updated: 1394280
	475  -  MemoryUsage of job (MB)
	485420  -  ResidentSetSize of job (KB)
...
006 (5101675.000.000) 07/15 20:07:59 Image size of job updated: 1394280
	602  -  MemoryUsage of job (MB)
	616416  -  ResidentSetSize of job (KB)
...
006 (5101675.000.000) 07/15 20:13:00 Image size of job updated: 1394280
	722  -  MemoryUsage of job (MB)
	739220  -  ResidentSetSize of job (KB)
...
040 (5101675.000.000) 07/15 20:13:01 Started transferring output files
...
040 (5101675.000.000) 07/15 20:13:01 Finished transferring output files
...
009 (5101675.000.000) 07/15 20:13:01 Job was aborted.
	Job removed by SYSTEM_PERIODIC_REMOVE due to wall time exceeded allowed max.
...
