000 (5101641.000.000) 07/15 17:18:48 Job submitted from host: <188.185.71.83:9618?addrs=188.185.71.83-9618+[2001-1458-d00-7--100-34d]-9618&alias=bigbird18.cern.ch&noUDP&sock=schedd_2070_6d22>
...
040 (5101641.000.000) 07/15 17:20:11 Started transferring input files
	Transferring to host: <128.142.248.122:9618?addrs=128.142.248.122-9618+[2001-1458-301-73--100-16a]-9618&alias=b7g23p1073.cern.ch&noUDP&sock=slot1_20_133001_fc7a_39347>
...
040 (5101641.000.000) 07/15 17:20:11 Finished transferring input files
...
001 (5101641.000.000) 07/15 17:20:12 Job executing on host: <128.142.248.122:9618?addrs=128.142.248.122-9618+[2001-1458-301-73--100-16a]-9618&alias=b7g23p1073.cern.ch&noUDP&sock=startd_132962_737f>
...
006 (5101641.000.000) 07/15 17:20:20 Image size of job updated: 327800
	225  -  MemoryUsage of job (MB)
	229888  -  ResidentSetSize of job (KB)
...
006 (5101641.000.000) 07/15 17:25:20 Image size of job updated: 1394256
	333  -  MemoryUsage of job (MB)
	340400  -  ResidentSetSize of job (KB)
...
006 (5101641.000.000) 07/15 17:30:21 Image size of job updated: 1394256
	403  -  MemoryUsage of job (MB)
	412244  -  ResidentSetSize of job (KB)
...
006 (5101641.000.000) 07/15 17:35:21 Image size of job updated: 1394256
	471  -  MemoryUsage of job (MB)
	481640  -  ResidentSetSize of job (KB)
...
006 (5101641.000.000) 07/15 17:40:21 Image size of job updated: 1394256
	582  -  MemoryUsage of job (MB)
	595336  -  ResidentSetSize of job (KB)
...
040 (5101641.000.000) 07/15 17:40:21 Started transferring output files
...
040 (5101641.000.000) 07/15 17:40:21 Finished transferring output files
...
009 (5101641.000.000) 07/15 17:40:21 Job was aborted.
	Job removed by SYSTEM_PERIODIC_REMOVE due to wall time exceeded allowed max.
...
