000 (5101660.000.000) 07/15 18:00:04 Job submitted from host: <188.185.71.83:9618?addrs=188.185.71.83-9618+[2001-1458-d00-7--100-34d]-9618&alias=bigbird18.cern.ch&noUDP&sock=schedd_2070_6d22>
...
040 (5101660.000.000) 07/15 18:01:52 Started transferring input files
	Transferring to host: <188.184.162.27:9618?addrs=188.184.162.27-9618+[2001-1458-301-4a--100-15]-9618&alias=b7s11p7346.cern.ch&noUDP&sock=slot1_34_199375_7945_27377>
...
040 (5101660.000.000) 07/15 18:01:52 Finished transferring input files
...
001 (5101660.000.000) 07/15 18:01:53 Job executing on host: <188.184.162.27:9618?addrs=188.184.162.27-9618+[2001-1458-301-4a--100-15]-9618&alias=b7s11p7346.cern.ch&noUDP&sock=startd_199336_7e92>
...
006 (5101660.000.000) 07/15 18:02:02 Image size of job updated: 450548
	54  -  MemoryUsage of job (MB)
	54712  -  ResidentSetSize of job (KB)
...
006 (5101660.000.000) 07/15 18:07:03 Image size of job updated: 1393488
	304  -  MemoryUsage of job (MB)
	310952  -  ResidentSetSize of job (KB)
...
006 (5101660.000.000) 07/15 18:12:04 Image size of job updated: 1393488
	401  -  MemoryUsage of job (MB)
	409940  -  ResidentSetSize of job (KB)
...
006 (5101660.000.000) 07/15 18:17:04 Image size of job updated: 1393488
	465  -  MemoryUsage of job (MB)
	475432  -  ResidentSetSize of job (KB)
...
006 (5101660.000.000) 07/15 18:22:05 Image size of job updated: 1393488
	564  -  MemoryUsage of job (MB)
	576824  -  ResidentSetSize of job (KB)
...
040 (5101660.000.000) 07/15 18:22:06 Started transferring output files
...
040 (5101660.000.000) 07/15 18:22:06 Finished transferring output files
...
009 (5101660.000.000) 07/15 18:22:06 Job was aborted.
	Job removed by SYSTEM_PERIODIC_REMOVE due to wall time exceeded allowed max.
...
