000 (5101634.000.000) 07/15 17:18:17 Job submitted from host: <188.185.71.83:9618?addrs=188.185.71.83-9618+[2001-1458-d00-7--100-34d]-9618&alias=bigbird18.cern.ch&noUDP&sock=schedd_2070_6d22>
...
040 (5101634.000.000) 07/15 17:20:09 Started transferring input files
	Transferring to host: <188.184.163.193:9618?addrs=188.184.163.193-9618+[2001-1458-301-4d--100-bb]-9618&alias=b7s12p3439.cern.ch&noUDP&sock=slot1_2_244344_33c9_37354>
...
040 (5101634.000.000) 07/15 17:20:09 Finished transferring input files
...
001 (5101634.000.000) 07/15 17:20:10 Job executing on host: <188.184.163.193:9618?addrs=188.184.163.193-9618+[2001-1458-301-4d--100-bb]-9618&alias=b7s12p3439.cern.ch&noUDP&sock=startd_143646_c959>
...
006 (5101634.000.000) 07/15 17:20:19 Image size of job updated: 117052
	57  -  MemoryUsage of job (MB)
	58368  -  ResidentSetSize of job (KB)
...
006 (5101634.000.000) 07/15 17:25:20 Image size of job updated: 1361456
	320  -  MemoryUsage of job (MB)
	327304  -  ResidentSetSize of job (KB)
...
006 (5101634.000.000) 07/15 17:30:21 Image size of job updated: 1361456
	377  -  MemoryUsage of job (MB)
	385088  -  ResidentSetSize of job (KB)
...
006 (5101634.000.000) 07/15 17:35:21 Image size of job updated: 1361456
	428  -  MemoryUsage of job (MB)
	437680  -  ResidentSetSize of job (KB)
...
006 (5101634.000.000) 07/15 17:40:22 Image size of job updated: 1361456
	479  -  MemoryUsage of job (MB)
	489684  -  ResidentSetSize of job (KB)
...
040 (5101634.000.000) 07/15 17:40:23 Started transferring output files
...
040 (5101634.000.000) 07/15 17:40:23 Finished transferring output files
...
009 (5101634.000.000) 07/15 17:40:23 Job was aborted.
	Job removed by SYSTEM_PERIODIC_REMOVE due to wall time exceeded allowed max.
...
