000 (5101681.000.000) 07/15 20:47:48 Job submitted from host: <188.185.71.83:9618?addrs=188.185.71.83-9618+[2001-1458-d00-7--100-34d]-9618&alias=bigbird18.cern.ch&noUDP&sock=schedd_2070_6d22>
...
040 (5101681.000.000) 07/15 20:47:56 Started transferring input files
	Transferring to host: <128.142.248.21:9618?addrs=128.142.248.21-9618+[2001-1458-301-73--100-105]-9618&alias=b7g23p6920.cern.ch&noUDP&sock=slot1_18_5070_0607_95725>
...
040 (5101681.000.000) 07/15 20:47:56 Finished transferring input files
...
001 (5101681.000.000) 07/15 20:47:57 Job executing on host: <128.142.248.21:9618?addrs=128.142.248.21-9618+[2001-1458-301-73--100-105]-9618&alias=b7g23p6920.cern.ch&noUDP&sock=startd_3491_1d36>
...
006 (5101681.000.000) 07/15 20:48:06 Image size of job updated: 433092
	58  -  MemoryUsage of job (MB)
	58948  -  ResidentSetSize of job (KB)
...
006 (5101681.000.000) 07/15 20:53:07 Image size of job updated: 1393516
	336  -  MemoryUsage of job (MB)
	343788  -  ResidentSetSize of job (KB)
...
006 (5101681.000.000) 07/15 20:58:08 Image size of job updated: 1393516
	354  -  MemoryUsage of job (MB)
	362124  -  ResidentSetSize of job (KB)
...
006 (5101681.000.000) 07/15 21:03:08 Image size of job updated: 1393516
	370  -  MemoryUsage of job (MB)
	377952  -  ResidentSetSize of job (KB)
...
006 (5101681.000.000) 07/15 21:08:09 Image size of job updated: 1393516
	493  -  MemoryUsage of job (MB)
	504232  -  ResidentSetSize of job (KB)
...
040 (5101681.000.000) 07/15 21:08:10 Started transferring output files
...
040 (5101681.000.000) 07/15 21:08:10 Finished transferring output files
...
009 (5101681.000.000) 07/15 21:08:10 Job was aborted.
	Job removed by SYSTEM_PERIODIC_REMOVE due to wall time exceeded allowed max.
...
