nohup: ignoring input
combining data cards into /eos/home-m/mmorris/Documents/TTbarResonance/backgroundEstimate/CMSSW_10_6_14/src/BstarToTW_CMSDAS2023_BackgroundEstimation/regions/2018/ttbarfits_inclusive/signalZPrime1000_10_area/signalZPrime1000_10_card.txt
combineTool.py -M AsymptoticLimits -d signalZPrime1000_10_card.txt --saveWorkspace --cminDefaultMinimizerStrategy 0   -v 0 --job-mode condor --sub-opts='+JobFlavour=longlunch'
/eos/home-m/mmorris/Documents/TTbarResonance/backgroundEstimate/CMSSW_10_6_14/src/BstarToTW_CMSDAS2023_BackgroundEstimation/regions/2018/ttbarfits_inclusive/signalZPrime1000_10_area
 <<< Combine >>> 
>>> random number generator seed is 123456
>>> method used is AsymptoticLimits
SimNLL created with 36 channels, 0 generic constraints, 8 fast gaussian constraints, 0 fast poisson constraints, 0 fast group constraints, 
SimNLL created with 36 channels, 0 generic constraints, 8 fast gaussian constraints, 0 fast poisson constraints, 0 fast group constraints, 
SimNLL created with 36 channels, 0 generic constraints, 8 fast gaussian constraints, 0 fast poisson constraints, 0 fast group constraints, 

 -- AsymptoticLimits ( CLs ) --
Observed Limit: r < 7.7644
Expected  2.5%: r < 1.9009
Expected 16.0%: r < 2.5429
Expected 50.0%: r < 3.5781
Expected 84.0%: r < 5.3752
Expected 97.5%: r < 7.6333

Done in 3.10 min (cpu), 3.11 min (real)
combining data cards into /eos/home-m/mmorris/Documents/TTbarResonance/backgroundEstimate/CMSSW_10_6_14/src/BstarToTW_CMSDAS2023_BackgroundEstimation/regions/2018/ttbarfits_inclusive/signalZPrime1200_10_area/signalZPrime1200_10_card.txt
combineTool.py -M AsymptoticLimits -d signalZPrime1200_10_card.txt --saveWorkspace --cminDefaultMinimizerStrategy 0   -v 0 --job-mode condor --sub-opts='+JobFlavour=longlunch'
/eos/home-m/mmorris/Documents/TTbarResonance/backgroundEstimate/CMSSW_10_6_14/src/BstarToTW_CMSDAS2023_BackgroundEstimation/regions/2018/ttbarfits_inclusive/signalZPrime1200_10_area
 <<< Combine >>> 
>>> random number generator seed is 123456
>>> method used is AsymptoticLimits
SimNLL created with 36 channels, 0 generic constraints, 8 fast gaussian constraints, 0 fast poisson constraints, 0 fast group constraints, 
SimNLL created with 36 channels, 0 generic constraints, 8 fast gaussian constraints, 0 fast poisson constraints, 0 fast group constraints, 
SimNLL created with 36 channels, 0 generic constraints, 8 fast gaussian constraints, 0 fast poisson constraints, 0 fast group constraints, 

 -- AsymptoticLimits ( CLs ) --
Observed Limit: r < 2.3165
Expected  2.5%: r < 0.5337
Expected 16.0%: r < 0.7235
Expected 50.0%: r < 1.0195
Expected 84.0%: r < 1.4666
Expected 97.5%: r < 2.0345

Done in 3.30 min (cpu), 3.30 min (real)
>> combine --saveWorkspace --cminDefaultMinimizerStrategy 0 -v 0 -M AsymptoticLimits -d signalZPrime1200_10_card.txt -n .Test
combining data cards into /eos/home-m/mmorris/Documents/TTbarResonance/backgroundEstimate/CMSSW_10_6_14/src/BstarToTW_CMSDAS2023_BackgroundEstimation/regions/2018/ttbarfits_inclusive/signalZPrime1400_10_area/signalZPrime1400_10_card.txt
combineTool.py -M AsymptoticLimits -d signalZPrime1400_10_card.txt --saveWorkspace --cminDefaultMinimizerStrategy 0   -v 0 --job-mode condor --sub-opts='+JobFlavour=longlunch'
/eos/home-m/mmorris/Documents/TTbarResonance/backgroundEstimate/CMSSW_10_6_14/src/BstarToTW_CMSDAS2023_BackgroundEstimation/regions/2018/ttbarfits_inclusive/signalZPrime1400_10_area
 <<< Combine >>> 
>>> random number generator seed is 123456
>>> method used is AsymptoticLimits
SimNLL created with 36 channels, 0 generic constraints, 8 fast gaussian constraints, 0 fast poisson constraints, 0 fast group constraints, 
SimNLL created with 36 channels, 0 generic constraints, 8 fast gaussian constraints, 0 fast poisson constraints, 0 fast group constraints, 
SimNLL created with 36 channels, 0 generic constraints, 8 fast gaussian constraints, 0 fast poisson constraints, 0 fast group constraints, 

 -- AsymptoticLimits ( CLs ) --
Observed Limit: r < 0.2302
Expected  2.5%: r < 0.1334
Expected 16.0%: r < 0.1799
Expected 50.0%: r < 0.2549
Expected 84.0%: r < 0.3656
Expected 97.5%: r < 0.5080

Done in 3.78 min (cpu), 3.79 min (real)
>> combine --saveWorkspace --cminDefaultMinimizerStrategy 0 -v 0 -M AsymptoticLimits -d signalZPrime1400_10_card.txt -n .Test
combining data cards into /eos/home-m/mmorris/Documents/TTbarResonance/backgroundEstimate/CMSSW_10_6_14/src/BstarToTW_CMSDAS2023_BackgroundEstimation/regions/2018/ttbarfits_inclusive/signalZPrime1800_10_area/signalZPrime1800_10_card.txt
combineTool.py -M AsymptoticLimits -d signalZPrime1800_10_card.txt --saveWorkspace --cminDefaultMinimizerStrategy 0   -v 0 --job-mode condor --sub-opts='+JobFlavour=longlunch'
/eos/home-m/mmorris/Documents/TTbarResonance/backgroundEstimate/CMSSW_10_6_14/src/BstarToTW_CMSDAS2023_BackgroundEstimation/regions/2018/ttbarfits_inclusive/signalZPrime1800_10_area
 <<< Combine >>> 
>>> random number generator seed is 123456
>>> method used is AsymptoticLimits
SimNLL created with 36 channels, 0 generic constraints, 8 fast gaussian constraints, 0 fast poisson constraints, 0 fast group constraints, 
SimNLL created with 36 channels, 0 generic constraints, 8 fast gaussian constraints, 0 fast poisson constraints, 0 fast group constraints, 
SimNLL created with 36 channels, 0 generic constraints, 8 fast gaussian constraints, 0 fast poisson constraints, 0 fast group constraints, 

 -- AsymptoticLimits ( CLs ) --
Observed Limit: r < 0.0223
Expected  2.5%: r < 0.0267
Expected 16.0%: r < 0.0359
Expected 50.0%: r < 0.0503
Expected 84.0%: r < 0.0715
Expected 97.5%: r < 0.0979

Done in 4.72 min (cpu), 4.73 min (real)
combining data cards into /eos/home-m/mmorris/Documents/TTbarResonance/backgroundEstimate/CMSSW_10_6_14/src/BstarToTW_CMSDAS2023_BackgroundEstimation/regions/2018/ttbarfits_inclusive/signalZPrime2000_10_area/signalZPrime2000_10_card.txt
combineTool.py -M AsymptoticLimits -d signalZPrime2000_10_card.txt --saveWorkspace --cminDefaultMinimizerStrategy 0   -v 0 --job-mode condor --sub-opts='+JobFlavour=longlunch'
/eos/home-m/mmorris/Documents/TTbarResonance/backgroundEstimate/CMSSW_10_6_14/src/BstarToTW_CMSDAS2023_BackgroundEstimation/regions/2018/ttbarfits_inclusive/signalZPrime2000_10_area
 <<< Combine >>> 
>>> random number generator seed is 123456
>>> method used is AsymptoticLimits
SimNLL created with 36 channels, 0 generic constraints, 8 fast gaussian constraints, 0 fast poisson constraints, 0 fast group constraints, 
SimNLL created with 36 channels, 0 generic constraints, 8 fast gaussian constraints, 0 fast poisson constraints, 0 fast group constraints, 
SimNLL created with 36 channels, 0 generic constraints, 8 fast gaussian constraints, 0 fast poisson constraints, 0 fast group constraints, 

 -- AsymptoticLimits ( CLs ) --
Observed Limit: r < 0.0176
Expected  2.5%: r < 0.0176
Expected 16.0%: r < 0.0238
Expected 50.0%: r < 0.0327
Expected 84.0%: r < 0.0471
Expected 97.5%: r < 0.0643

Done in 4.26 min (cpu), 4.26 min (real)
>> combine --saveWorkspace --cminDefaultMinimizerStrategy 0 -v 0 -M AsymptoticLimits -d signalZPrime2000_10_card.txt -n .Test
combining data cards into /eos/home-m/mmorris/Documents/TTbarResonance/backgroundEstimate/CMSSW_10_6_14/src/BstarToTW_CMSDAS2023_BackgroundEstimation/regions/2018/ttbarfits_inclusive/signalZPrime2500_10_area/signalZPrime2500_10_card.txt
combineTool.py -M AsymptoticLimits -d signalZPrime2500_10_card.txt --saveWorkspace --cminDefaultMinimizerStrategy 0   -v 0 --job-mode condor --sub-opts='+JobFlavour=longlunch'
/eos/home-m/mmorris/Documents/TTbarResonance/backgroundEstimate/CMSSW_10_6_14/src/BstarToTW_CMSDAS2023_BackgroundEstimation/regions/2018/ttbarfits_inclusive/signalZPrime2500_10_area
 <<< Combine >>> 
>>> random number generator seed is 123456
>>> method used is AsymptoticLimits
SimNLL created with 36 channels, 0 generic constraints, 8 fast gaussian constraints, 0 fast poisson constraints, 0 fast group constraints, 
SimNLL created with 36 channels, 0 generic constraints, 8 fast gaussian constraints, 0 fast poisson constraints, 0 fast group constraints, 
SimNLL created with 36 channels, 0 generic constraints, 8 fast gaussian constraints, 0 fast poisson constraints, 0 fast group constraints, 

 -- AsymptoticLimits ( CLs ) --
Observed Limit: r < 0.0139
Expected  2.5%: r < 0.0080
Expected 16.0%: r < 0.0103
Expected 50.0%: r < 0.0151
Expected 84.0%: r < 0.0214
Expected 97.5%: r < 0.0295

Done in 4.42 min (cpu), 4.43 min (real)
>> combine --saveWorkspace --cminDefaultMinimizerStrategy 0 -v 0 -M AsymptoticLimits -d signalZPrime2500_10_card.txt -n .Test
combining data cards into /eos/home-m/mmorris/Documents/TTbarResonance/backgroundEstimate/CMSSW_10_6_14/src/BstarToTW_CMSDAS2023_BackgroundEstimation/regions/2018/ttbarfits_inclusive/signalZPrime3000_10_area/signalZPrime3000_10_card.txt
combineTool.py -M AsymptoticLimits -d signalZPrime3000_10_card.txt --saveWorkspace --cminDefaultMinimizerStrategy 0   -v 0 --job-mode condor --sub-opts='+JobFlavour=longlunch'
/eos/home-m/mmorris/Documents/TTbarResonance/backgroundEstimate/CMSSW_10_6_14/src/BstarToTW_CMSDAS2023_BackgroundEstimation/regions/2018/ttbarfits_inclusive/signalZPrime3000_10_area
 <<< Combine >>> 
>>> random number generator seed is 123456
>>> method used is AsymptoticLimits
SimNLL created with 36 channels, 0 generic constraints, 8 fast gaussian constraints, 0 fast poisson constraints, 0 fast group constraints, 
SimNLL created with 36 channels, 0 generic constraints, 8 fast gaussian constraints, 0 fast poisson constraints, 0 fast group constraints, 
SimNLL created with 36 channels, 0 generic constraints, 8 fast gaussian constraints, 0 fast poisson constraints, 0 fast group constraints, 

 -- AsymptoticLimits ( CLs ) --
Observed Limit: r < 0.0003
Expected  2.5%: r < 0.0054
Expected 16.0%: r < 0.0069
Expected 50.0%: r < 0.0103
Expected 84.0%: r < 0.0142
Expected 97.5%: r < 0.0198

Done in 5.98 min (cpu), 5.98 min (real)
>> combine --saveWorkspace --cminDefaultMinimizerStrategy 0 -v 0 -M AsymptoticLimits -d signalZPrime3000_10_card.txt -n .Test
combining data cards into /eos/home-m/mmorris/Documents/TTbarResonance/backgroundEstimate/CMSSW_10_6_14/src/BstarToTW_CMSDAS2023_BackgroundEstimation/regions/2018/ttbarfits_inclusive/signalZPrime3500_10_area/signalZPrime3500_10_card.txt
combineTool.py -M AsymptoticLimits -d signalZPrime3500_10_card.txt --saveWorkspace --cminDefaultMinimizerStrategy 0   -v 0 --job-mode condor --sub-opts='+JobFlavour=longlunch'
/eos/home-m/mmorris/Documents/TTbarResonance/backgroundEstimate/CMSSW_10_6_14/src/BstarToTW_CMSDAS2023_BackgroundEstimation/regions/2018/ttbarfits_inclusive/signalZPrime3500_10_area
 <<< Combine >>> 
>>> random number generator seed is 123456
>>> method used is AsymptoticLimits
SimNLL created with 36 channels, 0 generic constraints, 8 fast gaussian constraints, 0 fast poisson constraints, 0 fast group constraints, 
SimNLL created with 36 channels, 0 generic constraints, 8 fast gaussian constraints, 0 fast poisson constraints, 0 fast group constraints, 
SimNLL created with 36 channels, 0 generic constraints, 8 fast gaussian constraints, 0 fast poisson constraints, 0 fast group constraints, 

 -- AsymptoticLimits ( CLs ) --
Observed Limit: r < 0.0059
Expected  2.5%: r < 0.0041
Expected 16.0%: r < 0.0053
Expected 50.0%: r < 0.0073
Expected 84.0%: r < 0.0115
Expected 97.5%: r < 0.0159

Done in 4.38 min (cpu), 4.38 min (real)
>> combine --saveWorkspace --cminDefaultMinimizerStrategy 0 -v 0 -M AsymptoticLimits -d signalZPrime3500_10_card.txt -n .Test
combining data cards into /eos/home-m/mmorris/Documents/TTbarResonance/backgroundEstimate/CMSSW_10_6_14/src/BstarToTW_CMSDAS2023_BackgroundEstimation/regions/2018/ttbarfits_inclusive/signalZPrime4000_10_area/signalZPrime4000_10_card.txt
combineTool.py -M AsymptoticLimits -d signalZPrime4000_10_card.txt --saveWorkspace --cminDefaultMinimizerStrategy 0   -v 0 --job-mode condor --sub-opts='+JobFlavour=longlunch'
/eos/home-m/mmorris/Documents/TTbarResonance/backgroundEstimate/CMSSW_10_6_14/src/BstarToTW_CMSDAS2023_BackgroundEstimation/regions/2018/ttbarfits_inclusive/signalZPrime4000_10_area
 <<< Combine >>> 
>>> random number generator seed is 123456
>>> method used is AsymptoticLimits
SimNLL created with 36 channels, 0 generic constraints, 8 fast gaussian constraints, 0 fast poisson constraints, 0 fast group constraints, 
SimNLL created with 36 channels, 0 generic constraints, 8 fast gaussian constraints, 0 fast poisson constraints, 0 fast group constraints, 
SimNLL created with 36 channels, 0 generic constraints, 8 fast gaussian constraints, 0 fast poisson constraints, 0 fast group constraints, 

 -- AsymptoticLimits ( CLs ) --
Observed Limit: r < 0.0058
Expected  2.5%: r < 0.0032
Expected 16.0%: r < 0.0045
Expected 50.0%: r < 0.0073
Expected 84.0%: r < 0.0106
Expected 97.5%: r < 0.0153

Done in 4.28 min (cpu), 4.28 min (real)
>> combine --saveWorkspace --cminDefaultMinimizerStrategy 0 -v 0 -M AsymptoticLimits -d signalZPrime4000_10_card.txt -n .Test
combining data cards into /eos/home-m/mmorris/Documents/TTbarResonance/backgroundEstimate/CMSSW_10_6_14/src/BstarToTW_CMSDAS2023_BackgroundEstimation/regions/2018/ttbarfits_inclusive/signalZPrime4500_10_area/signalZPrime4500_10_card.txt
combineTool.py -M AsymptoticLimits -d signalZPrime4500_10_card.txt --saveWorkspace --cminDefaultMinimizerStrategy 0   -v 0 --job-mode condor --sub-opts='+JobFlavour=longlunch'
/eos/home-m/mmorris/Documents/TTbarResonance/backgroundEstimate/CMSSW_10_6_14/src/BstarToTW_CMSDAS2023_BackgroundEstimation/regions/2018/ttbarfits_inclusive/signalZPrime4500_10_area
 <<< Combine >>> 
>>> random number generator seed is 123456
>>> method used is AsymptoticLimits
SimNLL created with 36 channels, 0 generic constraints, 8 fast gaussian constraints, 0 fast poisson constraints, 0 fast group constraints, 
SimNLL created with 36 channels, 0 generic constraints, 8 fast gaussian constraints, 0 fast poisson constraints, 0 fast group constraints, 
SimNLL created with 36 channels, 0 generic constraints, 8 fast gaussian constraints, 0 fast poisson constraints, 0 fast group constraints, 

 -- AsymptoticLimits ( CLs ) --
Observed Limit: r < 0.0061
Expected  2.5%: r < 0.0039
Expected 16.0%: r < 0.0053
Expected 50.0%: r < 0.0083
Expected 84.0%: r < 0.0117
Expected 97.5%: r < 0.0172

Done in 4.25 min (cpu), 4.25 min (real)
>> combine --saveWorkspace --cminDefaultMinimizerStrategy 0 -v 0 -M AsymptoticLimits -d signalZPrime4500_10_card.txt -n .Test
combining data cards into /eos/home-m/mmorris/Documents/TTbarResonance/backgroundEstimate/CMSSW_10_6_14/src/BstarToTW_CMSDAS2023_BackgroundEstimation/regions/2018/ttbarfits_inclusive/signalZPrime5000_10_area/signalZPrime5000_10_card.txt
combineTool.py -M AsymptoticLimits -d signalZPrime5000_10_card.txt --saveWorkspace --cminDefaultMinimizerStrategy 0   -v 0 --job-mode condor --sub-opts='+JobFlavour=longlunch'
/eos/home-m/mmorris/Documents/TTbarResonance/backgroundEstimate/CMSSW_10_6_14/src/BstarToTW_CMSDAS2023_BackgroundEstimation/regions/2018/ttbarfits_inclusive/signalZPrime5000_10_area
 <<< Combine >>> 
>>> random number generator seed is 123456
>>> method used is AsymptoticLimits
SimNLL created with 36 channels, 0 generic constraints, 8 fast gaussian constraints, 0 fast poisson constraints, 0 fast group constraints, 
SimNLL created with 36 channels, 0 generic constraints, 8 fast gaussian constraints, 0 fast poisson constraints, 0 fast group constraints, 
SimNLL created with 36 channels, 0 generic constraints, 8 fast gaussian constraints, 0 fast poisson constraints, 0 fast group constraints, 

 -- AsymptoticLimits ( CLs ) --
Observed Limit: r < 0.0080
Expected  2.5%: r < 0.0053
Expected 16.0%: r < 0.0079
Expected 50.0%: r < 0.0112
Expected 84.0%: r < 0.0173
Expected 97.5%: r < 0.0244

Done in 4.41 min (cpu), 4.41 min (real)
>> combine --saveWorkspace --cminDefaultMinimizerStrategy 0 -v 0 -M AsymptoticLimits -d signalZPrime5000_10_card.txt -n .Test
combining data cards into /eos/home-m/mmorris/Documents/TTbarResonance/backgroundEstimate/CMSSW_10_6_14/src/BstarToTW_CMSDAS2023_BackgroundEstimation/regions/2018/ttbarfits_inclusive/signalZPrime6000_10_area/signalZPrime6000_10_card.txt
combineTool.py -M AsymptoticLimits -d signalZPrime6000_10_card.txt --saveWorkspace --cminDefaultMinimizerStrategy 0   -v 0 --job-mode condor --sub-opts='+JobFlavour=longlunch'
/eos/home-m/mmorris/Documents/TTbarResonance/backgroundEstimate/CMSSW_10_6_14/src/BstarToTW_CMSDAS2023_BackgroundEstimation/regions/2018/ttbarfits_inclusive/signalZPrime6000_10_area
 <<< Combine >>> 
>>> random number generator seed is 123456
>>> method used is AsymptoticLimits
SimNLL created with 36 channels, 0 generic constraints, 8 fast gaussian constraints, 0 fast poisson constraints, 0 fast group constraints, 
SimNLL created with 36 channels, 0 generic constraints, 8 fast gaussian constraints, 0 fast poisson constraints, 0 fast group constraints, 
SimNLL created with 36 channels, 0 generic constraints, 8 fast gaussian constraints, 0 fast poisson constraints, 0 fast group constraints, 

 -- AsymptoticLimits ( CLs ) --
Observed Limit: r < 0.0303
Expected  2.5%: r < 0.0130
Expected 16.0%: r < 0.0178
Expected 50.0%: r < 0.0269
Expected 84.0%: r < 0.0401
Expected 97.5%: r < 0.0567

Done in 4.30 min (cpu), 4.30 min (real)
combining data cards into /eos/home-m/mmorris/Documents/TTbarResonance/backgroundEstimate/CMSSW_10_6_14/src/BstarToTW_CMSDAS2023_BackgroundEstimation/regions/2018/ttbarfits_inclusive/signalZPrime7000_10_area/signalZPrime7000_10_card.txt
combineTool.py -M AsymptoticLimits -d signalZPrime7000_10_card.txt --saveWorkspace --cminDefaultMinimizerStrategy 0   -v 0 --job-mode condor --sub-opts='+JobFlavour=longlunch'
/eos/home-m/mmorris/Documents/TTbarResonance/backgroundEstimate/CMSSW_10_6_14/src/BstarToTW_CMSDAS2023_BackgroundEstimation/regions/2018/ttbarfits_inclusive/signalZPrime7000_10_area
 <<< Combine >>> 
>>> random number generator seed is 123456
>>> method used is AsymptoticLimits
SimNLL created with 36 channels, 0 generic constraints, 8 fast gaussian constraints, 0 fast poisson constraints, 0 fast group constraints, 
SimNLL created with 36 channels, 0 generic constraints, 8 fast gaussian constraints, 0 fast poisson constraints, 0 fast group constraints, 
SimNLL created with 36 channels, 0 generic constraints, 8 fast gaussian constraints, 0 fast poisson constraints, 0 fast group constraints, 

 -- AsymptoticLimits ( CLs ) --
Observed Limit: r < 0.0003
Expected  2.5%: r < 0.0190
Expected 16.0%: r < 0.0260
Expected 50.0%: r < 0.0386
Expected 84.0%: r < 0.0561
Expected 97.5%: r < 0.0791

Done in 4.25 min (cpu), 4.26 min (real)
>> combine --saveWorkspace --cminDefaultMinimizerStrategy 0 -v 0 -M AsymptoticLimits -d signalZPrime7000_10_card.txt -n .Test
