nohup: ignoring input
combining data cards into /eos/home-m/mmorris/Documents/TTbarResonance/backgroundEstimate/CMSSW_10_6_14/src/BstarToTW_CMSDAS2023_BackgroundEstimation/regions/2018/ttbarfits_inclusive/signalZPrime1000_30_area/signalZPrime1000_30_card.txt
combineTool.py -M AsymptoticLimits -d signalZPrime1000_30_card.txt --saveWorkspace --cminDefaultMinimizerStrategy 0   -v 0 --job-mode condor --sub-opts='+JobFlavour=longlunch'
/eos/home-m/mmorris/Documents/TTbarResonance/backgroundEstimate/CMSSW_10_6_14/src/BstarToTW_CMSDAS2023_BackgroundEstimation/regions/2018/ttbarfits_inclusive/signalZPrime1000_30_area
 <<< Combine >>> 
>>> random number generator seed is 123456
>>> method used is AsymptoticLimits
SimNLL created with 36 channels, 0 generic constraints, 8 fast gaussian constraints, 0 fast poisson constraints, 0 fast group constraints, 
SimNLL created with 36 channels, 0 generic constraints, 8 fast gaussian constraints, 0 fast poisson constraints, 0 fast group constraints, 
SimNLL created with 36 channels, 0 generic constraints, 8 fast gaussian constraints, 0 fast poisson constraints, 0 fast group constraints, 

 -- AsymptoticLimits ( CLs ) --
Observed Limit: r < 2.0125
Expected  2.5%: r < 1.3597
Expected 16.0%: r < 1.8411
Expected 50.0%: r < 2.6172
Expected 84.0%: r < 3.7752
Expected 97.5%: r < 5.2622

Done in 3.66 min (cpu), 3.68 min (real)
>> combine --saveWorkspace --cminDefaultMinimizerStrategy 0 -v 0 -M AsymptoticLimits -d signalZPrime1000_30_card.txt -n .Test
combining data cards into /eos/home-m/mmorris/Documents/TTbarResonance/backgroundEstimate/CMSSW_10_6_14/src/BstarToTW_CMSDAS2023_BackgroundEstimation/regions/2018/ttbarfits_inclusive/signalZPrime1200_30_area/signalZPrime1200_30_card.txt
combineTool.py -M AsymptoticLimits -d signalZPrime1200_30_card.txt --saveWorkspace --cminDefaultMinimizerStrategy 0   -v 0 --job-mode condor --sub-opts='+JobFlavour=longlunch'
/eos/home-m/mmorris/Documents/TTbarResonance/backgroundEstimate/CMSSW_10_6_14/src/BstarToTW_CMSDAS2023_BackgroundEstimation/regions/2018/ttbarfits_inclusive/signalZPrime1200_30_area
 <<< Combine >>> 
>>> random number generator seed is 123456
>>> method used is AsymptoticLimits
SimNLL created with 36 channels, 0 generic constraints, 8 fast gaussian constraints, 0 fast poisson constraints, 0 fast group constraints, 
SimNLL created with 36 channels, 0 generic constraints, 8 fast gaussian constraints, 0 fast poisson constraints, 0 fast group constraints, 
SimNLL created with 36 channels, 0 generic constraints, 8 fast gaussian constraints, 0 fast poisson constraints, 0 fast group constraints, 

 -- AsymptoticLimits ( CLs ) --
Observed Limit: r < 1.1589
Expected  2.5%: r < 0.5562
Expected 16.0%: r < 0.7440
Expected 50.0%: r < 1.0469
Expected 84.0%: r < 1.4934
Expected 97.5%: r < 2.0545

Done in 3.30 min (cpu), 3.32 min (real)
>> combine --saveWorkspace --cminDefaultMinimizerStrategy 0 -v 0 -M AsymptoticLimits -d signalZPrime1200_30_card.txt -n .Test
combining data cards into /eos/home-m/mmorris/Documents/TTbarResonance/backgroundEstimate/CMSSW_10_6_14/src/BstarToTW_CMSDAS2023_BackgroundEstimation/regions/2018/ttbarfits_inclusive/signalZPrime1400_30_area/signalZPrime1400_30_card.txt
combineTool.py -M AsymptoticLimits -d signalZPrime1400_30_card.txt --saveWorkspace --cminDefaultMinimizerStrategy 0   -v 0 --job-mode condor --sub-opts='+JobFlavour=longlunch'
/eos/home-m/mmorris/Documents/TTbarResonance/backgroundEstimate/CMSSW_10_6_14/src/BstarToTW_CMSDAS2023_BackgroundEstimation/regions/2018/ttbarfits_inclusive/signalZPrime1400_30_area
 <<< Combine >>> 
>>> random number generator seed is 123456
>>> method used is AsymptoticLimits
SimNLL created with 36 channels, 0 generic constraints, 8 fast gaussian constraints, 0 fast poisson constraints, 0 fast group constraints, 
SimNLL created with 36 channels, 0 generic constraints, 8 fast gaussian constraints, 0 fast poisson constraints, 0 fast group constraints, 
SimNLL created with 36 channels, 0 generic constraints, 8 fast gaussian constraints, 0 fast poisson constraints, 0 fast group constraints, 

 -- AsymptoticLimits ( CLs ) --
Observed Limit: r < 0.1579
Expected  2.5%: r < 0.1772
Expected 16.0%: r < 0.2379
Expected 50.0%: r < 0.3359
Expected 84.0%: r < 0.4819
Expected 97.5%: r < 0.6674

Done in 3.96 min (cpu), 3.98 min (real)
>> combine --saveWorkspace --cminDefaultMinimizerStrategy 0 -v 0 -M AsymptoticLimits -d signalZPrime1400_30_card.txt -n .Test
combining data cards into /eos/home-m/mmorris/Documents/TTbarResonance/backgroundEstimate/CMSSW_10_6_14/src/BstarToTW_CMSDAS2023_BackgroundEstimation/regions/2018/ttbarfits_inclusive/signalZPrime1800_30_area/signalZPrime1800_30_card.txt
combineTool.py -M AsymptoticLimits -d signalZPrime1800_30_card.txt --saveWorkspace --cminDefaultMinimizerStrategy 0   -v 0 --job-mode condor --sub-opts='+JobFlavour=longlunch'
/eos/home-m/mmorris/Documents/TTbarResonance/backgroundEstimate/CMSSW_10_6_14/src/BstarToTW_CMSDAS2023_BackgroundEstimation/regions/2018/ttbarfits_inclusive/signalZPrime1800_30_area
 <<< Combine >>> 
>>> random number generator seed is 123456
>>> method used is AsymptoticLimits
SimNLL created with 36 channels, 0 generic constraints, 8 fast gaussian constraints, 0 fast poisson constraints, 0 fast group constraints, 
SimNLL created with 36 channels, 0 generic constraints, 8 fast gaussian constraints, 0 fast poisson constraints, 0 fast group constraints, 
SimNLL created with 36 channels, 0 generic constraints, 8 fast gaussian constraints, 0 fast poisson constraints, 0 fast group constraints, 

 -- AsymptoticLimits ( CLs ) --
Observed Limit: r < 0.0385
Expected  2.5%: r < 0.0487
Expected 16.0%: r < 0.0657
Expected 50.0%: r < 0.0923
Expected 84.0%: r < 0.1316
Expected 97.5%: r < 0.1811

Done in 4.65 min (cpu), 4.67 min (real)
>> combine --saveWorkspace --cminDefaultMinimizerStrategy 0 -v 0 -M AsymptoticLimits -d signalZPrime1800_30_card.txt -n .Test
combining data cards into /eos/home-m/mmorris/Documents/TTbarResonance/backgroundEstimate/CMSSW_10_6_14/src/BstarToTW_CMSDAS2023_BackgroundEstimation/regions/2018/ttbarfits_inclusive/signalZPrime2000_30_area/signalZPrime2000_30_card.txt
combineTool.py -M AsymptoticLimits -d signalZPrime2000_30_card.txt --saveWorkspace --cminDefaultMinimizerStrategy 0   -v 0 --job-mode condor --sub-opts='+JobFlavour=longlunch'
/eos/home-m/mmorris/Documents/TTbarResonance/backgroundEstimate/CMSSW_10_6_14/src/BstarToTW_CMSDAS2023_BackgroundEstimation/regions/2018/ttbarfits_inclusive/signalZPrime2000_30_area
 <<< Combine >>> 
>>> random number generator seed is 123456
>>> method used is AsymptoticLimits
SimNLL created with 36 channels, 0 generic constraints, 8 fast gaussian constraints, 0 fast poisson constraints, 0 fast group constraints, 
SimNLL created with 36 channels, 0 generic constraints, 8 fast gaussian constraints, 0 fast poisson constraints, 0 fast group constraints, 
SimNLL created with 36 channels, 0 generic constraints, 8 fast gaussian constraints, 0 fast poisson constraints, 0 fast group constraints, 

 -- AsymptoticLimits ( CLs ) --
Observed Limit: r < 0.0306
Expected  2.5%: r < 0.0311
Expected 16.0%: r < 0.0419
Expected 50.0%: r < 0.0586
Expected 84.0%: r < 0.0834
Expected 97.5%: r < 0.1141

Done in 4.43 min (cpu), 4.45 min (real)
>> combine --saveWorkspace --cminDefaultMinimizerStrategy 0 -v 0 -M AsymptoticLimits -d signalZPrime2000_30_card.txt -n .Test
combining data cards into /eos/home-m/mmorris/Documents/TTbarResonance/backgroundEstimate/CMSSW_10_6_14/src/BstarToTW_CMSDAS2023_BackgroundEstimation/regions/2018/ttbarfits_inclusive/signalZPrime2500_30_area/signalZPrime2500_30_card.txt
combineTool.py -M AsymptoticLimits -d signalZPrime2500_30_card.txt --saveWorkspace --cminDefaultMinimizerStrategy 0   -v 0 --job-mode condor --sub-opts='+JobFlavour=longlunch'
/eos/home-m/mmorris/Documents/TTbarResonance/backgroundEstimate/CMSSW_10_6_14/src/BstarToTW_CMSDAS2023_BackgroundEstimation/regions/2018/ttbarfits_inclusive/signalZPrime2500_30_area
 <<< Combine >>> 
>>> random number generator seed is 123456
>>> method used is AsymptoticLimits
SimNLL created with 36 channels, 0 generic constraints, 8 fast gaussian constraints, 0 fast poisson constraints, 0 fast group constraints, 
SimNLL created with 36 channels, 0 generic constraints, 8 fast gaussian constraints, 0 fast poisson constraints, 0 fast group constraints, 
SimNLL created with 36 channels, 0 generic constraints, 8 fast gaussian constraints, 0 fast poisson constraints, 0 fast group constraints, 

 -- AsymptoticLimits ( CLs ) --
Observed Limit: r < 0.0199
Expected  2.5%: r < 0.0149
Expected 16.0%: r < 0.0205
Expected 50.0%: r < 0.0288
Expected 84.0%: r < 0.0408
Expected 97.5%: r < 0.0558

Done in 4.56 min (cpu), 4.58 min (real)
>> combine --saveWorkspace --cminDefaultMinimizerStrategy 0 -v 0 -M AsymptoticLimits -d signalZPrime2500_30_card.txt -n .Test
combining data cards into /eos/home-m/mmorris/Documents/TTbarResonance/backgroundEstimate/CMSSW_10_6_14/src/BstarToTW_CMSDAS2023_BackgroundEstimation/regions/2018/ttbarfits_inclusive/signalZPrime3000_30_area/signalZPrime3000_30_card.txt
combineTool.py -M AsymptoticLimits -d signalZPrime3000_30_card.txt --saveWorkspace --cminDefaultMinimizerStrategy 0   -v 0 --job-mode condor --sub-opts='+JobFlavour=longlunch'
/eos/home-m/mmorris/Documents/TTbarResonance/backgroundEstimate/CMSSW_10_6_14/src/BstarToTW_CMSDAS2023_BackgroundEstimation/regions/2018/ttbarfits_inclusive/signalZPrime3000_30_area
 <<< Combine >>> 
>>> random number generator seed is 123456
>>> method used is AsymptoticLimits
SimNLL created with 36 channels, 0 generic constraints, 8 fast gaussian constraints, 0 fast poisson constraints, 0 fast group constraints, 
SimNLL created with 36 channels, 0 generic constraints, 8 fast gaussian constraints, 0 fast poisson constraints, 0 fast group constraints, 
SimNLL created with 36 channels, 0 generic constraints, 8 fast gaussian constraints, 0 fast poisson constraints, 0 fast group constraints, 

 -- AsymptoticLimits ( CLs ) --
Observed Limit: r < 0.0123
Expected  2.5%: r < 0.0103
Expected 16.0%: r < 0.0143
Expected 50.0%: r < 0.0200
Expected 84.0%: r < 0.0293
Expected 97.5%: r < 0.0401

Done in 4.39 min (cpu), 4.41 min (real)
>> combine --saveWorkspace --cminDefaultMinimizerStrategy 0 -v 0 -M AsymptoticLimits -d signalZPrime3000_30_card.txt -n .Test
combining data cards into /eos/home-m/mmorris/Documents/TTbarResonance/backgroundEstimate/CMSSW_10_6_14/src/BstarToTW_CMSDAS2023_BackgroundEstimation/regions/2018/ttbarfits_inclusive/signalZPrime3500_30_area/signalZPrime3500_30_card.txt
combineTool.py -M AsymptoticLimits -d signalZPrime3500_30_card.txt --saveWorkspace --cminDefaultMinimizerStrategy 0   -v 0 --job-mode condor --sub-opts='+JobFlavour=longlunch'
/eos/home-m/mmorris/Documents/TTbarResonance/backgroundEstimate/CMSSW_10_6_14/src/BstarToTW_CMSDAS2023_BackgroundEstimation/regions/2018/ttbarfits_inclusive/signalZPrime3500_30_area
 <<< Combine >>> 
>>> random number generator seed is 123456
>>> method used is AsymptoticLimits
SimNLL created with 36 channels, 0 generic constraints, 8 fast gaussian constraints, 0 fast poisson constraints, 0 fast group constraints, 
SimNLL created with 36 channels, 0 generic constraints, 8 fast gaussian constraints, 0 fast poisson constraints, 0 fast group constraints, 
SimNLL created with 36 channels, 0 generic constraints, 8 fast gaussian constraints, 0 fast poisson constraints, 0 fast group constraints, 

 -- AsymptoticLimits ( CLs ) --
Observed Limit: r < 0.0116
Expected  2.5%: r < 0.0085
Expected 16.0%: r < 0.0115
Expected 50.0%: r < 0.0171
Expected 84.0%: r < 0.0244
Expected 97.5%: r < 0.0343

Done in 4.21 min (cpu), 4.23 min (real)
>> combine --saveWorkspace --cminDefaultMinimizerStrategy 0 -v 0 -M AsymptoticLimits -d signalZPrime3500_30_card.txt -n .Test
combining data cards into /eos/home-m/mmorris/Documents/TTbarResonance/backgroundEstimate/CMSSW_10_6_14/src/BstarToTW_CMSDAS2023_BackgroundEstimation/regions/2018/ttbarfits_inclusive/signalZPrime4000_30_area/signalZPrime4000_30_card.txt
combineTool.py -M AsymptoticLimits -d signalZPrime4000_30_card.txt --saveWorkspace --cminDefaultMinimizerStrategy 0   -v 0 --job-mode condor --sub-opts='+JobFlavour=longlunch'
/eos/home-m/mmorris/Documents/TTbarResonance/backgroundEstimate/CMSSW_10_6_14/src/BstarToTW_CMSDAS2023_BackgroundEstimation/regions/2018/ttbarfits_inclusive/signalZPrime4000_30_area
 <<< Combine >>> 
>>> random number generator seed is 123456
>>> method used is AsymptoticLimits
SimNLL created with 36 channels, 0 generic constraints, 8 fast gaussian constraints, 0 fast poisson constraints, 0 fast group constraints, 
SimNLL created with 36 channels, 0 generic constraints, 8 fast gaussian constraints, 0 fast poisson constraints, 0 fast group constraints, 
SimNLL created with 36 channels, 0 generic constraints, 8 fast gaussian constraints, 0 fast poisson constraints, 0 fast group constraints, 

 -- AsymptoticLimits ( CLs ) --
Observed Limit: r < 0.0116
Expected  2.5%: r < 0.0080
Expected 16.0%: r < 0.0115
Expected 50.0%: r < 0.0166
Expected 84.0%: r < 0.0243
Expected 97.5%: r < 0.0345

Done in 4.47 min (cpu), 4.50 min (real)
combining data cards into /eos/home-m/mmorris/Documents/TTbarResonance/backgroundEstimate/CMSSW_10_6_14/src/BstarToTW_CMSDAS2023_BackgroundEstimation/regions/2018/ttbarfits_inclusive/signalZPrime4500_30_area/signalZPrime4500_30_card.txt
combineTool.py -M AsymptoticLimits -d signalZPrime4500_30_card.txt --saveWorkspace --cminDefaultMinimizerStrategy 0   -v 0 --job-mode condor --sub-opts='+JobFlavour=longlunch'
/eos/home-m/mmorris/Documents/TTbarResonance/backgroundEstimate/CMSSW_10_6_14/src/BstarToTW_CMSDAS2023_BackgroundEstimation/regions/2018/ttbarfits_inclusive/signalZPrime4500_30_area
 <<< Combine >>> 
>>> random number generator seed is 123456
>>> method used is AsymptoticLimits
SimNLL created with 36 channels, 0 generic constraints, 8 fast gaussian constraints, 0 fast poisson constraints, 0 fast group constraints, 
SimNLL created with 36 channels, 0 generic constraints, 8 fast gaussian constraints, 0 fast poisson constraints, 0 fast group constraints, 
SimNLL created with 36 channels, 0 generic constraints, 8 fast gaussian constraints, 0 fast poisson constraints, 0 fast group constraints, 

 -- AsymptoticLimits ( CLs ) --
Observed Limit: r < 0.0063
Expected  2.5%: r < 0.0088
Expected 16.0%: r < 0.0125
Expected 50.0%: r < 0.0181
Expected 84.0%: r < 0.0270
Expected 97.5%: r < 0.0388

Done in 4.37 min (cpu), 4.39 min (real)
>> combine --saveWorkspace --cminDefaultMinimizerStrategy 0 -v 0 -M AsymptoticLimits -d signalZPrime4500_30_card.txt -n .Test
combining data cards into /eos/home-m/mmorris/Documents/TTbarResonance/backgroundEstimate/CMSSW_10_6_14/src/BstarToTW_CMSDAS2023_BackgroundEstimation/regions/2018/ttbarfits_inclusive/signalZPrime5000_30_area/signalZPrime5000_30_card.txt
combineTool.py -M AsymptoticLimits -d signalZPrime5000_30_card.txt --saveWorkspace --cminDefaultMinimizerStrategy 0   -v 0 --job-mode condor --sub-opts='+JobFlavour=longlunch'
/eos/home-m/mmorris/Documents/TTbarResonance/backgroundEstimate/CMSSW_10_6_14/src/BstarToTW_CMSDAS2023_BackgroundEstimation/regions/2018/ttbarfits_inclusive/signalZPrime5000_30_area
 <<< Combine >>> 
>>> random number generator seed is 123456
>>> method used is AsymptoticLimits
SimNLL created with 36 channels, 0 generic constraints, 8 fast gaussian constraints, 0 fast poisson constraints, 0 fast group constraints, 
SimNLL created with 36 channels, 0 generic constraints, 8 fast gaussian constraints, 0 fast poisson constraints, 0 fast group constraints, 
SimNLL created with 36 channels, 0 generic constraints, 8 fast gaussian constraints, 0 fast poisson constraints, 0 fast group constraints, 

 -- AsymptoticLimits ( CLs ) --
Observed Limit: r < 0.0147
Expected  2.5%: r < 0.0106
Expected 16.0%: r < 0.0152
Expected 50.0%: r < 0.0220
Expected 84.0%: r < 0.0328
Expected 97.5%: r < 0.0469

Done in 4.49 min (cpu), 4.51 min (real)
combining data cards into /eos/home-m/mmorris/Documents/TTbarResonance/backgroundEstimate/CMSSW_10_6_14/src/BstarToTW_CMSDAS2023_BackgroundEstimation/regions/2018/ttbarfits_inclusive/signalZPrime6000_30_area/signalZPrime6000_30_card.txt
combineTool.py -M AsymptoticLimits -d signalZPrime6000_30_card.txt --saveWorkspace --cminDefaultMinimizerStrategy 0   -v 0 --job-mode condor --sub-opts='+JobFlavour=longlunch'
/eos/home-m/mmorris/Documents/TTbarResonance/backgroundEstimate/CMSSW_10_6_14/src/BstarToTW_CMSDAS2023_BackgroundEstimation/regions/2018/ttbarfits_inclusive/signalZPrime6000_30_area
 <<< Combine >>> 
>>> random number generator seed is 123456
>>> method used is AsymptoticLimits
SimNLL created with 36 channels, 0 generic constraints, 8 fast gaussian constraints, 0 fast poisson constraints, 0 fast group constraints, 
SimNLL created with 36 channels, 0 generic constraints, 8 fast gaussian constraints, 0 fast poisson constraints, 0 fast group constraints, 
SimNLL created with 36 channels, 0 generic constraints, 8 fast gaussian constraints, 0 fast poisson constraints, 0 fast group constraints, 

 -- AsymptoticLimits ( CLs ) --
Observed Limit: r < 0.0009
Expected  2.5%: r < 0.0149
Expected 16.0%: r < 0.0213
Expected 50.0%: r < 0.0308
Expected 84.0%: r < 0.0460
Expected 97.5%: r < 0.0657

Done in 4.70 min (cpu), 4.72 min (real)
>> combine --saveWorkspace --cminDefaultMinimizerStrategy 0 -v 0 -M AsymptoticLimits -d signalZPrime6000_30_card.txt -n .Test
combining data cards into /eos/home-m/mmorris/Documents/TTbarResonance/backgroundEstimate/CMSSW_10_6_14/src/BstarToTW_CMSDAS2023_BackgroundEstimation/regions/2018/ttbarfits_inclusive/signalZPrime7000_30_area/signalZPrime7000_30_card.txt
combineTool.py -M AsymptoticLimits -d signalZPrime7000_30_card.txt --saveWorkspace --cminDefaultMinimizerStrategy 0   -v 0 --job-mode condor --sub-opts='+JobFlavour=longlunch'
/eos/home-m/mmorris/Documents/TTbarResonance/backgroundEstimate/CMSSW_10_6_14/src/BstarToTW_CMSDAS2023_BackgroundEstimation/regions/2018/ttbarfits_inclusive/signalZPrime7000_30_area
 <<< Combine >>> 
>>> random number generator seed is 123456
>>> method used is AsymptoticLimits
SimNLL created with 36 channels, 0 generic constraints, 8 fast gaussian constraints, 0 fast poisson constraints, 0 fast group constraints, 
SimNLL created with 36 channels, 0 generic constraints, 8 fast gaussian constraints, 0 fast poisson constraints, 0 fast group constraints, 
SimNLL created with 36 channels, 0 generic constraints, 8 fast gaussian constraints, 0 fast poisson constraints, 0 fast group constraints, 

 -- AsymptoticLimits ( CLs ) --
Observed Limit: r < 0.0258
Expected  2.5%: r < 0.0203
Expected 16.0%: r < 0.0282
Expected 50.0%: r < 0.0405
Expected 84.0%: r < 0.0593
Expected 97.5%: r < 0.0828

Done in 4.17 min (cpu), 4.19 min (real)
>> combine --saveWorkspace --cminDefaultMinimizerStrategy 0 -v 0 -M AsymptoticLimits -d signalZPrime7000_30_card.txt -n .Test
