000 (5101645.000.000) 07/15 17:19:04 Job submitted from host: <188.185.71.83:9618?addrs=188.185.71.83-9618+[2001-1458-d00-7--100-34d]-9618&alias=bigbird18.cern.ch&noUDP&sock=schedd_2070_6d22>
...
040 (5101645.000.000) 07/15 17:20:11 Started transferring input files
	Transferring to host: <128.142.61.67:9618?addrs=128.142.61.67-9618+[2001-1458-301-23--100-42]-9618&alias=b7s06p7999.cern.ch&noUDP&sock=slot1_5_8806_5f9f_138493>
...
040 (5101645.000.000) 07/15 17:20:11 Finished transferring input files
...
001 (5101645.000.000) 07/15 17:20:12 Job executing on host: <128.142.61.67:9618?addrs=128.142.61.67-9618+[2001-1458-301-23--100-42]-9618&alias=b7s06p7999.cern.ch&noUDP&sock=startd_6884_6e0d>
...
006 (5101645.000.000) 07/15 17:20:20 Image size of job updated: 547664
	37  -  MemoryUsage of job (MB)
	37472  -  ResidentSetSize of job (KB)
...
006 (5101645.000.000) 07/15 17:25:20 Image size of job updated: 1385080
	363  -  MemoryUsage of job (MB)
	370728  -  ResidentSetSize of job (KB)
...
006 (5101645.000.000) 07/15 17:30:21 Image size of job updated: 1385080
	535  -  MemoryUsage of job (MB)
	547480  -  ResidentSetSize of job (KB)
...
040 (5101645.000.000) 07/15 17:33:16 Started transferring output files
...
040 (5101645.000.000) 07/15 17:33:16 Finished transferring output files
...
005 (5101645.000.000) 07/15 17:33:16 Job terminated.
	(1) Normal termination (return value 0)
		Usr 0 00:12:29, Sys 0 00:00:06  -  Run Remote Usage
		Usr 0 00:00:00, Sys 0 00:00:00  -  Run Local Usage
		Usr 0 00:12:29, Sys 0 00:00:06  -  Total Remote Usage
		Usr 0 00:00:00, Sys 0 00:00:00  -  Total Local Usage
	756  -  Run Bytes Sent By Job
	535  -  Run Bytes Received By Job
	756  -  Total Bytes Sent By Job
	535  -  Total Bytes Received By Job
	Partitionable Resources :    Usage  Request Allocated 
	   Cpus                 :     1.00        1         1 
	   Disk (KB)            :    25           1   1283527 
	   Memory (MB)          :   535        2000      2000 

	Job terminated of its own accord at 2023-07-15T15:33:16Z.
...
