000 (5101659.000.000) 07/15 18:00:00 Job submitted from host: <188.185.71.83:9618?addrs=188.185.71.83-9618+[2001-1458-d00-7--100-34d]-9618&alias=bigbird18.cern.ch&noUDP&sock=schedd_2070_6d22>
...
040 (5101659.000.000) 07/15 18:01:52 Started transferring input files
	Transferring to host: <128.142.192.177:9618?addrs=128.142.192.177-9618+[2001-1458-301-56--100-2d]-9618&alias=b7g18p0533.cern.ch&noUDP&sock=slot1_19_4824_b1bd_51765>
...
040 (5101659.000.000) 07/15 18:01:52 Finished transferring input files
...
001 (5101659.000.000) 07/15 18:01:53 Job executing on host: <128.142.192.177:9618?addrs=128.142.192.177-9618+[2001-1458-301-56--100-2d]-9618&alias=b7g18p0533.cern.ch&noUDP&sock=startd_3366_5fdf>
...
006 (5101659.000.000) 07/15 18:02:02 Image size of job updated: 419328
	108  -  MemoryUsage of job (MB)
	109672  -  ResidentSetSize of job (KB)
...
006 (5101659.000.000) 07/15 18:07:03 Image size of job updated: 1393480
	346  -  MemoryUsage of job (MB)
	353928  -  ResidentSetSize of job (KB)
...
006 (5101659.000.000) 07/15 18:12:03 Image size of job updated: 1393480
	387  -  MemoryUsage of job (MB)
	395796  -  ResidentSetSize of job (KB)
...
006 (5101659.000.000) 07/15 18:17:03 Image size of job updated: 1393480
	429  -  MemoryUsage of job (MB)
	439040  -  ResidentSetSize of job (KB)
...
006 (5101659.000.000) 07/15 18:22:05 Image size of job updated: 1393480
	527  -  MemoryUsage of job (MB)
	538756  -  ResidentSetSize of job (KB)
...
040 (5101659.000.000) 07/15 18:22:05 Started transferring output files
...
040 (5101659.000.000) 07/15 18:22:05 Finished transferring output files
...
009 (5101659.000.000) 07/15 18:22:05 Job was aborted.
	Job removed by SYSTEM_PERIODIC_REMOVE due to wall time exceeded allowed max.
...
