000 (5101633.000.000) 07/15 17:18:13 Job submitted from host: <188.185.71.83:9618?addrs=188.185.71.83-9618+[2001-1458-d00-7--100-34d]-9618&alias=bigbird18.cern.ch&noUDP&sock=schedd_2070_6d22>
...
040 (5101633.000.000) 07/15 17:20:07 Started transferring input files
	Transferring to host: <188.184.163.31:9618?addrs=188.184.163.31-9618+[2001-1458-301-4d--100-19]-9618&alias=b7s12p2549.cern.ch&noUDP&sock=slot1_40_193363_79d0_32376>
...
040 (5101633.000.000) 07/15 17:20:07 Finished transferring input files
...
001 (5101633.000.000) 07/15 17:20:08 Job executing on host: <188.184.163.31:9618?addrs=188.184.163.31-9618+[2001-1458-301-4d--100-19]-9618&alias=b7s12p2549.cern.ch&noUDP&sock=startd_192329_4675>
...
006 (5101633.000.000) 07/15 17:20:17 Image size of job updated: 431788
	10  -  MemoryUsage of job (MB)
	9392  -  ResidentSetSize of job (KB)
...
006 (5101633.000.000) 07/15 17:25:18 Image size of job updated: 1361448
	322  -  MemoryUsage of job (MB)
	329108  -  ResidentSetSize of job (KB)
...
006 (5101633.000.000) 07/15 17:30:19 Image size of job updated: 1361448
	395  -  MemoryUsage of job (MB)
	403792  -  ResidentSetSize of job (KB)
...
006 (5101633.000.000) 07/15 17:35:19 Image size of job updated: 1361448
	441  -  MemoryUsage of job (MB)
	450736  -  ResidentSetSize of job (KB)
...
040 (5101633.000.000) 07/15 17:40:09 Started transferring output files
...
040 (5101633.000.000) 07/15 17:40:09 Finished transferring output files
...
009 (5101633.000.000) 07/15 17:40:09 Job was aborted.
	Job removed by SYSTEM_PERIODIC_REMOVE due to wall time exceeded allowed max.
...
