000 (5101680.000.000) 07/15 20:47:30 Job submitted from host: <188.185.71.83:9618?addrs=188.185.71.83-9618+[2001-1458-d00-7--100-34d]-9618&alias=bigbird18.cern.ch&noUDP&sock=schedd_2070_6d22>
...
040 (5101680.000.000) 07/15 20:47:54 Started transferring input files
	Transferring to host: <128.142.248.203:9618?addrs=128.142.248.203-9618+[2001-1458-301-73--100-ca]-9618&alias=b7g23p9103.cern.ch&noUDP&sock=slot1_33_9037_2249_93830>
...
040 (5101680.000.000) 07/15 20:47:54 Finished transferring input files
...
001 (5101680.000.000) 07/15 20:47:55 Job executing on host: <128.142.248.203:9618?addrs=128.142.248.203-9618+[2001-1458-301-73--100-ca]-9618&alias=b7g23p9103.cern.ch&noUDP&sock=startd_7787_d012>
...
006 (5101680.000.000) 07/15 20:48:04 Image size of job updated: 85640
	54  -  MemoryUsage of job (MB)
	54708  -  ResidentSetSize of job (KB)
...
006 (5101680.000.000) 07/15 20:53:05 Image size of job updated: 1393568
	322  -  MemoryUsage of job (MB)
	329088  -  ResidentSetSize of job (KB)
...
006 (5101680.000.000) 07/15 20:58:05 Image size of job updated: 1393568
	363  -  MemoryUsage of job (MB)
	370808  -  ResidentSetSize of job (KB)
...
006 (5101680.000.000) 07/15 21:03:05 Image size of job updated: 1393568
	432  -  MemoryUsage of job (MB)
	442068  -  ResidentSetSize of job (KB)
...
006 (5101680.000.000) 07/15 21:08:06 Image size of job updated: 1393568
	486  -  MemoryUsage of job (MB)
	496996  -  ResidentSetSize of job (KB)
...
040 (5101680.000.000) 07/15 21:08:06 Started transferring output files
...
040 (5101680.000.000) 07/15 21:08:06 Finished transferring output files
...
009 (5101680.000.000) 07/15 21:08:06 Job was aborted.
	Job removed by SYSTEM_PERIODIC_REMOVE due to wall time exceeded allowed max.
...
