000 (5101663.000.000) 07/15 18:00:28 Job submitted from host: <188.185.71.83:9618?addrs=188.185.71.83-9618+[2001-1458-d00-7--100-34d]-9618&alias=bigbird18.cern.ch&noUDP&sock=schedd_2070_6d22>
...
040 (5101663.000.000) 07/15 18:01:56 Started transferring input files
	Transferring to host: <128.142.192.144:9618?addrs=128.142.192.144-9618+[2001-1458-301-56--100-c]-9618&alias=b7g18p1641.cern.ch&noUDP&sock=slot1_29_47953_f9f7_34146>
...
040 (5101663.000.000) 07/15 18:01:56 Finished transferring input files
...
001 (5101663.000.000) 07/15 18:01:57 Job executing on host: <128.142.192.144:9618?addrs=128.142.192.144-9618+[2001-1458-301-56--100-c]-9618&alias=b7g18p1641.cern.ch&noUDP&sock=startd_47901_ae24>
...
006 (5101663.000.000) 07/15 18:02:06 Image size of job updated: 456296
	49  -  MemoryUsage of job (MB)
	49900  -  ResidentSetSize of job (KB)
...
006 (5101663.000.000) 07/15 18:07:06 Image size of job updated: 1393572
	319  -  MemoryUsage of job (MB)
	325792  -  ResidentSetSize of job (KB)
...
006 (5101663.000.000) 07/15 18:12:06 Image size of job updated: 1393572
	368  -  MemoryUsage of job (MB)
	375912  -  ResidentSetSize of job (KB)
...
006 (5101663.000.000) 07/15 18:17:07 Image size of job updated: 1393572
	401  -  MemoryUsage of job (MB)
	409796  -  ResidentSetSize of job (KB)
...
006 (5101663.000.000) 07/15 18:22:07 Image size of job updated: 1393572
	482  -  MemoryUsage of job (MB)
	492688  -  ResidentSetSize of job (KB)
...
040 (5101663.000.000) 07/15 18:22:07 Started transferring output files
...
040 (5101663.000.000) 07/15 18:22:07 Finished transferring output files
...
009 (5101663.000.000) 07/15 18:22:07 Job was aborted.
	Job removed by SYSTEM_PERIODIC_REMOVE due to wall time exceeded allowed max.
...
