000 (5101684.000.000) 07/15 20:48:52 Job submitted from host: <188.185.71.83:9618?addrs=188.185.71.83-9618+[2001-1458-d00-7--100-34d]-9618&alias=bigbird18.cern.ch&noUDP&sock=schedd_2070_6d22>
...
040 (5101684.000.000) 07/15 20:49:12 Started transferring input files
	Transferring to host: <188.184.163.96:9618?addrs=188.184.163.96-9618&alias=b7s12p7679.cern.ch&noUDP&sock=slot1_29_240714_89f6_36753>
...
040 (5101684.000.000) 07/15 20:49:12 Finished transferring input files
...
001 (5101684.000.000) 07/15 20:49:13 Job executing on host: <188.184.163.96:9618?addrs=188.184.163.96-9618&alias=b7s12p7679.cern.ch&noUDP&sock=startd_5209_84ea>
...
006 (5101684.000.000) 07/15 20:49:22 Image size of job updated: 871236
	311  -  MemoryUsage of job (MB)
	317880  -  ResidentSetSize of job (KB)
...
006 (5101684.000.000) 07/15 20:54:23 Image size of job updated: 1361480
	311  -  MemoryUsage of job (MB)
	317908  -  ResidentSetSize of job (KB)
...
006 (5101684.000.000) 07/15 20:59:23 Image size of job updated: 1361480
	368  -  MemoryUsage of job (MB)
	375916  -  ResidentSetSize of job (KB)
...
006 (5101684.000.000) 07/15 21:04:23 Image size of job updated: 1361480
	417  -  MemoryUsage of job (MB)
	426280  -  ResidentSetSize of job (KB)
...
006 (5101684.000.000) 07/15 21:09:24 Image size of job updated: 1361480
	490  -  MemoryUsage of job (MB)
	501008  -  ResidentSetSize of job (KB)
...
040 (5101684.000.000) 07/15 21:09:25 Started transferring output files
...
040 (5101684.000.000) 07/15 21:09:25 Finished transferring output files
...
009 (5101684.000.000) 07/15 21:09:25 Job was aborted.
	Job removed by SYSTEM_PERIODIC_REMOVE due to wall time exceeded allowed max.
...
