000 (5101637.000.000) 07/15 17:18:31 Job submitted from host: <188.185.71.83:9618?addrs=188.185.71.83-9618+[2001-1458-d00-7--100-34d]-9618&alias=bigbird18.cern.ch&noUDP&sock=schedd_2070_6d22>
...
040 (5101637.000.000) 07/15 17:20:08 Started transferring input files
	Transferring to host: <128.142.248.227:9618?addrs=128.142.248.227-9618+[2001-1458-301-73--100-e2]-9618&alias=b7g23p1053.cern.ch&noUDP&sock=slot1_9_291816_8554_28816>
...
040 (5101637.000.000) 07/15 17:20:08 Finished transferring input files
...
001 (5101637.000.000) 07/15 17:20:09 Job executing on host: <128.142.248.227:9618?addrs=128.142.248.227-9618+[2001-1458-301-73--100-e2]-9618&alias=b7g23p1053.cern.ch&noUDP&sock=startd_291778_0475>
...
006 (5101637.000.000) 07/15 17:20:18 Image size of job updated: 765412
	120  -  MemoryUsage of job (MB)
	122464  -  ResidentSetSize of job (KB)
...
006 (5101637.000.000) 07/15 17:25:19 Image size of job updated: 1393504
	286  -  MemoryUsage of job (MB)
	292840  -  ResidentSetSize of job (KB)
...
006 (5101637.000.000) 07/15 17:30:20 Image size of job updated: 1393504
	360  -  MemoryUsage of job (MB)
	367684  -  ResidentSetSize of job (KB)
...
006 (5101637.000.000) 07/15 17:35:20 Image size of job updated: 1393504
	433  -  MemoryUsage of job (MB)
	443012  -  ResidentSetSize of job (KB)
...
006 (5101637.000.000) 07/15 17:40:20 Image size of job updated: 1393504
	518  -  MemoryUsage of job (MB)
	530420  -  ResidentSetSize of job (KB)
...
040 (5101637.000.000) 07/15 17:40:21 Started transferring output files
...
040 (5101637.000.000) 07/15 17:40:21 Finished transferring output files
...
009 (5101637.000.000) 07/15 17:40:21 Job was aborted.
	Job removed by SYSTEM_PERIODIC_REMOVE due to wall time exceeded allowed max.
...
