000 (5101655.000.000) 07/15 17:19:48 Job submitted from host: <188.185.71.83:9618?addrs=188.185.71.83-9618+[2001-1458-d00-7--100-34d]-9618&alias=bigbird18.cern.ch&noUDP&sock=schedd_2070_6d22>
...
040 (5101655.000.000) 07/15 17:20:14 Started transferring input files
	Transferring to host: <188.184.162.172:9618?addrs=188.184.162.172-9618+[2001-1458-301-4a--100-a6]-9618&alias=b7s11p8469.cern.ch&noUDP&sock=slot1_16_122961_e5e1_184031>
...
040 (5101655.000.000) 07/15 17:20:14 Finished transferring input files
...
001 (5101655.000.000) 07/15 17:20:15 Job executing on host: <188.184.162.172:9618?addrs=188.184.162.172-9618+[2001-1458-301-4a--100-a6]-9618&alias=b7s11p8469.cern.ch&noUDP&sock=startd_28736_1595>
...
006 (5101655.000.000) 07/15 17:20:24 Image size of job updated: 190500
	176  -  MemoryUsage of job (MB)
	179252  -  ResidentSetSize of job (KB)
...
006 (5101655.000.000) 07/15 17:25:25 Image size of job updated: 1394256
	308  -  MemoryUsage of job (MB)
	315260  -  ResidentSetSize of job (KB)
...
006 (5101655.000.000) 07/15 17:30:25 Image size of job updated: 1394256
	338  -  MemoryUsage of job (MB)
	345320  -  ResidentSetSize of job (KB)
...
006 (5101655.000.000) 07/15 17:35:26 Image size of job updated: 1394256
	384  -  MemoryUsage of job (MB)
	393208  -  ResidentSetSize of job (KB)
...
040 (5101655.000.000) 07/15 17:40:16 Started transferring output files
...
040 (5101655.000.000) 07/15 17:40:16 Finished transferring output files
...
009 (5101655.000.000) 07/15 17:40:16 Job was aborted.
	Job removed by SYSTEM_PERIODIC_REMOVE due to wall time exceeded allowed max.
...
