000 (5101672.000.000) 07/15 18:01:08 Job submitted from host: <188.185.71.83:9618?addrs=188.185.71.83-9618+[2001-1458-d00-7--100-34d]-9618&alias=bigbird18.cern.ch&noUDP&sock=schedd_2070_6d22>
...
040 (5101672.000.000) 07/15 18:01:56 Started transferring input files
	Transferring to host: <128.142.131.77:9618?addrs=128.142.131.77-9618+[2001-1458-301-59--100-41]-9618&alias=b7g11p4635.cern.ch&noUDP&sock=slot1_21_5433_ca36_93775>
...
040 (5101672.000.000) 07/15 18:01:56 Finished transferring input files
...
001 (5101672.000.000) 07/15 18:01:57 Job executing on host: <128.142.131.77:9618?addrs=128.142.131.77-9618+[2001-1458-301-59--100-41]-9618&alias=b7g11p4635.cern.ch&noUDP&sock=startd_4721_cab3>
...
006 (5101672.000.000) 07/15 18:02:06 Image size of job updated: 450420
	225  -  MemoryUsage of job (MB)
	229380  -  ResidentSetSize of job (KB)
...
006 (5101672.000.000) 07/15 18:07:07 Image size of job updated: 1394300
	316  -  MemoryUsage of job (MB)
	323508  -  ResidentSetSize of job (KB)
...
006 (5101672.000.000) 07/15 18:12:08 Image size of job updated: 1394300
	349  -  MemoryUsage of job (MB)
	356488  -  ResidentSetSize of job (KB)
...
006 (5101672.000.000) 07/15 18:17:08 Image size of job updated: 1394300
	397  -  MemoryUsage of job (MB)
	406184  -  ResidentSetSize of job (KB)
...
006 (5101672.000.000) 07/15 18:22:08 Image size of job updated: 1394300
	436  -  MemoryUsage of job (MB)
	445916  -  ResidentSetSize of job (KB)
...
040 (5101672.000.000) 07/15 18:22:09 Started transferring output files
...
040 (5101672.000.000) 07/15 18:22:09 Finished transferring output files
...
009 (5101672.000.000) 07/15 18:22:09 Job was aborted.
	Job removed by SYSTEM_PERIODIC_REMOVE due to wall time exceeded allowed max.
...
