000 (5101676.000.000) 07/15 19:51:24 Job submitted from host: <188.185.71.83:9618?addrs=188.185.71.83-9618+[2001-1458-d00-7--100-34d]-9618&alias=bigbird18.cern.ch&noUDP&sock=schedd_2070_6d22>
...
040 (5101676.000.000) 07/15 19:52:47 Started transferring input files
	Transferring to host: <128.142.195.139:9618?addrs=128.142.195.139-9618+[2001-1458-301-50--100-4]-9618&alias=b7g33p3882.cern.ch&noUDP&sock=slot1_10_4782_19fc_105042>
...
040 (5101676.000.000) 07/15 19:52:47 Finished transferring input files
...
001 (5101676.000.000) 07/15 19:52:48 Job executing on host: <128.142.195.139:9618?addrs=128.142.195.139-9618+[2001-1458-301-50--100-4]-9618&alias=b7g33p3882.cern.ch&noUDP&sock=startd_3420_69fc>
...
006 (5101676.000.000) 07/15 19:52:57 Image size of job updated: 12636
	3  -  MemoryUsage of job (MB)
	3000  -  ResidentSetSize of job (KB)
...
006 (5101676.000.000) 07/15 19:57:58 Image size of job updated: 1394308
	67  -  MemoryUsage of job (MB)
	68360  -  ResidentSetSize of job (KB)
...
006 (5101676.000.000) 07/15 20:02:59 Image size of job updated: 1394308
	354  -  MemoryUsage of job (MB)
	361684  -  ResidentSetSize of job (KB)
...
006 (5101676.000.000) 07/15 20:07:59 Image size of job updated: 1394308
	472  -  MemoryUsage of job (MB)
	482532  -  ResidentSetSize of job (KB)
...
006 (5101676.000.000) 07/15 20:12:59 Image size of job updated: 1394308
	570  -  MemoryUsage of job (MB)
	583544  -  ResidentSetSize of job (KB)
...
040 (5101676.000.000) 07/15 20:13:00 Started transferring output files
...
040 (5101676.000.000) 07/15 20:13:00 Finished transferring output files
...
009 (5101676.000.000) 07/15 20:13:00 Job was aborted.
	Job removed by SYSTEM_PERIODIC_REMOVE due to wall time exceeded allowed max.
...
