nohup: ignoring input
making dir ttbarfits_inclusive

combining data cards into /afs/cern.ch/user/m/mmorris/BackgroundEstimation/CMSSW_10_6_14/src/BstarToTW_CMSDAS2023_BackgroundEstimation/regions_yonly/2018/ttbarfits_inclusive/signalRSGluon1000_area/signalRSGluon1000_card.txt
combineTool.py -M AsymptoticLimits -d signalRSGluon1000_card.txt --saveWorkspace --cminDefaultMinimizerStrategy 0   -v 0 --job-mode condor --sub-opts='+JobFlavour=longlunch'
/afs/cern.ch/user/m/mmorris/BackgroundEstimation/CMSSW_10_6_14/src/BstarToTW_CMSDAS2023_BackgroundEstimation/regions_yonly/2018/ttbarfits_inclusive/signalRSGluon1000_area
 <<< Combine >>> 
>>> random number generator seed is 123456
>>> method used is AsymptoticLimits
SimNLL created with 12 channels, 0 generic constraints, 8 fast gaussian constraints, 0 fast poisson constraints, 0 fast group constraints, 
SimNLL created with 12 channels, 0 generic constraints, 8 fast gaussian constraints, 0 fast poisson constraints, 0 fast group constraints, 
SimNLL created with 12 channels, 0 generic constraints, 8 fast gaussian constraints, 0 fast poisson constraints, 0 fast group constraints, 

 -- AsymptoticLimits ( CLs ) --
Observed Limit: r < 0.6163
Expected  2.5%: r < 4.8984
Expected 16.0%: r < 6.6240
Expected 50.0%: r < 9.5000
Expected 84.0%: r < 14.0062
Expected 97.5%: r < 20.1101

Done in 1.05 min (cpu), 1.06 min (real)
>> combine --saveWorkspace --cminDefaultMinimizerStrategy 0 -v 0 -M AsymptoticLimits -d signalRSGluon1000_card.txt -n .Test

combining data cards into /afs/cern.ch/user/m/mmorris/BackgroundEstimation/CMSSW_10_6_14/src/BstarToTW_CMSDAS2023_BackgroundEstimation/regions_yonly/2018/ttbarfits_inclusive/signalRSGluon1500_area/signalRSGluon1500_card.txt
combineTool.py -M AsymptoticLimits -d signalRSGluon1500_card.txt --saveWorkspace --cminDefaultMinimizerStrategy 0   -v 0 --job-mode condor --sub-opts='+JobFlavour=longlunch'
/afs/cern.ch/user/m/mmorris/BackgroundEstimation/CMSSW_10_6_14/src/BstarToTW_CMSDAS2023_BackgroundEstimation/regions_yonly/2018/ttbarfits_inclusive/signalRSGluon1500_area
 <<< Combine >>> 
>>> random number generator seed is 123456
>>> method used is AsymptoticLimits
SimNLL created with 12 channels, 0 generic constraints, 8 fast gaussian constraints, 0 fast poisson constraints, 0 fast group constraints, 
SimNLL created with 12 channels, 0 generic constraints, 8 fast gaussian constraints, 0 fast poisson constraints, 0 fast group constraints, 
SimNLL created with 12 channels, 0 generic constraints, 8 fast gaussian constraints, 0 fast poisson constraints, 0 fast group constraints, 

 -- AsymptoticLimits ( CLs ) --
Observed Limit: r < 0.0172
Expected  2.5%: r < 0.1837
Expected 16.0%: r < 0.2457
Expected 50.0%: r < 0.3457
Expected 84.0%: r < 0.4931
Expected 97.5%: r < 0.6784

Done in 1.59 min (cpu), 1.60 min (real)
>> combine --saveWorkspace --cminDefaultMinimizerStrategy 0 -v 0 -M AsymptoticLimits -d signalRSGluon1500_card.txt -n .Test

combining data cards into /afs/cern.ch/user/m/mmorris/BackgroundEstimation/CMSSW_10_6_14/src/BstarToTW_CMSDAS2023_BackgroundEstimation/regions_yonly/2018/ttbarfits_inclusive/signalRSGluon2000_area/signalRSGluon2000_card.txt
combineTool.py -M AsymptoticLimits -d signalRSGluon2000_card.txt --saveWorkspace --cminDefaultMinimizerStrategy 0   -v 0 --job-mode condor --sub-opts='+JobFlavour=longlunch'
/afs/cern.ch/user/m/mmorris/BackgroundEstimation/CMSSW_10_6_14/src/BstarToTW_CMSDAS2023_BackgroundEstimation/regions_yonly/2018/ttbarfits_inclusive/signalRSGluon2000_area
 <<< Combine >>> 
>>> random number generator seed is 123456
>>> method used is AsymptoticLimits
SimNLL created with 12 channels, 0 generic constraints, 8 fast gaussian constraints, 0 fast poisson constraints, 0 fast group constraints, 
SimNLL created with 12 channels, 0 generic constraints, 8 fast gaussian constraints, 0 fast poisson constraints, 0 fast group constraints, 
SimNLL created with 12 channels, 0 generic constraints, 8 fast gaussian constraints, 0 fast poisson constraints, 0 fast group constraints, 

 -- AsymptoticLimits ( CLs ) --
Observed Limit: r < 0.2331
Expected  2.5%: r < 0.0523
Expected 16.0%: r < 0.0700
Expected 50.0%: r < 0.0977
Expected 84.0%: r < 0.1378
Expected 97.5%: r < 0.1869

Done in 1.63 min (cpu), 1.65 min (real)
>> combine --saveWorkspace --cminDefaultMinimizerStrategy 0 -v 0 -M AsymptoticLimits -d signalRSGluon2000_card.txt -n .Test

combining data cards into /afs/cern.ch/user/m/mmorris/BackgroundEstimation/CMSSW_10_6_14/src/BstarToTW_CMSDAS2023_BackgroundEstimation/regions_yonly/2018/ttbarfits_inclusive/signalRSGluon2500_area/signalRSGluon2500_card.txt
combineTool.py -M AsymptoticLimits -d signalRSGluon2500_card.txt --saveWorkspace --cminDefaultMinimizerStrategy 0   -v 0 --job-mode condor --sub-opts='+JobFlavour=longlunch'
/afs/cern.ch/user/m/mmorris/BackgroundEstimation/CMSSW_10_6_14/src/BstarToTW_CMSDAS2023_BackgroundEstimation/regions_yonly/2018/ttbarfits_inclusive/signalRSGluon2500_area
 <<< Combine >>> 
>>> random number generator seed is 123456
>>> method used is AsymptoticLimits
SimNLL created with 12 channels, 0 generic constraints, 8 fast gaussian constraints, 0 fast poisson constraints, 0 fast group constraints, 
SimNLL created with 12 channels, 0 generic constraints, 8 fast gaussian constraints, 0 fast poisson constraints, 0 fast group constraints, 
SimNLL created with 12 channels, 0 generic constraints, 8 fast gaussian constraints, 0 fast poisson constraints, 0 fast group constraints, 

 -- AsymptoticLimits ( CLs ) --
Observed Limit: r < 0.0314
Expected  2.5%: r < 0.0282
Expected 16.0%: r < 0.0372
Expected 50.0%: r < 0.0522
Expected 84.0%: r < 0.0735
Expected 97.5%: r < 0.0998

Done in 1.86 min (cpu), 1.87 min (real)
>> combine --saveWorkspace --cminDefaultMinimizerStrategy 0 -v 0 -M AsymptoticLimits -d signalRSGluon2500_card.txt -n .Test

combining data cards into /afs/cern.ch/user/m/mmorris/BackgroundEstimation/CMSSW_10_6_14/src/BstarToTW_CMSDAS2023_BackgroundEstimation/regions_yonly/2018/ttbarfits_inclusive/signalRSGluon3000_area/signalRSGluon3000_card.txt
combineTool.py -M AsymptoticLimits -d signalRSGluon3000_card.txt --saveWorkspace --cminDefaultMinimizerStrategy 0   -v 0 --job-mode condor --sub-opts='+JobFlavour=longlunch'
/afs/cern.ch/user/m/mmorris/BackgroundEstimation/CMSSW_10_6_14/src/BstarToTW_CMSDAS2023_BackgroundEstimation/regions_yonly/2018/ttbarfits_inclusive/signalRSGluon3000_area
 <<< Combine >>> 
>>> random number generator seed is 123456
>>> method used is AsymptoticLimits
SimNLL created with 12 channels, 0 generic constraints, 8 fast gaussian constraints, 0 fast poisson constraints, 0 fast group constraints, 
SimNLL created with 12 channels, 0 generic constraints, 8 fast gaussian constraints, 0 fast poisson constraints, 0 fast group constraints, 
SimNLL created with 12 channels, 0 generic constraints, 8 fast gaussian constraints, 0 fast poisson constraints, 0 fast group constraints, 

 -- AsymptoticLimits ( CLs ) --
Observed Limit: r < 0.0291
Expected  2.5%: r < 0.0208
Expected 16.0%: r < 0.0277
Expected 50.0%: r < 0.0386
Expected 84.0%: r < 0.0549
Expected 97.5%: r < 0.0749

Done in 1.69 min (cpu), 1.70 min (real)
>> combine --saveWorkspace --cminDefaultMinimizerStrategy 0 -v 0 -M AsymptoticLimits -d signalRSGluon3000_card.txt -n .Test

combining data cards into /afs/cern.ch/user/m/mmorris/BackgroundEstimation/CMSSW_10_6_14/src/BstarToTW_CMSDAS2023_BackgroundEstimation/regions_yonly/2018/ttbarfits_inclusive/signalRSGluon3500_area/signalRSGluon3500_card.txt
combineTool.py -M AsymptoticLimits -d signalRSGluon3500_card.txt --saveWorkspace --cminDefaultMinimizerStrategy 0   -v 0 --job-mode condor --sub-opts='+JobFlavour=longlunch'
/afs/cern.ch/user/m/mmorris/BackgroundEstimation/CMSSW_10_6_14/src/BstarToTW_CMSDAS2023_BackgroundEstimation/regions_yonly/2018/ttbarfits_inclusive/signalRSGluon3500_area
 <<< Combine >>> 
>>> random number generator seed is 123456
>>> method used is AsymptoticLimits
SimNLL created with 12 channels, 0 generic constraints, 8 fast gaussian constraints, 0 fast poisson constraints, 0 fast group constraints, 
SimNLL created with 12 channels, 0 generic constraints, 8 fast gaussian constraints, 0 fast poisson constraints, 0 fast group constraints, 
SimNLL created with 12 channels, 0 generic constraints, 8 fast gaussian constraints, 0 fast poisson constraints, 0 fast group constraints, 

 -- AsymptoticLimits ( CLs ) --
Observed Limit: r < 0.0089
Expected  2.5%: r < 0.0184
Expected 16.0%: r < 0.0248
Expected 50.0%: r < 0.0347
Expected 84.0%: r < 0.0488
Expected 97.5%: r < 0.0669

Done in 1.67 min (cpu), 1.67 min (real)
>> combine --saveWorkspace --cminDefaultMinimizerStrategy 0 -v 0 -M AsymptoticLimits -d signalRSGluon3500_card.txt -n .Test

combining data cards into /afs/cern.ch/user/m/mmorris/BackgroundEstimation/CMSSW_10_6_14/src/BstarToTW_CMSDAS2023_BackgroundEstimation/regions_yonly/2018/ttbarfits_inclusive/signalRSGluon4000_area/signalRSGluon4000_card.txt
combineTool.py -M AsymptoticLimits -d signalRSGluon4000_card.txt --saveWorkspace --cminDefaultMinimizerStrategy 0   -v 0 --job-mode condor --sub-opts='+JobFlavour=longlunch'
/afs/cern.ch/user/m/mmorris/BackgroundEstimation/CMSSW_10_6_14/src/BstarToTW_CMSDAS2023_BackgroundEstimation/regions_yonly/2018/ttbarfits_inclusive/signalRSGluon4000_area
 <<< Combine >>> 
>>> random number generator seed is 123456
>>> method used is AsymptoticLimits
SimNLL created with 12 channels, 0 generic constraints, 8 fast gaussian constraints, 0 fast poisson constraints, 0 fast group constraints, 
SimNLL created with 12 channels, 0 generic constraints, 8 fast gaussian constraints, 0 fast poisson constraints, 0 fast group constraints, 
SimNLL created with 12 channels, 0 generic constraints, 8 fast gaussian constraints, 0 fast poisson constraints, 0 fast group constraints, 

 -- AsymptoticLimits ( CLs ) --
Observed Limit: r < 0.0082
Expected  2.5%: r < 0.0184
Expected 16.0%: r < 0.0248
Expected 50.0%: r < 0.0347
Expected 84.0%: r < 0.0499
Expected 97.5%: r < 0.0685

Done in 1.66 min (cpu), 1.67 min (real)
>> combine --saveWorkspace --cminDefaultMinimizerStrategy 0 -v 0 -M AsymptoticLimits -d signalRSGluon4000_card.txt -n .Test

combining data cards into /afs/cern.ch/user/m/mmorris/BackgroundEstimation/CMSSW_10_6_14/src/BstarToTW_CMSDAS2023_BackgroundEstimation/regions_yonly/2018/ttbarfits_inclusive/signalRSGluon4500_area/signalRSGluon4500_card.txt
combineTool.py -M AsymptoticLimits -d signalRSGluon4500_card.txt --saveWorkspace --cminDefaultMinimizerStrategy 0   -v 0 --job-mode condor --sub-opts='+JobFlavour=longlunch'
/afs/cern.ch/user/m/mmorris/BackgroundEstimation/CMSSW_10_6_14/src/BstarToTW_CMSDAS2023_BackgroundEstimation/regions_yonly/2018/ttbarfits_inclusive/signalRSGluon4500_area
 <<< Combine >>> 
>>> random number generator seed is 123456
>>> method used is AsymptoticLimits
SimNLL created with 12 channels, 0 generic constraints, 8 fast gaussian constraints, 0 fast poisson constraints, 0 fast group constraints, 
SimNLL created with 12 channels, 0 generic constraints, 8 fast gaussian constraints, 0 fast poisson constraints, 0 fast group constraints, 
SimNLL created with 12 channels, 0 generic constraints, 8 fast gaussian constraints, 0 fast poisson constraints, 0 fast group constraints, 

 -- AsymptoticLimits ( CLs ) --
Observed Limit: r < 0.0204
Expected  2.5%: r < 0.0236
Expected 16.0%: r < 0.0317
Expected 50.0%: r < 0.0444
Expected 84.0%: r < 0.0632
Expected 97.5%: r < 0.0871

Done in 1.63 min (cpu), 1.64 min (real)
>> combine --saveWorkspace --cminDefaultMinimizerStrategy 0 -v 0 -M AsymptoticLimits -d signalRSGluon4500_card.txt -n .Test

combining data cards into /afs/cern.ch/user/m/mmorris/BackgroundEstimation/CMSSW_10_6_14/src/BstarToTW_CMSDAS2023_BackgroundEstimation/regions_yonly/2018/ttbarfits_inclusive/signalRSGluon5000_area/signalRSGluon5000_card.txt
combineTool.py -M AsymptoticLimits -d signalRSGluon5000_card.txt --saveWorkspace --cminDefaultMinimizerStrategy 0   -v 0 --job-mode condor --sub-opts='+JobFlavour=longlunch'
/afs/cern.ch/user/m/mmorris/BackgroundEstimation/CMSSW_10_6_14/src/BstarToTW_CMSDAS2023_BackgroundEstimation/regions_yonly/2018/ttbarfits_inclusive/signalRSGluon5000_area
 <<< Combine >>> 
>>> random number generator seed is 123456
>>> method used is AsymptoticLimits
SimNLL created with 12 channels, 0 generic constraints, 8 fast gaussian constraints, 0 fast poisson constraints, 0 fast group constraints, 
SimNLL created with 12 channels, 0 generic constraints, 8 fast gaussian constraints, 0 fast poisson constraints, 0 fast group constraints, 
SimNLL created with 12 channels, 0 generic constraints, 8 fast gaussian constraints, 0 fast poisson constraints, 0 fast group constraints, 

 -- AsymptoticLimits ( CLs ) --
Observed Limit: r < 0.0190
Expected  2.5%: r < 0.0288
Expected 16.0%: r < 0.0387
Expected 50.0%: r < 0.0542
Expected 84.0%: r < 0.0771
Expected 97.5%: r < 0.1055

Done in 1.64 min (cpu), 1.64 min (real)
>> combine --saveWorkspace --cminDefaultMinimizerStrategy 0 -v 0 -M AsymptoticLimits -d signalRSGluon5000_card.txt -n .Test

combining data cards into /afs/cern.ch/user/m/mmorris/BackgroundEstimation/CMSSW_10_6_14/src/BstarToTW_CMSDAS2023_BackgroundEstimation/regions_yonly/2018/ttbarfits_inclusive/signalZPrime1000_DM_area/signalZPrime1000_card.txt
combineTool.py -M AsymptoticLimits -d signalZPrime1000_card.txt --saveWorkspace --cminDefaultMinimizerStrategy 0   -v 0 --job-mode condor --sub-opts='+JobFlavour=longlunch'
/afs/cern.ch/user/m/mmorris/BackgroundEstimation/CMSSW_10_6_14/src/BstarToTW_CMSDAS2023_BackgroundEstimation/regions_yonly/2018/ttbarfits_inclusive/signalZPrime1000_DM_area
 <<< Combine >>> 
>>> random number generator seed is 123456
>>> method used is AsymptoticLimits
SimNLL created with 12 channels, 0 generic constraints, 8 fast gaussian constraints, 0 fast poisson constraints, 0 fast group constraints, 
SimNLL created with 12 channels, 0 generic constraints, 8 fast gaussian constraints, 0 fast poisson constraints, 0 fast group constraints, 
SimNLL created with 12 channels, 0 generic constraints, 8 fast gaussian constraints, 0 fast poisson constraints, 0 fast group constraints, 

 -- AsymptoticLimits ( CLs ) --
Observed Limit: r < 56.4874
Expected  2.5%: r < 7.1094
Expected 16.0%: r < 9.6934
Expected 50.0%: r < 14.0000
Expected 84.0%: r < 21.0872
Expected 97.5%: r < 31.3260

Done in 1.38 min (cpu), 1.38 min (real)
>> combine --saveWorkspace --cminDefaultMinimizerStrategy 0 -v 0 -M AsymptoticLimits -d signalZPrime1000_card.txt -n .Test

combining data cards into /afs/cern.ch/user/m/mmorris/BackgroundEstimation/CMSSW_10_6_14/src/BstarToTW_CMSDAS2023_BackgroundEstimation/regions_yonly/2018/ttbarfits_inclusive/signalZPrime1500_DM_area/signalZPrime1500_card.txt
combineTool.py -M AsymptoticLimits -d signalZPrime1500_card.txt --saveWorkspace --cminDefaultMinimizerStrategy 0   -v 0 --job-mode condor --sub-opts='+JobFlavour=longlunch'
/afs/cern.ch/user/m/mmorris/BackgroundEstimation/CMSSW_10_6_14/src/BstarToTW_CMSDAS2023_BackgroundEstimation/regions_yonly/2018/ttbarfits_inclusive/signalZPrime1500_DM_area
 <<< Combine >>> 
>>> random number generator seed is 123456
>>> method used is AsymptoticLimits
SimNLL created with 12 channels, 0 generic constraints, 8 fast gaussian constraints, 0 fast poisson constraints, 0 fast group constraints, 
SimNLL created with 12 channels, 0 generic constraints, 8 fast gaussian constraints, 0 fast poisson constraints, 0 fast group constraints, 
SimNLL created with 12 channels, 0 generic constraints, 8 fast gaussian constraints, 0 fast poisson constraints, 0 fast group constraints, 

 -- AsymptoticLimits ( CLs ) --
Observed Limit: r < 0.0883
Expected  2.5%: r < 0.0821
Expected 16.0%: r < 0.1103
Expected 50.0%: r < 0.1558
Expected 84.0%: r < 0.2241
Expected 97.5%: r < 0.3108

Done in 1.76 min (cpu), 1.76 min (real)
>> combine --saveWorkspace --cminDefaultMinimizerStrategy 0 -v 0 -M AsymptoticLimits -d signalZPrime1500_card.txt -n .Test

combining data cards into /afs/cern.ch/user/m/mmorris/BackgroundEstimation/CMSSW_10_6_14/src/BstarToTW_CMSDAS2023_BackgroundEstimation/regions_yonly/2018/ttbarfits_inclusive/signalZPrime2000_DM_area/signalZPrime2000_card.txt
combineTool.py -M AsymptoticLimits -d signalZPrime2000_card.txt --saveWorkspace --cminDefaultMinimizerStrategy 0   -v 0 --job-mode condor --sub-opts='+JobFlavour=longlunch'
/afs/cern.ch/user/m/mmorris/BackgroundEstimation/CMSSW_10_6_14/src/BstarToTW_CMSDAS2023_BackgroundEstimation/regions_yonly/2018/ttbarfits_inclusive/signalZPrime2000_DM_area
 <<< Combine >>> 
>>> random number generator seed is 123456
>>> method used is AsymptoticLimits
SimNLL created with 12 channels, 0 generic constraints, 8 fast gaussian constraints, 0 fast poisson constraints, 0 fast group constraints, 
SimNLL created with 12 channels, 0 generic constraints, 8 fast gaussian constraints, 0 fast poisson constraints, 0 fast group constraints, 
SimNLL created with 12 channels, 0 generic constraints, 8 fast gaussian constraints, 0 fast poisson constraints, 0 fast group constraints, 

 -- AsymptoticLimits ( CLs ) --
Observed Limit: r < 0.1651
Expected  2.5%: r < 0.0240
Expected 16.0%: r < 0.0316
Expected 50.0%: r < 0.0444
Expected 84.0%: r < 0.0618
Expected 97.5%: r < 0.0838

Done in 1.86 min (cpu), 1.86 min (real)
>> combine --saveWorkspace --cminDefaultMinimizerStrategy 0 -v 0 -M AsymptoticLimits -d signalZPrime2000_card.txt -n .Test

combining data cards into /afs/cern.ch/user/m/mmorris/BackgroundEstimation/CMSSW_10_6_14/src/BstarToTW_CMSDAS2023_BackgroundEstimation/regions_yonly/2018/ttbarfits_inclusive/signalZPrime2500_DM_area/signalZPrime2500_card.txt
combineTool.py -M AsymptoticLimits -d signalZPrime2500_card.txt --saveWorkspace --cminDefaultMinimizerStrategy 0   -v 0 --job-mode condor --sub-opts='+JobFlavour=longlunch'
/afs/cern.ch/user/m/mmorris/BackgroundEstimation/CMSSW_10_6_14/src/BstarToTW_CMSDAS2023_BackgroundEstimation/regions_yonly/2018/ttbarfits_inclusive/signalZPrime2500_DM_area
 <<< Combine >>> 
>>> random number generator seed is 123456
>>> method used is AsymptoticLimits
SimNLL created with 12 channels, 0 generic constraints, 8 fast gaussian constraints, 0 fast poisson constraints, 0 fast group constraints, 
SimNLL created with 12 channels, 0 generic constraints, 8 fast gaussian constraints, 0 fast poisson constraints, 0 fast group constraints, 
SimNLL created with 12 channels, 0 generic constraints, 8 fast gaussian constraints, 0 fast poisson constraints, 0 fast group constraints, 

 -- AsymptoticLimits ( CLs ) --
Observed Limit: r < 0.0142
Expected  2.5%: r < 0.0120
Expected 16.0%: r < 0.0157
Expected 50.0%: r < 0.0220
Expected 84.0%: r < 0.0307
Expected 97.5%: r < 0.0423

Done in 1.87 min (cpu), 1.87 min (real)
>> combine --saveWorkspace --cminDefaultMinimizerStrategy 0 -v 0 -M AsymptoticLimits -d signalZPrime2500_card.txt -n .Test

combining data cards into /afs/cern.ch/user/m/mmorris/BackgroundEstimation/CMSSW_10_6_14/src/BstarToTW_CMSDAS2023_BackgroundEstimation/regions_yonly/2018/ttbarfits_inclusive/signalZPrime3000_DM_area/signalZPrime3000_card.txt
combineTool.py -M AsymptoticLimits -d signalZPrime3000_card.txt --saveWorkspace --cminDefaultMinimizerStrategy 0   -v 0 --job-mode condor --sub-opts='+JobFlavour=longlunch'
/afs/cern.ch/user/m/mmorris/BackgroundEstimation/CMSSW_10_6_14/src/BstarToTW_CMSDAS2023_BackgroundEstimation/regions_yonly/2018/ttbarfits_inclusive/signalZPrime3000_DM_area
 <<< Combine >>> 
>>> random number generator seed is 123456
>>> method used is AsymptoticLimits
SimNLL created with 12 channels, 0 generic constraints, 8 fast gaussian constraints, 0 fast poisson constraints, 0 fast group constraints, 
SimNLL created with 12 channels, 0 generic constraints, 8 fast gaussian constraints, 0 fast poisson constraints, 0 fast group constraints, 
SimNLL created with 12 channels, 0 generic constraints, 8 fast gaussian constraints, 0 fast poisson constraints, 0 fast group constraints, 

 -- AsymptoticLimits ( CLs ) --
Observed Limit: r < 0.0038
Expected  2.5%: r < 0.0075
Expected 16.0%: r < 0.0104
Expected 50.0%: r < 0.0142
Expected 84.0%: r < 0.0209
Expected 97.5%: r < 0.0282

Done in 2.01 min (cpu), 2.02 min (real)
>> combine --saveWorkspace --cminDefaultMinimizerStrategy 0 -v 0 -M AsymptoticLimits -d signalZPrime3000_card.txt -n .Test

combining data cards into /afs/cern.ch/user/m/mmorris/BackgroundEstimation/CMSSW_10_6_14/src/BstarToTW_CMSDAS2023_BackgroundEstimation/regions_yonly/2018/ttbarfits_inclusive/signalZPrime3500_DM_area/signalZPrime3500_card.txt
combineTool.py -M AsymptoticLimits -d signalZPrime3500_card.txt --saveWorkspace --cminDefaultMinimizerStrategy 0   -v 0 --job-mode condor --sub-opts='+JobFlavour=longlunch'
/afs/cern.ch/user/m/mmorris/BackgroundEstimation/CMSSW_10_6_14/src/BstarToTW_CMSDAS2023_BackgroundEstimation/regions_yonly/2018/ttbarfits_inclusive/signalZPrime3500_DM_area
 <<< Combine >>> 
>>> random number generator seed is 123456
>>> method used is AsymptoticLimits
SimNLL created with 12 channels, 0 generic constraints, 8 fast gaussian constraints, 0 fast poisson constraints, 0 fast group constraints, 
SimNLL created with 12 channels, 0 generic constraints, 8 fast gaussian constraints, 0 fast poisson constraints, 0 fast group constraints, 
SimNLL created with 12 channels, 0 generic constraints, 8 fast gaussian constraints, 0 fast poisson constraints, 0 fast group constraints, 

 -- AsymptoticLimits ( CLs ) --
Observed Limit: r < 0.0061
Expected  2.5%: r < 0.0060
Expected 16.0%: r < 0.0076
Expected 50.0%: r < 0.0112
Expected 84.0%: r < 0.0159
Expected 97.5%: r < 0.0219

Done in 1.85 min (cpu), 1.86 min (real)
>> combine --saveWorkspace --cminDefaultMinimizerStrategy 0 -v 0 -M AsymptoticLimits -d signalZPrime3500_card.txt -n .Test

combining data cards into /afs/cern.ch/user/m/mmorris/BackgroundEstimation/CMSSW_10_6_14/src/BstarToTW_CMSDAS2023_BackgroundEstimation/regions_yonly/2018/ttbarfits_inclusive/signalZPrime4000_DM_area/signalZPrime4000_card.txt
combineTool.py -M AsymptoticLimits -d signalZPrime4000_card.txt --saveWorkspace --cminDefaultMinimizerStrategy 0   -v 0 --job-mode condor --sub-opts='+JobFlavour=longlunch'
/afs/cern.ch/user/m/mmorris/BackgroundEstimation/CMSSW_10_6_14/src/BstarToTW_CMSDAS2023_BackgroundEstimation/regions_yonly/2018/ttbarfits_inclusive/signalZPrime4000_DM_area
 <<< Combine >>> 
>>> random number generator seed is 123456
>>> method used is AsymptoticLimits
SimNLL created with 12 channels, 0 generic constraints, 8 fast gaussian constraints, 0 fast poisson constraints, 0 fast group constraints, 
SimNLL created with 12 channels, 0 generic constraints, 8 fast gaussian constraints, 0 fast poisson constraints, 0 fast group constraints, 
SimNLL created with 12 channels, 0 generic constraints, 8 fast gaussian constraints, 0 fast poisson constraints, 0 fast group constraints, 

 -- AsymptoticLimits ( CLs ) --
Observed Limit: r < 0.1248
Expected  2.5%: r < 0.0049
Expected 16.0%: r < 0.0068
Expected 50.0%: r < 0.0093
Expected 84.0%: r < 0.0140
Expected 97.5%: r < 0.0198

Done in 2.03 min (cpu), 2.04 min (real)
>> combine --saveWorkspace --cminDefaultMinimizerStrategy 0 -v 0 -M AsymptoticLimits -d signalZPrime4000_card.txt -n .Test

combining data cards into /afs/cern.ch/user/m/mmorris/BackgroundEstimation/CMSSW_10_6_14/src/BstarToTW_CMSDAS2023_BackgroundEstimation/regions_yonly/2018/ttbarfits_inclusive/signalZPrime4500_DM_area/signalZPrime4500_card.txt
combineTool.py -M AsymptoticLimits -d signalZPrime4500_card.txt --saveWorkspace --cminDefaultMinimizerStrategy 0   -v 0 --job-mode condor --sub-opts='+JobFlavour=longlunch'
/afs/cern.ch/user/m/mmorris/BackgroundEstimation/CMSSW_10_6_14/src/BstarToTW_CMSDAS2023_BackgroundEstimation/regions_yonly/2018/ttbarfits_inclusive/signalZPrime4500_DM_area
 <<< Combine >>> 
>>> random number generator seed is 123456
>>> method used is AsymptoticLimits
SimNLL created with 12 channels, 0 generic constraints, 8 fast gaussian constraints, 0 fast poisson constraints, 0 fast group constraints, 
SimNLL created with 12 channels, 0 generic constraints, 8 fast gaussian constraints, 0 fast poisson constraints, 0 fast group constraints, 
SimNLL created with 12 channels, 0 generic constraints, 8 fast gaussian constraints, 0 fast poisson constraints, 0 fast group constraints, 

 -- AsymptoticLimits ( CLs ) --
Observed Limit: r < 0.0039
Expected  2.5%: r < 0.0060
Expected 16.0%: r < 0.0083
Expected 50.0%: r < 0.0112
Expected 84.0%: r < 0.0166
Expected 97.5%: r < 0.0229

Done in 2.01 min (cpu), 2.02 min (real)
>> combine --saveWorkspace --cminDefaultMinimizerStrategy 0 -v 0 -M AsymptoticLimits -d signalZPrime4500_card.txt -n .Test

combining data cards into /afs/cern.ch/user/m/mmorris/BackgroundEstimation/CMSSW_10_6_14/src/BstarToTW_CMSDAS2023_BackgroundEstimation/regions_yonly/2018/ttbarfits_inclusive/signalZPrime5000_DM_area/signalZPrime5000_card.txt
combineTool.py -M AsymptoticLimits -d signalZPrime5000_card.txt --saveWorkspace --cminDefaultMinimizerStrategy 0   -v 0 --job-mode condor --sub-opts='+JobFlavour=longlunch'
/afs/cern.ch/user/m/mmorris/BackgroundEstimation/CMSSW_10_6_14/src/BstarToTW_CMSDAS2023_BackgroundEstimation/regions_yonly/2018/ttbarfits_inclusive/signalZPrime5000_DM_area
 <<< Combine >>> 
>>> random number generator seed is 123456
>>> method used is AsymptoticLimits
SimNLL created with 12 channels, 0 generic constraints, 8 fast gaussian constraints, 0 fast poisson constraints, 0 fast group constraints, 
SimNLL created with 12 channels, 0 generic constraints, 8 fast gaussian constraints, 0 fast poisson constraints, 0 fast group constraints, 
SimNLL created with 12 channels, 0 generic constraints, 8 fast gaussian constraints, 0 fast poisson constraints, 0 fast group constraints, 

 -- AsymptoticLimits ( CLs ) --
Observed Limit: r < 10.0544
Expected  2.5%: r < 0.0065
Expected 16.0%: r < 0.0090
Expected 50.0%: r < 0.0122
Expected 84.0%: r < 0.0180
Expected 97.5%: r < 0.0249

Done in 2.29 min (cpu), 2.30 min (real)
>> combine --saveWorkspace --cminDefaultMinimizerStrategy 0 -v 0 -M AsymptoticLimits -d signalZPrime5000_card.txt -n .Test

combining data cards into /afs/cern.ch/user/m/mmorris/BackgroundEstimation/CMSSW_10_6_14/src/BstarToTW_CMSDAS2023_BackgroundEstimation/regions_yonly/2018/ttbarfits_inclusive/signalZPrime1000_10_area/signalZPrime1000_card.txt
combineTool.py -M AsymptoticLimits -d signalZPrime1000_card.txt --saveWorkspace --cminDefaultMinimizerStrategy 0   -v 0 --job-mode condor --sub-opts='+JobFlavour=longlunch'
/afs/cern.ch/user/m/mmorris/BackgroundEstimation/CMSSW_10_6_14/src/BstarToTW_CMSDAS2023_BackgroundEstimation/regions_yonly/2018/ttbarfits_inclusive/signalZPrime1000_10_area
 <<< Combine >>> 
>>> random number generator seed is 123456
>>> method used is AsymptoticLimits
SimNLL created with 12 channels, 0 generic constraints, 8 fast gaussian constraints, 0 fast poisson constraints, 0 fast group constraints, 
SimNLL created with 12 channels, 0 generic constraints, 8 fast gaussian constraints, 0 fast poisson constraints, 0 fast group constraints, 
SimNLL created with 12 channels, 0 generic constraints, 8 fast gaussian constraints, 0 fast poisson constraints, 0 fast group constraints, 

 -- AsymptoticLimits ( CLs ) --
Observed Limit: r < 40.1430
Expected  2.5%: r < 4.9744
Expected 16.0%: r < 6.8886
Expected 50.0%: r < 10.1875
Expected 84.0%: r < 15.8726
Expected 97.5%: r < 23.7797

Done in 1.56 min (cpu), 1.57 min (real)
>> combine --saveWorkspace --cminDefaultMinimizerStrategy 0 -v 0 -M AsymptoticLimits -d signalZPrime1000_card.txt -n .Test

combining data cards into /afs/cern.ch/user/m/mmorris/BackgroundEstimation/CMSSW_10_6_14/src/BstarToTW_CMSDAS2023_BackgroundEstimation/regions_yonly/2018/ttbarfits_inclusive/signalZPrime1200_10_area/signalZPrime1200_card.txt
combineTool.py -M AsymptoticLimits -d signalZPrime1200_card.txt --saveWorkspace --cminDefaultMinimizerStrategy 0   -v 0 --job-mode condor --sub-opts='+JobFlavour=longlunch'
/afs/cern.ch/user/m/mmorris/BackgroundEstimation/CMSSW_10_6_14/src/BstarToTW_CMSDAS2023_BackgroundEstimation/regions_yonly/2018/ttbarfits_inclusive/signalZPrime1200_10_area
 <<< Combine >>> 
>>> random number generator seed is 123456
>>> method used is AsymptoticLimits
SimNLL created with 12 channels, 0 generic constraints, 8 fast gaussian constraints, 0 fast poisson constraints, 0 fast group constraints, 
SimNLL created with 12 channels, 0 generic constraints, 8 fast gaussian constraints, 0 fast poisson constraints, 0 fast group constraints, 
SimNLL created with 12 channels, 0 generic constraints, 8 fast gaussian constraints, 0 fast poisson constraints, 0 fast group constraints, 

 -- AsymptoticLimits ( CLs ) --
Observed Limit: r < 304.2496
Expected  2.5%: r < 1.4435
Expected 16.0%: r < 1.9467
Expected 50.0%: r < 2.7578
Expected 84.0%: r < 3.9780
Expected 97.5%: r < 5.5794

Done in 1.98 min (cpu), 1.98 min (real)
>> combine --saveWorkspace --cminDefaultMinimizerStrategy 0 -v 0 -M AsymptoticLimits -d signalZPrime1200_card.txt -n .Test

combining data cards into /afs/cern.ch/user/m/mmorris/BackgroundEstimation/CMSSW_10_6_14/src/BstarToTW_CMSDAS2023_BackgroundEstimation/regions_yonly/2018/ttbarfits_inclusive/signalZPrime1400_10_area/signalZPrime1400_card.txt
combineTool.py -M AsymptoticLimits -d signalZPrime1400_card.txt --saveWorkspace --cminDefaultMinimizerStrategy 0   -v 0 --job-mode condor --sub-opts='+JobFlavour=longlunch'
/afs/cern.ch/user/m/mmorris/BackgroundEstimation/CMSSW_10_6_14/src/BstarToTW_CMSDAS2023_BackgroundEstimation/regions_yonly/2018/ttbarfits_inclusive/signalZPrime1400_10_area
 <<< Combine >>> 
>>> random number generator seed is 123456
>>> method used is AsymptoticLimits
SimNLL created with 12 channels, 0 generic constraints, 8 fast gaussian constraints, 0 fast poisson constraints, 0 fast group constraints, 
SimNLL created with 12 channels, 0 generic constraints, 8 fast gaussian constraints, 0 fast poisson constraints, 0 fast group constraints, 
SimNLL created with 12 channels, 0 generic constraints, 8 fast gaussian constraints, 0 fast poisson constraints, 0 fast group constraints, 

 -- AsymptoticLimits ( CLs ) --
Observed Limit: r < 0.0241
Expected  2.5%: r < 0.1715
Expected 16.0%: r < 0.2303
Expected 50.0%: r < 0.3252
Expected 84.0%: r < 0.4665
Expected 97.5%: r < 0.6501

Done in 1.53 min (cpu), 1.53 min (real)
>> combine --saveWorkspace --cminDefaultMinimizerStrategy 0 -v 0 -M AsymptoticLimits -d signalZPrime1400_card.txt -n .Test

combining data cards into /afs/cern.ch/user/m/mmorris/BackgroundEstimation/CMSSW_10_6_14/src/BstarToTW_CMSDAS2023_BackgroundEstimation/regions_yonly/2018/ttbarfits_inclusive/signalZPrime1800_10_area/signalZPrime1800_card.txt
combineTool.py -M AsymptoticLimits -d signalZPrime1800_card.txt --saveWorkspace --cminDefaultMinimizerStrategy 0   -v 0 --job-mode condor --sub-opts='+JobFlavour=longlunch'
/afs/cern.ch/user/m/mmorris/BackgroundEstimation/CMSSW_10_6_14/src/BstarToTW_CMSDAS2023_BackgroundEstimation/regions_yonly/2018/ttbarfits_inclusive/signalZPrime1800_10_area
 <<< Combine >>> 
>>> random number generator seed is 123456
>>> method used is AsymptoticLimits
SimNLL created with 12 channels, 0 generic constraints, 8 fast gaussian constraints, 0 fast poisson constraints, 0 fast group constraints, 
SimNLL created with 12 channels, 0 generic constraints, 8 fast gaussian constraints, 0 fast poisson constraints, 0 fast group constraints, 
SimNLL created with 12 channels, 0 generic constraints, 8 fast gaussian constraints, 0 fast poisson constraints, 0 fast group constraints, 

 -- AsymptoticLimits ( CLs ) --
Observed Limit: r < 0.0026
Expected  2.5%: r < 0.0442
Expected 16.0%: r < 0.0591
Expected 50.0%: r < 0.0825
Expected 84.0%: r < 0.1171
Expected 97.5%: r < 0.1594

Done in 1.47 min (cpu), 1.48 min (real)
>> combine --saveWorkspace --cminDefaultMinimizerStrategy 0 -v 0 -M AsymptoticLimits -d signalZPrime1800_card.txt -n .Test

combining data cards into /afs/cern.ch/user/m/mmorris/BackgroundEstimation/CMSSW_10_6_14/src/BstarToTW_CMSDAS2023_BackgroundEstimation/regions_yonly/2018/ttbarfits_inclusive/signalZPrime2000_10_area/signalZPrime2000_card.txt
combineTool.py -M AsymptoticLimits -d signalZPrime2000_card.txt --saveWorkspace --cminDefaultMinimizerStrategy 0   -v 0 --job-mode condor --sub-opts='+JobFlavour=longlunch'
/afs/cern.ch/user/m/mmorris/BackgroundEstimation/CMSSW_10_6_14/src/BstarToTW_CMSDAS2023_BackgroundEstimation/regions_yonly/2018/ttbarfits_inclusive/signalZPrime2000_10_area
 <<< Combine >>> 
>>> random number generator seed is 123456
>>> method used is AsymptoticLimits
SimNLL created with 12 channels, 0 generic constraints, 8 fast gaussian constraints, 0 fast poisson constraints, 0 fast group constraints, 
SimNLL created with 12 channels, 0 generic constraints, 8 fast gaussian constraints, 0 fast poisson constraints, 0 fast group constraints, 
SimNLL created with 12 channels, 0 generic constraints, 8 fast gaussian constraints, 0 fast poisson constraints, 0 fast group constraints, 

 -- AsymptoticLimits ( CLs ) --
Observed Limit: r < 47.9748
Expected  2.5%: r < 0.0282
Expected 16.0%: r < 0.0376
Expected 50.0%: r < 0.0522
Expected 84.0%: r < 0.0727
Expected 97.5%: r < 0.0986

Done in 2.07 min (cpu), 2.07 min (real)
>> combine --saveWorkspace --cminDefaultMinimizerStrategy 0 -v 0 -M AsymptoticLimits -d signalZPrime2000_card.txt -n .Test

combining data cards into /afs/cern.ch/user/m/mmorris/BackgroundEstimation/CMSSW_10_6_14/src/BstarToTW_CMSDAS2023_BackgroundEstimation/regions_yonly/2018/ttbarfits_inclusive/signalZPrime2500_10_area/signalZPrime2500_card.txt
combineTool.py -M AsymptoticLimits -d signalZPrime2500_card.txt --saveWorkspace --cminDefaultMinimizerStrategy 0   -v 0 --job-mode condor --sub-opts='+JobFlavour=longlunch'
/afs/cern.ch/user/m/mmorris/BackgroundEstimation/CMSSW_10_6_14/src/BstarToTW_CMSDAS2023_BackgroundEstimation/regions_yonly/2018/ttbarfits_inclusive/signalZPrime2500_10_area
 <<< Combine >>> 
>>> random number generator seed is 123456
>>> method used is AsymptoticLimits
SimNLL created with 12 channels, 0 generic constraints, 8 fast gaussian constraints, 0 fast poisson constraints, 0 fast group constraints, 
SimNLL created with 12 channels, 0 generic constraints, 8 fast gaussian constraints, 0 fast poisson constraints, 0 fast group constraints, 
SimNLL created with 12 channels, 0 generic constraints, 8 fast gaussian constraints, 0 fast poisson constraints, 0 fast group constraints, 

 -- AsymptoticLimits ( CLs ) --
Observed Limit: r < 0.0271
Expected  2.5%: r < 0.0142
Expected 16.0%: r < 0.0185
Expected 50.0%: r < 0.0259
Expected 84.0%: r < 0.0362
Expected 97.5%: r < 0.0491

Done in 1.93 min (cpu), 1.93 min (real)
>> combine --saveWorkspace --cminDefaultMinimizerStrategy 0 -v 0 -M AsymptoticLimits -d signalZPrime2500_card.txt -n .Test

combining data cards into /afs/cern.ch/user/m/mmorris/BackgroundEstimation/CMSSW_10_6_14/src/BstarToTW_CMSDAS2023_BackgroundEstimation/regions_yonly/2018/ttbarfits_inclusive/signalZPrime3000_10_area/signalZPrime3000_card.txt
combineTool.py -M AsymptoticLimits -d signalZPrime3000_card.txt --saveWorkspace --cminDefaultMinimizerStrategy 0   -v 0 --job-mode condor --sub-opts='+JobFlavour=longlunch'
/afs/cern.ch/user/m/mmorris/BackgroundEstimation/CMSSW_10_6_14/src/BstarToTW_CMSDAS2023_BackgroundEstimation/regions_yonly/2018/ttbarfits_inclusive/signalZPrime3000_10_area
 <<< Combine >>> 
>>> random number generator seed is 123456
>>> method used is AsymptoticLimits
SimNLL created with 12 channels, 0 generic constraints, 8 fast gaussian constraints, 0 fast poisson constraints, 0 fast group constraints, 
SimNLL created with 12 channels, 0 generic constraints, 8 fast gaussian constraints, 0 fast poisson constraints, 0 fast group constraints, 
SimNLL created with 12 channels, 0 generic constraints, 8 fast gaussian constraints, 0 fast poisson constraints, 0 fast group constraints, 

 -- AsymptoticLimits ( CLs ) --
Observed Limit: r < 0.0045
Expected  2.5%: r < 0.0093
Expected 16.0%: r < 0.0129
Expected 50.0%: r < 0.0181
Expected 84.0%: r < 0.0253
Expected 97.5%: r < 0.0341

Done in 1.86 min (cpu), 1.86 min (real)
>> combine --saveWorkspace --cminDefaultMinimizerStrategy 0 -v 0 -M AsymptoticLimits -d signalZPrime3000_card.txt -n .Test

combining data cards into /afs/cern.ch/user/m/mmorris/BackgroundEstimation/CMSSW_10_6_14/src/BstarToTW_CMSDAS2023_BackgroundEstimation/regions_yonly/2018/ttbarfits_inclusive/signalZPrime3500_10_area/signalZPrime3500_card.txt
combineTool.py -M AsymptoticLimits -d signalZPrime3500_card.txt --saveWorkspace --cminDefaultMinimizerStrategy 0   -v 0 --job-mode condor --sub-opts='+JobFlavour=longlunch'
/afs/cern.ch/user/m/mmorris/BackgroundEstimation/CMSSW_10_6_14/src/BstarToTW_CMSDAS2023_BackgroundEstimation/regions_yonly/2018/ttbarfits_inclusive/signalZPrime3500_10_area
 <<< Combine >>> 
>>> random number generator seed is 123456
>>> method used is AsymptoticLimits
SimNLL created with 12 channels, 0 generic constraints, 8 fast gaussian constraints, 0 fast poisson constraints, 0 fast group constraints, 
SimNLL created with 12 channels, 0 generic constraints, 8 fast gaussian constraints, 0 fast poisson constraints, 0 fast group constraints, 
SimNLL created with 12 channels, 0 generic constraints, 8 fast gaussian constraints, 0 fast poisson constraints, 0 fast group constraints, 

 -- AsymptoticLimits ( CLs ) --
Observed Limit: r < 0.0035
Expected  2.5%: r < 0.0075
Expected 16.0%: r < 0.0100
Expected 50.0%: r < 0.0142
Expected 84.0%: r < 0.0200
Expected 97.5%: r < 0.0276

Done in 1.96 min (cpu), 1.97 min (real)
>> combine --saveWorkspace --cminDefaultMinimizerStrategy 0 -v 0 -M AsymptoticLimits -d signalZPrime3500_card.txt -n .Test

combining data cards into /afs/cern.ch/user/m/mmorris/BackgroundEstimation/CMSSW_10_6_14/src/BstarToTW_CMSDAS2023_BackgroundEstimation/regions_yonly/2018/ttbarfits_inclusive/signalZPrime4000_10_area/signalZPrime4000_card.txt
combineTool.py -M AsymptoticLimits -d signalZPrime4000_card.txt --saveWorkspace --cminDefaultMinimizerStrategy 0   -v 0 --job-mode condor --sub-opts='+JobFlavour=longlunch'
/afs/cern.ch/user/m/mmorris/BackgroundEstimation/CMSSW_10_6_14/src/BstarToTW_CMSDAS2023_BackgroundEstimation/regions_yonly/2018/ttbarfits_inclusive/signalZPrime4000_10_area
 <<< Combine >>> 
>>> random number generator seed is 123456
>>> method used is AsymptoticLimits
SimNLL created with 12 channels, 0 generic constraints, 8 fast gaussian constraints, 0 fast poisson constraints, 0 fast group constraints, 
SimNLL created with 12 channels, 0 generic constraints, 8 fast gaussian constraints, 0 fast poisson constraints, 0 fast group constraints, 
SimNLL created with 12 channels, 0 generic constraints, 8 fast gaussian constraints, 0 fast poisson constraints, 0 fast group constraints, 

 -- AsymptoticLimits ( CLs ) --
Observed Limit: r < 0.0144
Expected  2.5%: r < 0.0070
Expected 16.0%: r < 0.0089
Expected 50.0%: r < 0.0132
Expected 84.0%: r < 0.0186
Expected 97.5%: r < 0.0250

Done in 2.13 min (cpu), 2.14 min (real)
>> combine --saveWorkspace --cminDefaultMinimizerStrategy 0 -v 0 -M AsymptoticLimits -d signalZPrime4000_card.txt -n .Test

combining data cards into /afs/cern.ch/user/m/mmorris/BackgroundEstimation/CMSSW_10_6_14/src/BstarToTW_CMSDAS2023_BackgroundEstimation/regions_yonly/2018/ttbarfits_inclusive/signalZPrime4500_10_area/signalZPrime4500_card.txt
combineTool.py -M AsymptoticLimits -d signalZPrime4500_card.txt --saveWorkspace --cminDefaultMinimizerStrategy 0   -v 0 --job-mode condor --sub-opts='+JobFlavour=longlunch'
/afs/cern.ch/user/m/mmorris/BackgroundEstimation/CMSSW_10_6_14/src/BstarToTW_CMSDAS2023_BackgroundEstimation/regions_yonly/2018/ttbarfits_inclusive/signalZPrime4500_10_area
 <<< Combine >>> 
>>> random number generator seed is 123456
>>> method used is AsymptoticLimits
SimNLL created with 12 channels, 0 generic constraints, 8 fast gaussian constraints, 0 fast poisson constraints, 0 fast group constraints, 
SimNLL created with 12 channels, 0 generic constraints, 8 fast gaussian constraints, 0 fast poisson constraints, 0 fast group constraints, 
SimNLL created with 12 channels, 0 generic constraints, 8 fast gaussian constraints, 0 fast poisson constraints, 0 fast group constraints, 

 -- AsymptoticLimits ( CLs ) --
Observed Limit: r < 0.0003
Expected  2.5%: r < 0.0075
Expected 16.0%: r < 0.0104
Expected 50.0%: r < 0.0142
Expected 84.0%: r < 0.0209
Expected 97.5%: r < 0.0289

Done in 2.02 min (cpu), 2.03 min (real)
>> combine --saveWorkspace --cminDefaultMinimizerStrategy 0 -v 0 -M AsymptoticLimits -d signalZPrime4500_card.txt -n .Test

combining data cards into /afs/cern.ch/user/m/mmorris/BackgroundEstimation/CMSSW_10_6_14/src/BstarToTW_CMSDAS2023_BackgroundEstimation/regions_yonly/2018/ttbarfits_inclusive/signalZPrime5000_10_area/signalZPrime5000_card.txt
combineTool.py -M AsymptoticLimits -d signalZPrime5000_card.txt --saveWorkspace --cminDefaultMinimizerStrategy 0   -v 0 --job-mode condor --sub-opts='+JobFlavour=longlunch'
/afs/cern.ch/user/m/mmorris/BackgroundEstimation/CMSSW_10_6_14/src/BstarToTW_CMSDAS2023_BackgroundEstimation/regions_yonly/2018/ttbarfits_inclusive/signalZPrime5000_10_area
 <<< Combine >>> 
>>> random number generator seed is 123456
>>> method used is AsymptoticLimits
SimNLL created with 12 channels, 0 generic constraints, 8 fast gaussian constraints, 0 fast poisson constraints, 0 fast group constraints, 
SimNLL created with 12 channels, 0 generic constraints, 8 fast gaussian constraints, 0 fast poisson constraints, 0 fast group constraints, 
SimNLL created with 12 channels, 0 generic constraints, 8 fast gaussian constraints, 0 fast poisson constraints, 0 fast group constraints, 

 -- AsymptoticLimits ( CLs ) --
Observed Limit: r < 0.4249
Expected  2.5%: r < 0.0091
Expected 16.0%: r < 0.0123
Expected 50.0%: r < 0.0171
Expected 84.0%: r < 0.0250
Expected 97.5%: r < 0.0347

Done in 1.88 min (cpu), 1.88 min (real)
>> combine --saveWorkspace --cminDefaultMinimizerStrategy 0 -v 0 -M AsymptoticLimits -d signalZPrime5000_card.txt -n .Test

combining data cards into /afs/cern.ch/user/m/mmorris/BackgroundEstimation/CMSSW_10_6_14/src/BstarToTW_CMSDAS2023_BackgroundEstimation/regions_yonly/2018/ttbarfits_inclusive/signalZPrime6000_10_area/signalZPrime6000_card.txt
combineTool.py -M AsymptoticLimits -d signalZPrime6000_card.txt --saveWorkspace --cminDefaultMinimizerStrategy 0   -v 0 --job-mode condor --sub-opts='+JobFlavour=longlunch'
/afs/cern.ch/user/m/mmorris/BackgroundEstimation/CMSSW_10_6_14/src/BstarToTW_CMSDAS2023_BackgroundEstimation/regions_yonly/2018/ttbarfits_inclusive/signalZPrime6000_10_area
 <<< Combine >>> 
>>> random number generator seed is 123456
>>> method used is AsymptoticLimits
SimNLL created with 12 channels, 0 generic constraints, 8 fast gaussian constraints, 0 fast poisson constraints, 0 fast group constraints, 
SimNLL created with 12 channels, 0 generic constraints, 8 fast gaussian constraints, 0 fast poisson constraints, 0 fast group constraints, 
SimNLL created with 12 channels, 0 generic constraints, 8 fast gaussian constraints, 0 fast poisson constraints, 0 fast group constraints, 

 -- AsymptoticLimits ( CLs ) --
Observed Limit: r < 0.2708
Expected  2.5%: r < 0.0128
Expected 16.0%: r < 0.0177
Expected 50.0%: r < 0.0249
Expected 84.0%: r < 0.0356
Expected 97.5%: r < 0.0503

Done in 1.66 min (cpu), 1.66 min (real)
>> combine --saveWorkspace --cminDefaultMinimizerStrategy 0 -v 0 -M AsymptoticLimits -d signalZPrime6000_card.txt -n .Test

combining data cards into /afs/cern.ch/user/m/mmorris/BackgroundEstimation/CMSSW_10_6_14/src/BstarToTW_CMSDAS2023_BackgroundEstimation/regions_yonly/2018/ttbarfits_inclusive/signalZPrime7000_10_area/signalZPrime7000_card.txt
combineTool.py -M AsymptoticLimits -d signalZPrime7000_card.txt --saveWorkspace --cminDefaultMinimizerStrategy 0   -v 0 --job-mode condor --sub-opts='+JobFlavour=longlunch'
/afs/cern.ch/user/m/mmorris/BackgroundEstimation/CMSSW_10_6_14/src/BstarToTW_CMSDAS2023_BackgroundEstimation/regions_yonly/2018/ttbarfits_inclusive/signalZPrime7000_10_area
 <<< Combine >>> 
>>> random number generator seed is 123456
>>> method used is AsymptoticLimits
SimNLL created with 12 channels, 0 generic constraints, 8 fast gaussian constraints, 0 fast poisson constraints, 0 fast group constraints, 
SimNLL created with 12 channels, 0 generic constraints, 8 fast gaussian constraints, 0 fast poisson constraints, 0 fast group constraints, 
SimNLL created with 12 channels, 0 generic constraints, 8 fast gaussian constraints, 0 fast poisson constraints, 0 fast group constraints, 

 -- AsymptoticLimits ( CLs ) --
Observed Limit: r < 4.4686
Expected  2.5%: r < 0.0248
Expected 16.0%: r < 0.0333
Expected 50.0%: r < 0.0474
Expected 84.0%: r < 0.0681
Expected 97.5%: r < 0.0951

Done in 1.95 min (cpu), 1.96 min (real)
>> combine --saveWorkspace --cminDefaultMinimizerStrategy 0 -v 0 -M AsymptoticLimits -d signalZPrime7000_card.txt -n .Test

combining data cards into /afs/cern.ch/user/m/mmorris/BackgroundEstimation/CMSSW_10_6_14/src/BstarToTW_CMSDAS2023_BackgroundEstimation/regions_yonly/2018/ttbarfits_inclusive/signalZPrime1000_30_area/signalZPrime1000_card.txt
combineTool.py -M AsymptoticLimits -d signalZPrime1000_card.txt --saveWorkspace --cminDefaultMinimizerStrategy 0   -v 0 --job-mode condor --sub-opts='+JobFlavour=longlunch'
/afs/cern.ch/user/m/mmorris/BackgroundEstimation/CMSSW_10_6_14/src/BstarToTW_CMSDAS2023_BackgroundEstimation/regions_yonly/2018/ttbarfits_inclusive/signalZPrime1000_30_area
 <<< Combine >>> 
>>> random number generator seed is 123456
>>> method used is AsymptoticLimits
SimNLL created with 12 channels, 0 generic constraints, 8 fast gaussian constraints, 0 fast poisson constraints, 0 fast group constraints, 
SimNLL created with 12 channels, 0 generic constraints, 8 fast gaussian constraints, 0 fast poisson constraints, 0 fast group constraints, 
SimNLL created with 12 channels, 0 generic constraints, 8 fast gaussian constraints, 0 fast poisson constraints, 0 fast group constraints, 

 -- AsymptoticLimits ( CLs ) --
Observed Limit: r < 15.9289
Expected  2.5%: r < 2.7356
Expected 16.0%: r < 3.6551
Expected 50.0%: r < 5.1875
Expected 84.0%: r < 7.5034
Expected 97.5%: r < 10.6373

Done in 1.31 min (cpu), 1.32 min (real)
>> combine --saveWorkspace --cminDefaultMinimizerStrategy 0 -v 0 -M AsymptoticLimits -d signalZPrime1000_card.txt -n .Test

combining data cards into /afs/cern.ch/user/m/mmorris/BackgroundEstimation/CMSSW_10_6_14/src/BstarToTW_CMSDAS2023_BackgroundEstimation/regions_yonly/2018/ttbarfits_inclusive/signalZPrime1200_30_area/signalZPrime1200_card.txt
combineTool.py -M AsymptoticLimits -d signalZPrime1200_card.txt --saveWorkspace --cminDefaultMinimizerStrategy 0   -v 0 --job-mode condor --sub-opts='+JobFlavour=longlunch'
/afs/cern.ch/user/m/mmorris/BackgroundEstimation/CMSSW_10_6_14/src/BstarToTW_CMSDAS2023_BackgroundEstimation/regions_yonly/2018/ttbarfits_inclusive/signalZPrime1200_30_area
 <<< Combine >>> 
>>> random number generator seed is 123456
>>> method used is AsymptoticLimits
SimNLL created with 12 channels, 0 generic constraints, 8 fast gaussian constraints, 0 fast poisson constraints, 0 fast group constraints, 
SimNLL created with 12 channels, 0 generic constraints, 8 fast gaussian constraints, 0 fast poisson constraints, 0 fast group constraints, 
SimNLL created with 12 channels, 0 generic constraints, 8 fast gaussian constraints, 0 fast poisson constraints, 0 fast group constraints, 

 -- AsymptoticLimits ( CLs ) --
Observed Limit: r < 666.1517
Expected  2.5%: r < 0.7272
Expected 16.0%: r < 0.9767
Expected 50.0%: r < 1.3789
Expected 84.0%: r < 1.9780
Expected 97.5%: r < 2.7567

Done in 1.95 min (cpu), 1.96 min (real)

combining data cards into /afs/cern.ch/user/m/mmorris/BackgroundEstimation/CMSSW_10_6_14/src/BstarToTW_CMSDAS2023_BackgroundEstimation/regions_yonly/2018/ttbarfits_inclusive/signalZPrime1400_30_area/signalZPrime1400_card.txt
combineTool.py -M AsymptoticLimits -d signalZPrime1400_card.txt --saveWorkspace --cminDefaultMinimizerStrategy 0   -v 0 --job-mode condor --sub-opts='+JobFlavour=longlunch'
/afs/cern.ch/user/m/mmorris/BackgroundEstimation/CMSSW_10_6_14/src/BstarToTW_CMSDAS2023_BackgroundEstimation/regions_yonly/2018/ttbarfits_inclusive/signalZPrime1400_30_area
 <<< Combine >>> 
>>> random number generator seed is 123456
>>> method used is AsymptoticLimits
SimNLL created with 12 channels, 0 generic constraints, 8 fast gaussian constraints, 0 fast poisson constraints, 0 fast group constraints, 
SimNLL created with 12 channels, 0 generic constraints, 8 fast gaussian constraints, 0 fast poisson constraints, 0 fast group constraints, 
SimNLL created with 12 channels, 0 generic constraints, 8 fast gaussian constraints, 0 fast poisson constraints, 0 fast group constraints, 

 -- AsymptoticLimits ( CLs ) --
Observed Limit: r < 0.8841
Expected  2.5%: r < 0.2667
Expected 16.0%: r < 0.3567
Expected 50.0%: r < 0.5020
Expected 84.0%: r < 0.7200
Expected 97.5%: r < 0.9941

Done in 1.44 min (cpu), 1.44 min (real)
>> combine --saveWorkspace --cminDefaultMinimizerStrategy 0 -v 0 -M AsymptoticLimits -d signalZPrime1400_card.txt -n .Test

combining data cards into /afs/cern.ch/user/m/mmorris/BackgroundEstimation/CMSSW_10_6_14/src/BstarToTW_CMSDAS2023_BackgroundEstimation/regions_yonly/2018/ttbarfits_inclusive/signalZPrime1800_30_area/signalZPrime1800_card.txt
combineTool.py -M AsymptoticLimits -d signalZPrime1800_card.txt --saveWorkspace --cminDefaultMinimizerStrategy 0   -v 0 --job-mode condor --sub-opts='+JobFlavour=longlunch'
/afs/cern.ch/user/m/mmorris/BackgroundEstimation/CMSSW_10_6_14/src/BstarToTW_CMSDAS2023_BackgroundEstimation/regions_yonly/2018/ttbarfits_inclusive/signalZPrime1800_30_area
 <<< Combine >>> 
>>> random number generator seed is 123456
>>> method used is AsymptoticLimits
SimNLL created with 12 channels, 0 generic constraints, 8 fast gaussian constraints, 0 fast poisson constraints, 0 fast group constraints, 
SimNLL created with 12 channels, 0 generic constraints, 8 fast gaussian constraints, 0 fast poisson constraints, 0 fast group constraints, 
SimNLL created with 12 channels, 0 generic constraints, 8 fast gaussian constraints, 0 fast poisson constraints, 0 fast group constraints, 

 -- AsymptoticLimits ( CLs ) --
Observed Limit: r < 0.3789
Expected  2.5%: r < 0.0807
Expected 16.0%: r < 0.1081
Expected 50.0%: r < 0.1509
Expected 84.0%: r < 0.2128
Expected 97.5%: r < 0.2907

Done in 1.64 min (cpu), 1.65 min (real)
>> combine --saveWorkspace --cminDefaultMinimizerStrategy 0 -v 0 -M AsymptoticLimits -d signalZPrime1800_card.txt -n .Test

combining data cards into /afs/cern.ch/user/m/mmorris/BackgroundEstimation/CMSSW_10_6_14/src/BstarToTW_CMSDAS2023_BackgroundEstimation/regions_yonly/2018/ttbarfits_inclusive/signalZPrime2000_30_area/signalZPrime2000_card.txt
combineTool.py -M AsymptoticLimits -d signalZPrime2000_card.txt --saveWorkspace --cminDefaultMinimizerStrategy 0   -v 0 --job-mode condor --sub-opts='+JobFlavour=longlunch'
/afs/cern.ch/user/m/mmorris/BackgroundEstimation/CMSSW_10_6_14/src/BstarToTW_CMSDAS2023_BackgroundEstimation/regions_yonly/2018/ttbarfits_inclusive/signalZPrime2000_30_area
 <<< Combine >>> 
>>> random number generator seed is 123456
>>> method used is AsymptoticLimits
SimNLL created with 12 channels, 0 generic constraints, 8 fast gaussian constraints, 0 fast poisson constraints, 0 fast group constraints, 
SimNLL created with 12 channels, 0 generic constraints, 8 fast gaussian constraints, 0 fast poisson constraints, 0 fast group constraints, 
SimNLL created with 12 channels, 0 generic constraints, 8 fast gaussian constraints, 0 fast poisson constraints, 0 fast group constraints, 

 -- AsymptoticLimits ( CLs ) --
Observed Limit: r < 0.1636
Expected  2.5%: r < 0.0508
Expected 16.0%: r < 0.0674
Expected 50.0%: r < 0.0942
Expected 84.0%: r < 0.1318
Expected 97.5%: r < 0.1784

Done in 1.76 min (cpu), 1.76 min (real)

combining data cards into /afs/cern.ch/user/m/mmorris/BackgroundEstimation/CMSSW_10_6_14/src/BstarToTW_CMSDAS2023_BackgroundEstimation/regions_yonly/2018/ttbarfits_inclusive/signalZPrime2500_30_area/signalZPrime2500_card.txt
combineTool.py -M AsymptoticLimits -d signalZPrime2500_card.txt --saveWorkspace --cminDefaultMinimizerStrategy 0   -v 0 --job-mode condor --sub-opts='+JobFlavour=longlunch'
/afs/cern.ch/user/m/mmorris/BackgroundEstimation/CMSSW_10_6_14/src/BstarToTW_CMSDAS2023_BackgroundEstimation/regions_yonly/2018/ttbarfits_inclusive/signalZPrime2500_30_area
 <<< Combine >>> 
>>> random number generator seed is 123456
>>> method used is AsymptoticLimits
SimNLL created with 12 channels, 0 generic constraints, 8 fast gaussian constraints, 0 fast poisson constraints, 0 fast group constraints, 
SimNLL created with 12 channels, 0 generic constraints, 8 fast gaussian constraints, 0 fast poisson constraints, 0 fast group constraints, 
SimNLL created with 12 channels, 0 generic constraints, 8 fast gaussian constraints, 0 fast poisson constraints, 0 fast group constraints, 

 -- AsymptoticLimits ( CLs ) --
Observed Limit: r < 2.5638
Expected  2.5%: r < 0.0276
Expected 16.0%: r < 0.0369
Expected 50.0%: r < 0.0513
Expected 84.0%: r < 0.0721
Expected 97.5%: r < 0.0973

Done in 2.04 min (cpu), 2.05 min (real)
>> combine --saveWorkspace --cminDefaultMinimizerStrategy 0 -v 0 -M AsymptoticLimits -d signalZPrime2500_card.txt -n .Test

combining data cards into /afs/cern.ch/user/m/mmorris/BackgroundEstimation/CMSSW_10_6_14/src/BstarToTW_CMSDAS2023_BackgroundEstimation/regions_yonly/2018/ttbarfits_inclusive/signalZPrime3000_30_area/signalZPrime3000_card.txt
combineTool.py -M AsymptoticLimits -d signalZPrime3000_card.txt --saveWorkspace --cminDefaultMinimizerStrategy 0   -v 0 --job-mode condor --sub-opts='+JobFlavour=longlunch'
/afs/cern.ch/user/m/mmorris/BackgroundEstimation/CMSSW_10_6_14/src/BstarToTW_CMSDAS2023_BackgroundEstimation/regions_yonly/2018/ttbarfits_inclusive/signalZPrime3000_30_area
 <<< Combine >>> 
>>> random number generator seed is 123456
>>> method used is AsymptoticLimits
SimNLL created with 12 channels, 0 generic constraints, 8 fast gaussian constraints, 0 fast poisson constraints, 0 fast group constraints, 
SimNLL created with 12 channels, 0 generic constraints, 8 fast gaussian constraints, 0 fast poisson constraints, 0 fast group constraints, 
SimNLL created with 12 channels, 0 generic constraints, 8 fast gaussian constraints, 0 fast poisson constraints, 0 fast group constraints, 

 -- AsymptoticLimits ( CLs ) --
Observed Limit: r < 0.0092
Expected  2.5%: r < 0.0203
Expected 16.0%: r < 0.0270
Expected 50.0%: r < 0.0376
Expected 84.0%: r < 0.0535
Expected 97.5%: r < 0.0720

Done in 1.89 min (cpu), 1.89 min (real)

combining data cards into /afs/cern.ch/user/m/mmorris/BackgroundEstimation/CMSSW_10_6_14/src/BstarToTW_CMSDAS2023_BackgroundEstimation/regions_yonly/2018/ttbarfits_inclusive/signalZPrime3500_30_area/signalZPrime3500_card.txt
combineTool.py -M AsymptoticLimits -d signalZPrime3500_card.txt --saveWorkspace --cminDefaultMinimizerStrategy 0   -v 0 --job-mode condor --sub-opts='+JobFlavour=longlunch'
/afs/cern.ch/user/m/mmorris/BackgroundEstimation/CMSSW_10_6_14/src/BstarToTW_CMSDAS2023_BackgroundEstimation/regions_yonly/2018/ttbarfits_inclusive/signalZPrime3500_30_area
 <<< Combine >>> 
>>> random number generator seed is 123456
>>> method used is AsymptoticLimits
SimNLL created with 12 channels, 0 generic constraints, 8 fast gaussian constraints, 0 fast poisson constraints, 0 fast group constraints, 
SimNLL created with 12 channels, 0 generic constraints, 8 fast gaussian constraints, 0 fast poisson constraints, 0 fast group constraints, 
SimNLL created with 12 channels, 0 generic constraints, 8 fast gaussian constraints, 0 fast poisson constraints, 0 fast group constraints, 

 -- AsymptoticLimits ( CLs ) --
Observed Limit: r < 0.0075
Expected  2.5%: r < 0.0174
Expected 16.0%: r < 0.0236
Expected 50.0%: r < 0.0327
Expected 84.0%: r < 0.0460
Expected 97.5%: r < 0.0631

Done in 1.88 min (cpu), 1.88 min (real)
>> combine --saveWorkspace --cminDefaultMinimizerStrategy 0 -v 0 -M AsymptoticLimits -d signalZPrime3500_card.txt -n .Test

combining data cards into /afs/cern.ch/user/m/mmorris/BackgroundEstimation/CMSSW_10_6_14/src/BstarToTW_CMSDAS2023_BackgroundEstimation/regions_yonly/2018/ttbarfits_inclusive/signalZPrime4000_30_area/signalZPrime4000_card.txt
combineTool.py -M AsymptoticLimits -d signalZPrime4000_card.txt --saveWorkspace --cminDefaultMinimizerStrategy 0   -v 0 --job-mode condor --sub-opts='+JobFlavour=longlunch'
/afs/cern.ch/user/m/mmorris/BackgroundEstimation/CMSSW_10_6_14/src/BstarToTW_CMSDAS2023_BackgroundEstimation/regions_yonly/2018/ttbarfits_inclusive/signalZPrime4000_30_area
 <<< Combine >>> 
>>> random number generator seed is 123456
>>> method used is AsymptoticLimits
SimNLL created with 12 channels, 0 generic constraints, 8 fast gaussian constraints, 0 fast poisson constraints, 0 fast group constraints, 
SimNLL created with 12 channels, 0 generic constraints, 8 fast gaussian constraints, 0 fast poisson constraints, 0 fast group constraints, 
SimNLL created with 12 channels, 0 generic constraints, 8 fast gaussian constraints, 0 fast poisson constraints, 0 fast group constraints, 

 -- AsymptoticLimits ( CLs ) --
Observed Limit: r < 1.2198
Expected  2.5%: r < 0.0174
Expected 16.0%: r < 0.0232
Expected 50.0%: r < 0.0317
Expected 84.0%: r < 0.0454
Expected 97.5%: r < 0.0622

Done in 2.01 min (cpu), 2.02 min (real)
>> combine --saveWorkspace --cminDefaultMinimizerStrategy 0 -v 0 -M AsymptoticLimits -d signalZPrime4000_card.txt -n .Test

combining data cards into /afs/cern.ch/user/m/mmorris/BackgroundEstimation/CMSSW_10_6_14/src/BstarToTW_CMSDAS2023_BackgroundEstimation/regions_yonly/2018/ttbarfits_inclusive/signalZPrime4500_30_area/signalZPrime4500_card.txt
combineTool.py -M AsymptoticLimits -d signalZPrime4500_card.txt --saveWorkspace --cminDefaultMinimizerStrategy 0   -v 0 --job-mode condor --sub-opts='+JobFlavour=longlunch'
/afs/cern.ch/user/m/mmorris/BackgroundEstimation/CMSSW_10_6_14/src/BstarToTW_CMSDAS2023_BackgroundEstimation/regions_yonly/2018/ttbarfits_inclusive/signalZPrime4500_30_area
 <<< Combine >>> 
>>> random number generator seed is 123456
>>> method used is AsymptoticLimits
SimNLL created with 12 channels, 0 generic constraints, 8 fast gaussian constraints, 0 fast poisson constraints, 0 fast group constraints, 
SimNLL created with 12 channels, 0 generic constraints, 8 fast gaussian constraints, 0 fast poisson constraints, 0 fast group constraints, 
SimNLL created with 12 channels, 0 generic constraints, 8 fast gaussian constraints, 0 fast poisson constraints, 0 fast group constraints, 

 -- AsymptoticLimits ( CLs ) --
Observed Limit: r < 3.0446
Expected  2.5%: r < 0.0187
Expected 16.0%: r < 0.0252
Expected 50.0%: r < 0.0347
Expected 84.0%: r < 0.0499
Expected 97.5%: r < 0.0685

Done in 1.99 min (cpu), 2.01 min (real)
>> combine --saveWorkspace --cminDefaultMinimizerStrategy 0 -v 0 -M AsymptoticLimits -d signalZPrime4500_card.txt -n .Test

combining data cards into /afs/cern.ch/user/m/mmorris/BackgroundEstimation/CMSSW_10_6_14/src/BstarToTW_CMSDAS2023_BackgroundEstimation/regions_yonly/2018/ttbarfits_inclusive/signalZPrime5000_30_area/signalZPrime5000_card.txt
combineTool.py -M AsymptoticLimits -d signalZPrime5000_card.txt --saveWorkspace --cminDefaultMinimizerStrategy 0   -v 0 --job-mode condor --sub-opts='+JobFlavour=longlunch'
/afs/cern.ch/user/m/mmorris/BackgroundEstimation/CMSSW_10_6_14/src/BstarToTW_CMSDAS2023_BackgroundEstimation/regions_yonly/2018/ttbarfits_inclusive/signalZPrime5000_30_area
 <<< Combine >>> 
>>> random number generator seed is 123456
>>> method used is AsymptoticLimits
SimNLL created with 12 channels, 0 generic constraints, 8 fast gaussian constraints, 0 fast poisson constraints, 0 fast group constraints, 
SimNLL created with 12 channels, 0 generic constraints, 8 fast gaussian constraints, 0 fast poisson constraints, 0 fast group constraints, 
SimNLL created with 12 channels, 0 generic constraints, 8 fast gaussian constraints, 0 fast poisson constraints, 0 fast group constraints, 

 -- AsymptoticLimits ( CLs ) --
Observed Limit: r < 0.0117
Expected  2.5%: r < 0.0205
Expected 16.0%: r < 0.0276
Expected 50.0%: r < 0.0386
Expected 84.0%: r < 0.0555
Expected 97.5%: r < 0.0763

Done in 2.08 min (cpu), 2.08 min (real)
>> combine --saveWorkspace --cminDefaultMinimizerStrategy 0 -v 0 -M AsymptoticLimits -d signalZPrime5000_card.txt -n .Test

combining data cards into /afs/cern.ch/user/m/mmorris/BackgroundEstimation/CMSSW_10_6_14/src/BstarToTW_CMSDAS2023_BackgroundEstimation/regions_yonly/2018/ttbarfits_inclusive/signalZPrime6000_30_area/signalZPrime6000_card.txt
combineTool.py -M AsymptoticLimits -d signalZPrime6000_card.txt --saveWorkspace --cminDefaultMinimizerStrategy 0   -v 0 --job-mode condor --sub-opts='+JobFlavour=longlunch'
/afs/cern.ch/user/m/mmorris/BackgroundEstimation/CMSSW_10_6_14/src/BstarToTW_CMSDAS2023_BackgroundEstimation/regions_yonly/2018/ttbarfits_inclusive/signalZPrime6000_30_area
 <<< Combine >>> 
>>> random number generator seed is 123456
>>> method used is AsymptoticLimits
SimNLL created with 12 channels, 0 generic constraints, 8 fast gaussian constraints, 0 fast poisson constraints, 0 fast group constraints, 
SimNLL created with 12 channels, 0 generic constraints, 8 fast gaussian constraints, 0 fast poisson constraints, 0 fast group constraints, 
SimNLL created with 12 channels, 0 generic constraints, 8 fast gaussian constraints, 0 fast poisson constraints, 0 fast group constraints, 

 -- AsymptoticLimits ( CLs ) --
Observed Limit: r < 0.0206
Expected  2.5%: r < 0.0278
Expected 16.0%: r < 0.0373
Expected 50.0%: r < 0.0522
Expected 84.0%: r < 0.0743
Expected 97.5%: r < 0.1024

Done in 1.74 min (cpu), 1.75 min (real)
>> combine --saveWorkspace --cminDefaultMinimizerStrategy 0 -v 0 -M AsymptoticLimits -d signalZPrime6000_card.txt -n .Test

combining data cards into /afs/cern.ch/user/m/mmorris/BackgroundEstimation/CMSSW_10_6_14/src/BstarToTW_CMSDAS2023_BackgroundEstimation/regions_yonly/2018/ttbarfits_inclusive/signalZPrime7000_30_area/signalZPrime7000_card.txt
combineTool.py -M AsymptoticLimits -d signalZPrime7000_card.txt --saveWorkspace --cminDefaultMinimizerStrategy 0   -v 0 --job-mode condor --sub-opts='+JobFlavour=longlunch'
/afs/cern.ch/user/m/mmorris/BackgroundEstimation/CMSSW_10_6_14/src/BstarToTW_CMSDAS2023_BackgroundEstimation/regions_yonly/2018/ttbarfits_inclusive/signalZPrime7000_30_area
 <<< Combine >>> 
>>> random number generator seed is 123456
>>> method used is AsymptoticLimits
SimNLL created with 12 channels, 0 generic constraints, 8 fast gaussian constraints, 0 fast poisson constraints, 0 fast group constraints, 
SimNLL created with 12 channels, 0 generic constraints, 8 fast gaussian constraints, 0 fast poisson constraints, 0 fast group constraints, 
SimNLL created with 12 channels, 0 generic constraints, 8 fast gaussian constraints, 0 fast poisson constraints, 0 fast group constraints, 

 -- AsymptoticLimits ( CLs ) --
Observed Limit: r < 2.4905
Expected  2.5%: r < 0.0368
Expected 16.0%: r < 0.0493
Expected 50.0%: r < 0.0693
Expected 84.0%: r < 0.0986
Expected 97.5%: r < 0.1359

Done in 2.56 min (cpu), 2.57 min (real)
>> combine --saveWorkspace --cminDefaultMinimizerStrategy 0 -v 0 -M AsymptoticLimits -d signalZPrime7000_card.txt -n .Test

combining data cards into /afs/cern.ch/user/m/mmorris/BackgroundEstimation/CMSSW_10_6_14/src/BstarToTW_CMSDAS2023_BackgroundEstimation/regions_yonly/2018/ttbarfits_inclusive/signalZPrime1000_1_area/signalZPrime1000_card.txt
combineTool.py -M AsymptoticLimits -d signalZPrime1000_card.txt --saveWorkspace --cminDefaultMinimizerStrategy 0   -v 0 --job-mode condor --sub-opts='+JobFlavour=longlunch'
/afs/cern.ch/user/m/mmorris/BackgroundEstimation/CMSSW_10_6_14/src/BstarToTW_CMSDAS2023_BackgroundEstimation/regions_yonly/2018/ttbarfits_inclusive/signalZPrime1000_1_area
 <<< Combine >>> 
>>> random number generator seed is 123456
>>> method used is AsymptoticLimits
SimNLL created with 12 channels, 0 generic constraints, 8 fast gaussian constraints, 0 fast poisson constraints, 0 fast group constraints, 
SimNLL created with 12 channels, 0 generic constraints, 8 fast gaussian constraints, 0 fast poisson constraints, 0 fast group constraints, 
SimNLL created with 12 channels, 0 generic constraints, 8 fast gaussian constraints, 0 fast poisson constraints, 0 fast group constraints, 

 -- AsymptoticLimits ( CLs ) --
Observed Limit: r < 312.5416
Expected  2.5%: r < 4.6912
Expected 16.0%: r < 6.4306
Expected 50.0%: r < 9.5312
Expected 84.0%: r < 14.6222
Expected 97.5%: r < 21.5222

Done in 2.03 min (cpu), 2.03 min (real)
>> combine --saveWorkspace --cminDefaultMinimizerStrategy 0 -v 0 -M AsymptoticLimits -d signalZPrime1000_card.txt -n .Test

combining data cards into /afs/cern.ch/user/m/mmorris/BackgroundEstimation/CMSSW_10_6_14/src/BstarToTW_CMSDAS2023_BackgroundEstimation/regions_yonly/2018/ttbarfits_inclusive/signalZPrime1200_1_area/signalZPrime1200_card.txt
combineTool.py -M AsymptoticLimits -d signalZPrime1200_card.txt --saveWorkspace --cminDefaultMinimizerStrategy 0   -v 0 --job-mode condor --sub-opts='+JobFlavour=longlunch'
/afs/cern.ch/user/m/mmorris/BackgroundEstimation/CMSSW_10_6_14/src/BstarToTW_CMSDAS2023_BackgroundEstimation/regions_yonly/2018/ttbarfits_inclusive/signalZPrime1200_1_area
 <<< Combine >>> 
>>> random number generator seed is 123456
>>> method used is AsymptoticLimits
SimNLL created with 12 channels, 0 generic constraints, 8 fast gaussian constraints, 0 fast poisson constraints, 0 fast group constraints, 
SimNLL created with 12 channels, 0 generic constraints, 8 fast gaussian constraints, 0 fast poisson constraints, 0 fast group constraints, 
SimNLL created with 12 channels, 0 generic constraints, 8 fast gaussian constraints, 0 fast poisson constraints, 0 fast group constraints, 

 -- AsymptoticLimits ( CLs ) --
Observed Limit: r < 57.2094
Expected  2.5%: r < 1.1614
Expected 16.0%: r < 1.5662
Expected 50.0%: r < 2.2188
Expected 84.0%: r < 3.2004
Expected 97.5%: r < 4.4611

Done in 1.76 min (cpu), 1.76 min (real)
>> combine --saveWorkspace --cminDefaultMinimizerStrategy 0 -v 0 -M AsymptoticLimits -d signalZPrime1200_card.txt -n .Test

combining data cards into /afs/cern.ch/user/m/mmorris/BackgroundEstimation/CMSSW_10_6_14/src/BstarToTW_CMSDAS2023_BackgroundEstimation/regions_yonly/2018/ttbarfits_inclusive/signalZPrime1400_1_area/signalZPrime1400_card.txt
combineTool.py -M AsymptoticLimits -d signalZPrime1400_card.txt --saveWorkspace --cminDefaultMinimizerStrategy 0   -v 0 --job-mode condor --sub-opts='+JobFlavour=longlunch'
/afs/cern.ch/user/m/mmorris/BackgroundEstimation/CMSSW_10_6_14/src/BstarToTW_CMSDAS2023_BackgroundEstimation/regions_yonly/2018/ttbarfits_inclusive/signalZPrime1400_1_area
 <<< Combine >>> 
>>> random number generator seed is 123456
>>> method used is AsymptoticLimits
SimNLL created with 12 channels, 0 generic constraints, 8 fast gaussian constraints, 0 fast poisson constraints, 0 fast group constraints, 
SimNLL created with 12 channels, 0 generic constraints, 8 fast gaussian constraints, 0 fast poisson constraints, 0 fast group constraints, 
SimNLL created with 12 channels, 0 generic constraints, 8 fast gaussian constraints, 0 fast poisson constraints, 0 fast group constraints, 

 -- AsymptoticLimits ( CLs ) --
Observed Limit: r < 119.5786
Expected  2.5%: r < 0.0999
Expected 16.0%: r < 0.1348
Expected 50.0%: r < 0.1909
Expected 84.0%: r < 0.2746
Expected 97.5%: r < 0.3834

Done in 2.09 min (cpu), 2.10 min (real)
>> combine --saveWorkspace --cminDefaultMinimizerStrategy 0 -v 0 -M AsymptoticLimits -d signalZPrime1400_card.txt -n .Test

combining data cards into /afs/cern.ch/user/m/mmorris/BackgroundEstimation/CMSSW_10_6_14/src/BstarToTW_CMSDAS2023_BackgroundEstimation/regions_yonly/2018/ttbarfits_inclusive/signalZPrime1600_1_area/signalZPrime1600_card.txt
combineTool.py -M AsymptoticLimits -d signalZPrime1600_card.txt --saveWorkspace --cminDefaultMinimizerStrategy 0   -v 0 --job-mode condor --sub-opts='+JobFlavour=longlunch'
/afs/cern.ch/user/m/mmorris/BackgroundEstimation/CMSSW_10_6_14/src/BstarToTW_CMSDAS2023_BackgroundEstimation/regions_yonly/2018/ttbarfits_inclusive/signalZPrime1600_1_area
 <<< Combine >>> 
>>> random number generator seed is 123456
>>> method used is AsymptoticLimits
SimNLL created with 12 channels, 0 generic constraints, 8 fast gaussian constraints, 0 fast poisson constraints, 0 fast group constraints, 
SimNLL created with 12 channels, 0 generic constraints, 8 fast gaussian constraints, 0 fast poisson constraints, 0 fast group constraints, 
SimNLL created with 12 channels, 0 generic constraints, 8 fast gaussian constraints, 0 fast poisson constraints, 0 fast group constraints, 

 -- AsymptoticLimits ( CLs ) --
Observed Limit: r < 0.0006
Expected  2.5%: r < 0.0360
Expected 16.0%: r < 0.0484
Expected 50.0%: r < 0.0684
Expected 84.0%: r < 0.0981
Expected 97.5%: r < 0.1354

Done in 1.92 min (cpu), 1.93 min (real)
>> combine --saveWorkspace --cminDefaultMinimizerStrategy 0 -v 0 -M AsymptoticLimits -d signalZPrime1600_card.txt -n .Test

combining data cards into /afs/cern.ch/user/m/mmorris/BackgroundEstimation/CMSSW_10_6_14/src/BstarToTW_CMSDAS2023_BackgroundEstimation/regions_yonly/2018/ttbarfits_inclusive/signalZPrime1800_1_area/signalZPrime1800_card.txt
combineTool.py -M AsymptoticLimits -d signalZPrime1800_card.txt --saveWorkspace --cminDefaultMinimizerStrategy 0   -v 0 --job-mode condor --sub-opts='+JobFlavour=longlunch'
/afs/cern.ch/user/m/mmorris/BackgroundEstimation/CMSSW_10_6_14/src/BstarToTW_CMSDAS2023_BackgroundEstimation/regions_yonly/2018/ttbarfits_inclusive/signalZPrime1800_1_area
 <<< Combine >>> 
>>> random number generator seed is 123456
>>> method used is AsymptoticLimits
SimNLL created with 12 channels, 0 generic constraints, 8 fast gaussian constraints, 0 fast poisson constraints, 0 fast group constraints, 
SimNLL created with 12 channels, 0 generic constraints, 8 fast gaussian constraints, 0 fast poisson constraints, 0 fast group constraints, 
SimNLL created with 12 channels, 0 generic constraints, 8 fast gaussian constraints, 0 fast poisson constraints, 0 fast group constraints, 

 -- AsymptoticLimits ( CLs ) --
Observed Limit: r < 0.1042
Expected  2.5%: r < 0.0208
Expected 16.0%: r < 0.0277
Expected 50.0%: r < 0.0386
Expected 84.0%: r < 0.0552
Expected 97.5%: r < 0.0756

Done in 2.02 min (cpu), 2.03 min (real)
>> combine --saveWorkspace --cminDefaultMinimizerStrategy 0 -v 0 -M AsymptoticLimits -d signalZPrime1800_card.txt -n .Test

combining data cards into /afs/cern.ch/user/m/mmorris/BackgroundEstimation/CMSSW_10_6_14/src/BstarToTW_CMSDAS2023_BackgroundEstimation/regions_yonly/2018/ttbarfits_inclusive/signalZPrime2000_1_area/signalZPrime2000_card.txt
combineTool.py -M AsymptoticLimits -d signalZPrime2000_card.txt --saveWorkspace --cminDefaultMinimizerStrategy 0   -v 0 --job-mode condor --sub-opts='+JobFlavour=longlunch'
/afs/cern.ch/user/m/mmorris/BackgroundEstimation/CMSSW_10_6_14/src/BstarToTW_CMSDAS2023_BackgroundEstimation/regions_yonly/2018/ttbarfits_inclusive/signalZPrime2000_1_area
 <<< Combine >>> 
>>> random number generator seed is 123456
>>> method used is AsymptoticLimits
SimNLL created with 12 channels, 0 generic constraints, 8 fast gaussian constraints, 0 fast poisson constraints, 0 fast group constraints, 
SimNLL created with 12 channels, 0 generic constraints, 8 fast gaussian constraints, 0 fast poisson constraints, 0 fast group constraints, 
SimNLL created with 12 channels, 0 generic constraints, 8 fast gaussian constraints, 0 fast poisson constraints, 0 fast group constraints, 

 -- AsymptoticLimits ( CLs ) --
Observed Limit: r < 12.6545
Expected  2.5%: r < 0.0120
Expected 16.0%: r < 0.0161
Expected 50.0%: r < 0.0220
Expected 84.0%: r < 0.0314
Expected 97.5%: r < 0.0422

Done in 2.56 min (cpu), 2.57 min (real)
>> combine --saveWorkspace --cminDefaultMinimizerStrategy 0 -v 0 -M AsymptoticLimits -d signalZPrime2000_card.txt -n .Test

combining data cards into /afs/cern.ch/user/m/mmorris/BackgroundEstimation/CMSSW_10_6_14/src/BstarToTW_CMSDAS2023_BackgroundEstimation/regions_yonly/2018/ttbarfits_inclusive/signalZPrime2500_1_area/signalZPrime2500_card.txt
combineTool.py -M AsymptoticLimits -d signalZPrime2500_card.txt --saveWorkspace --cminDefaultMinimizerStrategy 0   -v 0 --job-mode condor --sub-opts='+JobFlavour=longlunch'
/afs/cern.ch/user/m/mmorris/BackgroundEstimation/CMSSW_10_6_14/src/BstarToTW_CMSDAS2023_BackgroundEstimation/regions_yonly/2018/ttbarfits_inclusive/signalZPrime2500_1_area
 <<< Combine >>> 
>>> random number generator seed is 123456
>>> method used is AsymptoticLimits
SimNLL created with 12 channels, 0 generic constraints, 8 fast gaussian constraints, 0 fast poisson constraints, 0 fast group constraints, 
SimNLL created with 12 channels, 0 generic constraints, 8 fast gaussian constraints, 0 fast poisson constraints, 0 fast group constraints, 
SimNLL created with 12 channels, 0 generic constraints, 8 fast gaussian constraints, 0 fast poisson constraints, 0 fast group constraints, 

 -- AsymptoticLimits ( CLs ) --
Observed Limit: r < 0.0086
Expected  2.5%: r < 0.0060
Expected 16.0%: r < 0.0076
Expected 50.0%: r < 0.0112
Expected 84.0%: r < 0.0152
Expected 97.5%: r < 0.0208

Done in 2.25 min (cpu), 2.25 min (real)
>> combine --saveWorkspace --cminDefaultMinimizerStrategy 0 -v 0 -M AsymptoticLimits -d signalZPrime2500_card.txt -n .Test

combining data cards into /afs/cern.ch/user/m/mmorris/BackgroundEstimation/CMSSW_10_6_14/src/BstarToTW_CMSDAS2023_BackgroundEstimation/regions_yonly/2018/ttbarfits_inclusive/signalZPrime3000_1_area/signalZPrime3000_card.txt
combineTool.py -M AsymptoticLimits -d signalZPrime3000_card.txt --saveWorkspace --cminDefaultMinimizerStrategy 0   -v 0 --job-mode condor --sub-opts='+JobFlavour=longlunch'
/afs/cern.ch/user/m/mmorris/BackgroundEstimation/CMSSW_10_6_14/src/BstarToTW_CMSDAS2023_BackgroundEstimation/regions_yonly/2018/ttbarfits_inclusive/signalZPrime3000_1_area
 <<< Combine >>> 
>>> random number generator seed is 123456
>>> method used is AsymptoticLimits
SimNLL created with 12 channels, 0 generic constraints, 8 fast gaussian constraints, 0 fast poisson constraints, 0 fast group constraints, 
SimNLL created with 12 channels, 0 generic constraints, 8 fast gaussian constraints, 0 fast poisson constraints, 0 fast group constraints, 
SimNLL created with 12 channels, 0 generic constraints, 8 fast gaussian constraints, 0 fast poisson constraints, 0 fast group constraints, 

 -- AsymptoticLimits ( CLs ) --
Observed Limit: r < 6.8070
Expected  2.5%: r < 0.0041
Expected 16.0%: r < 0.0053
Expected 50.0%: r < 0.0073
Expected 84.0%: r < 0.0097
Expected 97.5%: r < 0.0132

Done in 2.07 min (cpu), 2.08 min (real)

combining data cards into /afs/cern.ch/user/m/mmorris/BackgroundEstimation/CMSSW_10_6_14/src/BstarToTW_CMSDAS2023_BackgroundEstimation/regions_yonly/2018/ttbarfits_inclusive/signalZPrime3500_1_area/signalZPrime3500_card.txt
combineTool.py -M AsymptoticLimits -d signalZPrime3500_card.txt --saveWorkspace --cminDefaultMinimizerStrategy 0   -v 0 --job-mode condor --sub-opts='+JobFlavour=longlunch'
/afs/cern.ch/user/m/mmorris/BackgroundEstimation/CMSSW_10_6_14/src/BstarToTW_CMSDAS2023_BackgroundEstimation/regions_yonly/2018/ttbarfits_inclusive/signalZPrime3500_1_area
 <<< Combine >>> 
>>> random number generator seed is 123456
>>> method used is AsymptoticLimits
SimNLL created with 12 channels, 0 generic constraints, 8 fast gaussian constraints, 0 fast poisson constraints, 0 fast group constraints, 
SimNLL created with 12 channels, 0 generic constraints, 8 fast gaussian constraints, 0 fast poisson constraints, 0 fast group constraints, 
SimNLL created with 12 channels, 0 generic constraints, 8 fast gaussian constraints, 0 fast poisson constraints, 0 fast group constraints, 

 -- AsymptoticLimits ( CLs ) --
Observed Limit: r < 3.7104
Expected  2.5%: r < 0.0023
Expected 16.0%: r < 0.0035
Expected 50.0%: r < 0.0054
Expected 84.0%: r < 0.0071
Expected 97.5%: r < 0.0097

Done in 1.66 min (cpu), 1.67 min (real)
>> combine --saveWorkspace --cminDefaultMinimizerStrategy 0 -v 0 -M AsymptoticLimits -d signalZPrime3500_card.txt -n .Test

combining data cards into /afs/cern.ch/user/m/mmorris/BackgroundEstimation/CMSSW_10_6_14/src/BstarToTW_CMSDAS2023_BackgroundEstimation/regions_yonly/2018/ttbarfits_inclusive/signalZPrime4000_1_area/signalZPrime4000_card.txt
combineTool.py -M AsymptoticLimits -d signalZPrime4000_card.txt --saveWorkspace --cminDefaultMinimizerStrategy 0   -v 0 --job-mode condor --sub-opts='+JobFlavour=longlunch'
/afs/cern.ch/user/m/mmorris/BackgroundEstimation/CMSSW_10_6_14/src/BstarToTW_CMSDAS2023_BackgroundEstimation/regions_yonly/2018/ttbarfits_inclusive/signalZPrime4000_1_area
 <<< Combine >>> 
>>> random number generator seed is 123456
>>> method used is AsymptoticLimits
SimNLL created with 12 channels, 0 generic constraints, 8 fast gaussian constraints, 0 fast poisson constraints, 0 fast group constraints, 
SimNLL created with 12 channels, 0 generic constraints, 8 fast gaussian constraints, 0 fast poisson constraints, 0 fast group constraints, 
SimNLL created with 12 channels, 0 generic constraints, 8 fast gaussian constraints, 0 fast poisson constraints, 0 fast group constraints, 

 -- AsymptoticLimits ( CLs ) --
Observed Limit: r < 0.0009
Expected  2.5%: r < 0.0019
Expected 16.0%: r < 0.0028
Expected 50.0%: r < 0.0044
Expected 84.0%: r < 0.0058
Expected 97.5%: r < 0.0082

Done in 2.12 min (cpu), 2.12 min (real)
>> combine --saveWorkspace --cminDefaultMinimizerStrategy 0 -v 0 -M AsymptoticLimits -d signalZPrime4000_card.txt -n .Test

combining data cards into /afs/cern.ch/user/m/mmorris/BackgroundEstimation/CMSSW_10_6_14/src/BstarToTW_CMSDAS2023_BackgroundEstimation/regions_yonly/2018/ttbarfits_inclusive/signalZPrime4500_1_area/signalZPrime4500_card.txt
combineTool.py -M AsymptoticLimits -d signalZPrime4500_card.txt --saveWorkspace --cminDefaultMinimizerStrategy 0   -v 0 --job-mode condor --sub-opts='+JobFlavour=longlunch'
/afs/cern.ch/user/m/mmorris/BackgroundEstimation/CMSSW_10_6_14/src/BstarToTW_CMSDAS2023_BackgroundEstimation/regions_yonly/2018/ttbarfits_inclusive/signalZPrime4500_1_area
 <<< Combine >>> 
>>> random number generator seed is 123456
>>> method used is AsymptoticLimits
SimNLL created with 12 channels, 0 generic constraints, 8 fast gaussian constraints, 0 fast poisson constraints, 0 fast group constraints, 
SimNLL created with 12 channels, 0 generic constraints, 8 fast gaussian constraints, 0 fast poisson constraints, 0 fast group constraints, 
SimNLL created with 12 channels, 0 generic constraints, 8 fast gaussian constraints, 0 fast poisson constraints, 0 fast group constraints, 

 -- AsymptoticLimits ( CLs ) --
Observed Limit: r < 4.3894
Expected  2.5%: r < 0.0022
Expected 16.0%: r < 0.0030
Expected 50.0%: r < 0.0044
Expected 84.0%: r < 0.0058
Expected 97.5%: r < 0.0082

Done in 1.91 min (cpu), 1.91 min (real)
>> combine --saveWorkspace --cminDefaultMinimizerStrategy 0 -v 0 -M AsymptoticLimits -d signalZPrime4500_card.txt -n .Test
