000 (5101673.000.000) 07/15 18:01:12 Job submitted from host: <188.185.71.83:9618?addrs=188.185.71.83-9618+[2001-1458-d00-7--100-34d]-9618&alias=bigbird18.cern.ch&noUDP&sock=schedd_2070_6d22>
...
040 (5101673.000.000) 07/15 18:01:55 Started transferring input files
	Transferring to host: <128.142.132.58:9618?addrs=128.142.132.58-9618+[2001-1458-301-5a--100-2e]-9618&alias=b7g12p1293.cern.ch&noUDP&sock=slot1_38_3528_8b89_7454>
...
040 (5101673.000.000) 07/15 18:01:55 Finished transferring input files
...
001 (5101673.000.000) 07/15 18:01:56 Job executing on host: <128.142.132.58:9618?addrs=128.142.132.58-9618+[2001-1458-301-5a--100-2e]-9618&alias=b7g12p1293.cern.ch&noUDP&sock=startd_3003_62fe>
...
006 (5101673.000.000) 07/15 18:02:05 Image size of job updated: 262156
	127  -  MemoryUsage of job (MB)
	129984  -  ResidentSetSize of job (KB)
...
006 (5101673.000.000) 07/15 18:07:06 Image size of job updated: 1394288
	313  -  MemoryUsage of job (MB)
	319984  -  ResidentSetSize of job (KB)
...
006 (5101673.000.000) 07/15 18:17:07 Image size of job updated: 1394288
	411  -  MemoryUsage of job (MB)
	420388  -  ResidentSetSize of job (KB)
...
006 (5101673.000.000) 07/15 18:22:08 Image size of job updated: 1394288
	449  -  MemoryUsage of job (MB)
	459120  -  ResidentSetSize of job (KB)
...
040 (5101673.000.000) 07/15 18:22:09 Started transferring output files
...
040 (5101673.000.000) 07/15 18:22:09 Finished transferring output files
...
009 (5101673.000.000) 07/15 18:22:09 Job was aborted.
	Job removed by SYSTEM_PERIODIC_REMOVE due to wall time exceeded allowed max.
...
