000 (5101656.000.000) 07/15 17:19:52 Job submitted from host: <188.185.71.83:9618?addrs=188.185.71.83-9618+[2001-1458-d00-7--100-34d]-9618&alias=bigbird18.cern.ch&noUDP&sock=schedd_2070_6d22>
...
040 (5101656.000.000) 07/15 17:20:14 Started transferring input files
	Transferring to host: <188.184.163.149:9618?addrs=188.184.163.149-9618+[2001-1458-301-4d--100-8f]-9618&alias=b7s12p5059.cern.ch&noUDP&sock=slot1_6_160205_aa4c_30189>
...
040 (5101656.000.000) 07/15 17:20:14 Finished transferring input files
...
001 (5101656.000.000) 07/15 17:20:15 Job executing on host: <188.184.163.149:9618?addrs=188.184.163.149-9618+[2001-1458-301-4d--100-8f]-9618&alias=b7s12p5059.cern.ch&noUDP&sock=startd_112131_1e29>
...
006 (5101656.000.000) 07/15 17:20:23 Image size of job updated: 418920
	144  -  MemoryUsage of job (MB)
	146652  -  ResidentSetSize of job (KB)
...
006 (5101656.000.000) 07/15 17:25:23 Image size of job updated: 1362176
	259  -  MemoryUsage of job (MB)
	264944  -  ResidentSetSize of job (KB)
...
006 (5101656.000.000) 07/15 17:30:24 Image size of job updated: 1362176
	382  -  MemoryUsage of job (MB)
	390952  -  ResidentSetSize of job (KB)
...
006 (5101656.000.000) 07/15 17:35:24 Image size of job updated: 1362176
	435  -  MemoryUsage of job (MB)
	444452  -  ResidentSetSize of job (KB)
...
006 (5101656.000.000) 07/15 17:40:24 Image size of job updated: 1362176
	488  -  MemoryUsage of job (MB)
	498836  -  ResidentSetSize of job (KB)
...
040 (5101656.000.000) 07/15 17:40:24 Started transferring output files
...
040 (5101656.000.000) 07/15 17:40:24 Finished transferring output files
...
009 (5101656.000.000) 07/15 17:40:24 Job was aborted.
	Job removed by SYSTEM_PERIODIC_REMOVE due to wall time exceeded allowed max.
...
