000 (5101677.000.000) 07/15 19:51:30 Job submitted from host: <188.185.71.83:9618?addrs=188.185.71.83-9618+[2001-1458-d00-7--100-34d]-9618&alias=bigbird18.cern.ch&noUDP&sock=schedd_2070_6d22>
...
040 (5101677.000.000) 07/15 19:52:47 Started transferring input files
	Transferring to host: <128.142.58.18:9618?addrs=128.142.58.18-9618+[2001-1458-301-16--100-11]-9618&alias=b7s03p6547.cern.ch&noUDP&sock=slot1_24_4184_c1a3_97657>
...
040 (5101677.000.000) 07/15 19:52:47 Finished transferring input files
...
001 (5101677.000.000) 07/15 19:52:48 Job executing on host: <128.142.58.18:9618?addrs=128.142.58.18-9618+[2001-1458-301-16--100-11]-9618&alias=b7s03p6547.cern.ch&noUDP&sock=startd_2869_794d>
...
006 (5101677.000.000) 07/15 19:52:56 Image size of job updated: 33804
	9  -  MemoryUsage of job (MB)
	9016  -  ResidentSetSize of job (KB)
...
006 (5101677.000.000) 07/15 19:57:56 Image size of job updated: 1362144
	334  -  MemoryUsage of job (MB)
	341396  -  ResidentSetSize of job (KB)
...
006 (5101677.000.000) 07/15 20:02:57 Image size of job updated: 1362144
	425  -  MemoryUsage of job (MB)
	434392  -  ResidentSetSize of job (KB)
...
006 (5101677.000.000) 07/15 20:07:57 Image size of job updated: 1362144
	526  -  MemoryUsage of job (MB)
	537664  -  ResidentSetSize of job (KB)
...
040 (5101677.000.000) 07/15 20:12:49 Started transferring output files
...
040 (5101677.000.000) 07/15 20:12:49 Finished transferring output files
...
009 (5101677.000.000) 07/15 20:12:49 Job was aborted.
	Job removed by SYSTEM_PERIODIC_REMOVE due to wall time exceeded allowed max.
...
