000 (5101682.000.000) 07/15 20:48:15 Job submitted from host: <188.185.71.83:9618?addrs=188.185.71.83-9618+[2001-1458-d00-7--100-34d]-9618&alias=bigbird18.cern.ch&noUDP&sock=schedd_2070_6d22>
...
040 (5101682.000.000) 07/15 20:49:11 Started transferring input files
	Transferring to host: <128.142.248.196:9618?addrs=128.142.248.196-9618+[2001-1458-301-73--100-c3]-9618&alias=b7g23p3833.cern.ch&noUDP&sock=slot1_15_161315_c2b9_32855>
...
040 (5101682.000.000) 07/15 20:49:11 Finished transferring input files
...
001 (5101682.000.000) 07/15 20:49:12 Job executing on host: <128.142.248.196:9618?addrs=128.142.248.196-9618+[2001-1458-301-73--100-c3]-9618&alias=b7g23p3833.cern.ch&noUDP&sock=startd_159955_676b>
...
006 (5101682.000.000) 07/15 20:49:21 Image size of job updated: 829724
	131  -  MemoryUsage of job (MB)
	134012  -  ResidentSetSize of job (KB)
...
006 (5101682.000.000) 07/15 20:54:21 Image size of job updated: 1393516
	327  -  MemoryUsage of job (MB)
	334524  -  ResidentSetSize of job (KB)
...
006 (5101682.000.000) 07/15 20:59:21 Image size of job updated: 1393516
	380  -  MemoryUsage of job (MB)
	388212  -  ResidentSetSize of job (KB)
...
006 (5101682.000.000) 07/15 21:04:22 Image size of job updated: 1393516
	428  -  MemoryUsage of job (MB)
	437260  -  ResidentSetSize of job (KB)
...
006 (5101682.000.000) 07/15 21:09:23 Image size of job updated: 1393516
	523  -  MemoryUsage of job (MB)
	534980  -  ResidentSetSize of job (KB)
...
040 (5101682.000.000) 07/15 21:09:23 Started transferring output files
...
040 (5101682.000.000) 07/15 21:09:23 Finished transferring output files
...
009 (5101682.000.000) 07/15 21:09:23 Job was aborted.
	Job removed by SYSTEM_PERIODIC_REMOVE due to wall time exceeded allowed max.
...
