000 (5101661.000.000) 07/15 18:00:09 Job submitted from host: <188.185.71.83:9618?addrs=188.185.71.83-9618+[2001-1458-d00-7--100-34d]-9618&alias=bigbird18.cern.ch&noUDP&sock=schedd_2070_6d22>
...
040 (5101661.000.000) 07/15 18:01:56 Started transferring input files
	Transferring to host: <188.184.163.179:9618?addrs=188.184.163.179-9618+[2001-1458-301-4d--100-ad]-9618&alias=b7s12p8898.cern.ch&noUDP&sock=slot1_33_4431_ca4d_23232>
...
040 (5101661.000.000) 07/15 18:01:56 Finished transferring input files
...
001 (5101661.000.000) 07/15 18:01:57 Job executing on host: <188.184.163.179:9618?addrs=188.184.163.179-9618+[2001-1458-301-4d--100-ad]-9618&alias=b7s12p8898.cern.ch&noUDP&sock=startd_4392_200a>
...
006 (5101661.000.000) 07/15 18:02:05 Image size of job updated: 321764
	213  -  MemoryUsage of job (MB)
	217536  -  ResidentSetSize of job (KB)
...
006 (5101661.000.000) 07/15 18:07:05 Image size of job updated: 1361368
	322  -  MemoryUsage of job (MB)
	329188  -  ResidentSetSize of job (KB)
...
006 (5101661.000.000) 07/15 18:12:06 Image size of job updated: 1361368
	370  -  MemoryUsage of job (MB)
	378880  -  ResidentSetSize of job (KB)
...
006 (5101661.000.000) 07/15 18:17:06 Image size of job updated: 1361368
	420  -  MemoryUsage of job (MB)
	429436  -  ResidentSetSize of job (KB)
...
006 (5101661.000.000) 07/15 18:22:06 Image size of job updated: 1361368
	508  -  MemoryUsage of job (MB)
	519492  -  ResidentSetSize of job (KB)
...
040 (5101661.000.000) 07/15 18:22:07 Started transferring output files
...
040 (5101661.000.000) 07/15 18:22:07 Finished transferring output files
...
009 (5101661.000.000) 07/15 18:22:07 Job was aborted.
	Job removed by SYSTEM_PERIODIC_REMOVE due to wall time exceeded allowed max.
...
