000 (5101658.000.000) 07/15 17:59:56 Job submitted from host: <188.185.71.83:9618?addrs=188.185.71.83-9618+[2001-1458-d00-7--100-34d]-9618&alias=bigbird18.cern.ch&noUDP&sock=schedd_2070_6d22>
...
040 (5101658.000.000) 07/15 18:01:51 Started transferring input files
	Transferring to host: <128.142.192.137:9618?addrs=128.142.192.137-9618+[2001-1458-301-56--100-5]-9618&alias=b7g18p2227.cern.ch&noUDP&sock=slot1_5_18021_2cb6_2401>
...
040 (5101658.000.000) 07/15 18:01:51 Finished transferring input files
...
001 (5101658.000.000) 07/15 18:01:52 Job executing on host: <128.142.192.137:9618?addrs=128.142.192.137-9618+[2001-1458-301-56--100-5]-9618&alias=b7g18p2227.cern.ch&noUDP&sock=startd_17955_370d>
...
006 (5101658.000.000) 07/15 18:02:01 Image size of job updated: 120720
	54  -  MemoryUsage of job (MB)
	54720  -  ResidentSetSize of job (KB)
...
006 (5101658.000.000) 07/15 18:07:02 Image size of job updated: 1393552
	325  -  MemoryUsage of job (MB)
	332564  -  ResidentSetSize of job (KB)
...
006 (5101658.000.000) 07/15 18:12:03 Image size of job updated: 1393552
	373  -  MemoryUsage of job (MB)
	381508  -  ResidentSetSize of job (KB)
...
006 (5101658.000.000) 07/15 18:17:03 Image size of job updated: 1393552
	430  -  MemoryUsage of job (MB)
	439736  -  ResidentSetSize of job (KB)
...
006 (5101658.000.000) 07/15 18:22:04 Image size of job updated: 1393552
	483  -  MemoryUsage of job (MB)
	494048  -  ResidentSetSize of job (KB)
...
040 (5101658.000.000) 07/15 18:22:05 Started transferring output files
...
040 (5101658.000.000) 07/15 18:22:05 Finished transferring output files
...
009 (5101658.000.000) 07/15 18:22:05 Job was aborted.
	Job removed by SYSTEM_PERIODIC_REMOVE due to wall time exceeded allowed max.
...
