000 (5101632.000.000) 07/15 17:18:09 Job submitted from host: <188.185.71.83:9618?addrs=188.185.71.83-9618+[2001-1458-d00-7--100-34d]-9618&alias=bigbird18.cern.ch&noUDP&sock=schedd_2070_6d22>
...
040 (5101632.000.000) 07/15 17:20:06 Started transferring input files
	Transferring to host: <188.184.163.184:9618?addrs=188.184.163.184-9618&alias=b7s12p7289.cern.ch&noUDP&sock=slot1_6_41325_f36a_31936>
...
040 (5101632.000.000) 07/15 17:20:06 Finished transferring input files
...
001 (5101632.000.000) 07/15 17:20:07 Job executing on host: <188.184.163.184:9618?addrs=188.184.163.184-9618&alias=b7s12p7289.cern.ch&noUDP&sock=startd_2977_8d88>
...
006 (5101632.000.000) 07/15 17:20:16 Image size of job updated: 202428
	127  -  MemoryUsage of job (MB)
	129984  -  ResidentSetSize of job (KB)
...
006 (5101632.000.000) 07/15 17:25:17 Image size of job updated: 1393560
	297  -  MemoryUsage of job (MB)
	303400  -  ResidentSetSize of job (KB)
...
006 (5101632.000.000) 07/15 17:30:18 Image size of job updated: 1393560
	373  -  MemoryUsage of job (MB)
	381556  -  ResidentSetSize of job (KB)
...
006 (5101632.000.000) 07/15 17:35:18 Image size of job updated: 1393560
	430  -  MemoryUsage of job (MB)
	439772  -  ResidentSetSize of job (KB)
...
006 (5101632.000.000) 07/15 17:40:19 Image size of job updated: 1393560
	451  -  MemoryUsage of job (MB)
	461212  -  ResidentSetSize of job (KB)
...
040 (5101632.000.000) 07/15 17:40:20 Started transferring output files
...
040 (5101632.000.000) 07/15 17:40:20 Finished transferring output files
...
009 (5101632.000.000) 07/15 17:40:20 Job was aborted.
	Job removed by SYSTEM_PERIODIC_REMOVE due to wall time exceeded allowed max.
...
