000 (5101679.000.000) 07/15 20:47:08 Job submitted from host: <188.185.71.83:9618?addrs=188.185.71.83-9618+[2001-1458-d00-7--100-34d]-9618&alias=bigbird18.cern.ch&noUDP&sock=schedd_2070_6d22>
...
040 (5101679.000.000) 07/15 20:47:55 Started transferring input files
	Transferring to host: <128.142.248.234:9618?addrs=128.142.248.234-9618+[2001-1458-301-73--100-e9]-9618&alias=b7g23p9876.cern.ch&noUDP&sock=slot1_50_3750_f6d2_61981>
...
040 (5101679.000.000) 07/15 20:47:55 Finished transferring input files
...
001 (5101679.000.000) 07/15 20:47:56 Job executing on host: <128.142.248.234:9618?addrs=128.142.248.234-9618+[2001-1458-301-73--100-e9]-9618&alias=b7g23p9876.cern.ch&noUDP&sock=startd_3259_fb3d>
...
006 (5101679.000.000) 07/15 20:48:05 Image size of job updated: 449980
	146  -  MemoryUsage of job (MB)
	149268  -  ResidentSetSize of job (KB)
...
006 (5101679.000.000) 07/15 20:53:06 Image size of job updated: 1393556
	329  -  MemoryUsage of job (MB)
	336356  -  ResidentSetSize of job (KB)
...
006 (5101679.000.000) 07/15 20:58:06 Image size of job updated: 1393556
	370  -  MemoryUsage of job (MB)
	378124  -  ResidentSetSize of job (KB)
...
006 (5101679.000.000) 07/15 21:03:06 Image size of job updated: 1393556
	446  -  MemoryUsage of job (MB)
	456288  -  ResidentSetSize of job (KB)
...
040 (5101679.000.000) 07/15 21:07:57 Started transferring output files
...
040 (5101679.000.000) 07/15 21:07:57 Finished transferring output files
...
009 (5101679.000.000) 07/15 21:07:57 Job was aborted.
	Job removed by SYSTEM_PERIODIC_REMOVE due to wall time exceeded allowed max.
...
