000 (5101649.000.000) 07/15 17:19:22 Job submitted from host: <188.185.71.83:9618?addrs=188.185.71.83-9618+[2001-1458-d00-7--100-34d]-9618&alias=bigbird18.cern.ch&noUDP&sock=schedd_2070_6d22>
...
040 (5101649.000.000) 07/15 17:20:09 Started transferring input files
	Transferring to host: <128.142.61.129:9618?addrs=128.142.61.129-9618+[2001-1458-301-23--100-80]-9618&alias=b7s06p7405.cern.ch&noUDP&sock=slot1_2_3281_82de_145911>
...
040 (5101649.000.000) 07/15 17:20:09 Finished transferring input files
...
001 (5101649.000.000) 07/15 17:20:10 Job executing on host: <128.142.61.129:9618?addrs=128.142.61.129-9618+[2001-1458-301-23--100-80]-9618&alias=b7s06p7405.cern.ch&noUDP&sock=startd_2846_b2a0>
...
006 (5101649.000.000) 07/15 17:20:19 Image size of job updated: 459948
	54  -  MemoryUsage of job (MB)
	54712  -  ResidentSetSize of job (KB)
...
006 (5101649.000.000) 07/15 17:25:20 Image size of job updated: 1362168
	344  -  MemoryUsage of job (MB)
	351664  -  ResidentSetSize of job (KB)
...
006 (5101649.000.000) 07/15 17:30:21 Image size of job updated: 1362168
	477  -  MemoryUsage of job (MB)
	487428  -  ResidentSetSize of job (KB)
...
006 (5101649.000.000) 07/15 17:35:21 Image size of job updated: 1362168
	548  -  MemoryUsage of job (MB)
	560476  -  ResidentSetSize of job (KB)
...
040 (5101649.000.000) 07/15 17:40:11 Started transferring output files
...
040 (5101649.000.000) 07/15 17:40:11 Finished transferring output files
...
009 (5101649.000.000) 07/15 17:40:11 Job was aborted.
	Job removed by SYSTEM_PERIODIC_REMOVE due to wall time exceeded allowed max.
...
