000 (5101638.000.000) 07/15 17:18:35 Job submitted from host: <188.185.71.83:9618?addrs=188.185.71.83-9618+[2001-1458-d00-7--100-34d]-9618&alias=bigbird18.cern.ch&noUDP&sock=schedd_2070_6d22>
...
040 (5101638.000.000) 07/15 17:20:09 Started transferring input files
	Transferring to host: <188.184.163.173:9618?addrs=188.184.163.173-9618+[2001-1458-301-4d--100-a7]-9618&alias=b7s12p3779.cern.ch&noUDP&sock=slot1_1_183815_0bcc_31538>
...
040 (5101638.000.000) 07/15 17:20:09 Finished transferring input files
...
001 (5101638.000.000) 07/15 17:20:10 Job executing on host: <188.184.163.173:9618?addrs=188.184.163.173-9618+[2001-1458-301-4d--100-a7]-9618&alias=b7s12p3779.cern.ch&noUDP&sock=startd_3363_5116>
...
006 (5101638.000.000) 07/15 17:20:19 Image size of job updated: 562696
	128  -  MemoryUsage of job (MB)
	130188  -  ResidentSetSize of job (KB)
...
006 (5101638.000.000) 07/15 17:25:20 Image size of job updated: 1361468
	323  -  MemoryUsage of job (MB)
	330416  -  ResidentSetSize of job (KB)
...
006 (5101638.000.000) 07/15 17:30:21 Image size of job updated: 1361468
	356  -  MemoryUsage of job (MB)
	363968  -  ResidentSetSize of job (KB)
...
006 (5101638.000.000) 07/15 17:35:21 Image size of job updated: 1361468
	408  -  MemoryUsage of job (MB)
	417528  -  ResidentSetSize of job (KB)
...
040 (5101638.000.000) 07/15 17:40:11 Started transferring output files
...
040 (5101638.000.000) 07/15 17:40:11 Finished transferring output files
...
009 (5101638.000.000) 07/15 17:40:11 Job was aborted.
	Job removed by SYSTEM_PERIODIC_REMOVE due to wall time exceeded allowed max.
...
