000 (5101685.000.000) 07/15 20:49:11 Job submitted from host: <188.185.71.83:9618?addrs=188.185.71.83-9618+[2001-1458-d00-7--100-34d]-9618&alias=bigbird18.cern.ch&noUDP&sock=schedd_2070_6d22>
...
040 (5101685.000.000) 07/15 20:51:12 Started transferring input files
	Transferring to host: <188.184.162.193:9618?addrs=188.184.162.193-9618&alias=b7s11p7899.cern.ch&noUDP&sock=slot1_9_101440_6816_47629>
...
040 (5101685.000.000) 07/15 20:51:12 Finished transferring input files
...
001 (5101685.000.000) 07/15 20:51:13 Job executing on host: <188.184.162.193:9618?addrs=188.184.162.193-9618&alias=b7s11p7899.cern.ch&noUDP&sock=startd_2924_3303>
...
006 (5101685.000.000) 07/15 20:51:22 Image size of job updated: 93972
	45  -  MemoryUsage of job (MB)
	45380  -  ResidentSetSize of job (KB)
...
006 (5101685.000.000) 07/15 20:56:22 Image size of job updated: 1393536
	318  -  MemoryUsage of job (MB)
	325388  -  ResidentSetSize of job (KB)
...
006 (5101685.000.000) 07/15 21:01:22 Image size of job updated: 1393536
	362  -  MemoryUsage of job (MB)
	370260  -  ResidentSetSize of job (KB)
...
006 (5101685.000.000) 07/15 21:06:23 Image size of job updated: 1393536
	410  -  MemoryUsage of job (MB)
	418908  -  ResidentSetSize of job (KB)
...
040 (5101685.000.000) 07/15 21:11:14 Started transferring output files
...
040 (5101685.000.000) 07/15 21:11:14 Finished transferring output files
...
009 (5101685.000.000) 07/15 21:11:14 Job was aborted.
	Job removed by SYSTEM_PERIODIC_REMOVE due to wall time exceeded allowed max.
...
