000 (5101664.000.000) 07/15 18:00:32 Job submitted from host: <188.185.71.83:9618?addrs=188.185.71.83-9618+[2001-1458-d00-7--100-34d]-9618&alias=bigbird18.cern.ch&noUDP&sock=schedd_2070_6d22>
...
040 (5101664.000.000) 07/15 18:01:52 Started transferring input files
	Transferring to host: <128.142.192.170:9618?addrs=128.142.192.170-9618+[2001-1458-301-56--100-26]-9618&alias=b7g18p5267.cern.ch&noUDP&sock=slot1_42_5283_19f0_99471>
...
040 (5101664.000.000) 07/15 18:01:52 Finished transferring input files
...
001 (5101664.000.000) 07/15 18:01:53 Job executing on host: <128.142.192.170:9618?addrs=128.142.192.170-9618+[2001-1458-301-56--100-26]-9618&alias=b7g18p5267.cern.ch&noUDP&sock=startd_4823_c15c>
...
006 (5101664.000.000) 07/15 18:02:02 Image size of job updated: 419856
	132  -  MemoryUsage of job (MB)
	134424  -  ResidentSetSize of job (KB)
...
006 (5101664.000.000) 07/15 18:07:03 Image size of job updated: 1393500
	324  -  MemoryUsage of job (MB)
	331540  -  ResidentSetSize of job (KB)
...
006 (5101664.000.000) 07/15 18:12:03 Image size of job updated: 1393500
	352  -  MemoryUsage of job (MB)
	359684  -  ResidentSetSize of job (KB)
...
006 (5101664.000.000) 07/15 18:17:03 Image size of job updated: 1393500
	417  -  MemoryUsage of job (MB)
	426520  -  ResidentSetSize of job (KB)
...
006 (5101664.000.000) 07/15 18:22:05 Image size of job updated: 1393500
	470  -  MemoryUsage of job (MB)
	480764  -  ResidentSetSize of job (KB)
...
006 (5101664.000.000) 07/15 18:22:05 Image size of job updated: 1393500
	471  -  MemoryUsage of job (MB)
	481348  -  ResidentSetSize of job (KB)
...
040 (5101664.000.000) 07/15 18:22:05 Started transferring output files
...
040 (5101664.000.000) 07/15 18:22:05 Finished transferring output files
...
009 (5101664.000.000) 07/15 18:22:05 Job was aborted.
	Job removed by SYSTEM_PERIODIC_REMOVE due to wall time exceeded allowed max.
...
