000 (5101651.000.000) 07/15 17:19:30 Job submitted from host: <188.185.71.83:9618?addrs=188.185.71.83-9618+[2001-1458-d00-7--100-34d]-9618&alias=bigbird18.cern.ch&noUDP&sock=schedd_2070_6d22>
...
040 (5101651.000.000) 07/15 17:20:12 Started transferring input files
	Transferring to host: <188.184.162.193:9618?addrs=188.184.162.193-9618&alias=b7s11p7899.cern.ch&noUDP&sock=slot1_7_101440_6816_47462>
...
040 (5101651.000.000) 07/15 17:20:12 Finished transferring input files
...
001 (5101651.000.000) 07/15 17:20:13 Job executing on host: <188.184.162.193:9618?addrs=188.184.162.193-9618&alias=b7s11p7899.cern.ch&noUDP&sock=startd_2924_3303>
...
006 (5101651.000.000) 07/15 17:20:22 Image size of job updated: 157156
	148  -  MemoryUsage of job (MB)
	150760  -  ResidentSetSize of job (KB)
...
006 (5101651.000.000) 07/15 17:25:24 Image size of job updated: 1394220
	317  -  MemoryUsage of job (MB)
	323776  -  ResidentSetSize of job (KB)
...
006 (5101651.000.000) 07/15 17:30:23 Image size of job updated: 1394220
	321  -  MemoryUsage of job (MB)
	328452  -  ResidentSetSize of job (KB)
...
006 (5101651.000.000) 07/15 17:35:23 Image size of job updated: 1394220
	414  -  MemoryUsage of job (MB)
	423724  -  ResidentSetSize of job (KB)
...
040 (5101651.000.000) 07/15 17:40:14 Started transferring output files
...
040 (5101651.000.000) 07/15 17:40:14 Finished transferring output files
...
009 (5101651.000.000) 07/15 17:40:14 Job was aborted.
	Job removed by SYSTEM_PERIODIC_REMOVE due to wall time exceeded allowed max.
...
