000 (5101668.000.000) 07/15 18:00:49 Job submitted from host: <188.185.71.83:9618?addrs=188.185.71.83-9618+[2001-1458-d00-7--100-34d]-9618&alias=bigbird18.cern.ch&noUDP&sock=schedd_2070_6d22>
...
040 (5101668.000.000) 07/15 18:01:54 Started transferring input files
	Transferring to host: <128.142.137.23:9618?addrs=128.142.137.23-9618+[2001-1458-301-5e--100-b]-9618&alias=b7g19p3177.cern.ch&noUDP&sock=slot1_17_3571_d7aa_22919>
...
040 (5101668.000.000) 07/15 18:01:54 Finished transferring input files
...
001 (5101668.000.000) 07/15 18:01:55 Job executing on host: <128.142.137.23:9618?addrs=128.142.137.23-9618+[2001-1458-301-5e--100-b]-9618&alias=b7g19p3177.cern.ch&noUDP&sock=startd_2999_a49d>
...
006 (5101668.000.000) 07/15 18:02:03 Image size of job updated: 87000
	36  -  MemoryUsage of job (MB)
	35948  -  ResidentSetSize of job (KB)
...
006 (5101668.000.000) 07/15 18:07:03 Image size of job updated: 1394280
	277  -  MemoryUsage of job (MB)
	282696  -  ResidentSetSize of job (KB)
...
006 (5101668.000.000) 07/15 18:12:04 Image size of job updated: 1394280
	374  -  MemoryUsage of job (MB)
	382176  -  ResidentSetSize of job (KB)
...
006 (5101668.000.000) 07/15 18:17:04 Image size of job updated: 1394280
	427  -  MemoryUsage of job (MB)
	436300  -  ResidentSetSize of job (KB)
...
040 (5101668.000.000) 07/15 18:21:58 Started transferring output files
...
040 (5101668.000.000) 07/15 18:21:58 Finished transferring output files
...
009 (5101668.000.000) 07/15 18:21:58 Job was aborted.
	Job removed by SYSTEM_PERIODIC_REMOVE due to wall time exceeded allowed max.
...
