000 (5101652.000.000) 07/15 17:19:35 Job submitted from host: <188.185.71.83:9618?addrs=188.185.71.83-9618+[2001-1458-d00-7--100-34d]-9618&alias=bigbird18.cern.ch&noUDP&sock=schedd_2070_6d22>
...
040 (5101652.000.000) 07/15 17:20:13 Started transferring input files
	Transferring to host: <188.184.163.145:9618?addrs=188.184.163.145-9618&alias=b7s12p3939.cern.ch&noUDP&sock=slot1_19_3362_9542_168844>
...
040 (5101652.000.000) 07/15 17:20:13 Finished transferring input files
...
001 (5101652.000.000) 07/15 17:20:14 Job executing on host: <188.184.163.145:9618?addrs=188.184.163.145-9618&alias=b7s12p3939.cern.ch&noUDP&sock=startd_2924_3303>
...
006 (5101652.000.000) 07/15 17:20:23 Image size of job updated: 242636
	237  -  MemoryUsage of job (MB)
	242632  -  ResidentSetSize of job (KB)
...
006 (5101652.000.000) 07/15 17:25:24 Image size of job updated: 1394280
	327  -  MemoryUsage of job (MB)
	333928  -  ResidentSetSize of job (KB)
...
006 (5101652.000.000) 07/15 17:30:25 Image size of job updated: 1394280
	341  -  MemoryUsage of job (MB)
	349144  -  ResidentSetSize of job (KB)
...
006 (5101652.000.000) 07/15 17:35:25 Image size of job updated: 1394280
	419  -  MemoryUsage of job (MB)
	428656  -  ResidentSetSize of job (KB)
...
040 (5101652.000.000) 07/15 17:40:16 Started transferring output files
...
040 (5101652.000.000) 07/15 17:40:16 Finished transferring output files
...
009 (5101652.000.000) 07/15 17:40:16 Job was aborted.
	Job removed by SYSTEM_PERIODIC_REMOVE due to wall time exceeded allowed max.
...
