000 (5101669.000.000) 07/15 18:00:53 Job submitted from host: <188.185.71.83:9618?addrs=188.185.71.83-9618+[2001-1458-d00-7--100-34d]-9618&alias=bigbird18.cern.ch&noUDP&sock=schedd_2070_6d22>
...
040 (5101669.000.000) 07/15 18:01:54 Started transferring input files
	Transferring to host: <128.142.137.39:9618?addrs=128.142.137.39-9618+[2001-1458-301-5e--100-1b]-9618&alias=b7g19p3139.cern.ch&noUDP&sock=slot1_3_3467_90a6_8396>
...
040 (5101669.000.000) 07/15 18:01:54 Finished transferring input files
...
001 (5101669.000.000) 07/15 18:01:55 Job executing on host: <128.142.137.39:9618?addrs=128.142.137.39-9618+[2001-1458-301-5e--100-1b]-9618&alias=b7g19p3139.cern.ch&noUDP&sock=startd_2762_14ab>
...
006 (5101669.000.000) 07/15 18:02:03 Image size of job updated: 163896
	102  -  MemoryUsage of job (MB)
	104108  -  ResidentSetSize of job (KB)
...
006 (5101669.000.000) 07/15 18:07:03 Image size of job updated: 1394196
	310  -  MemoryUsage of job (MB)
	317376  -  ResidentSetSize of job (KB)
...
006 (5101669.000.000) 07/15 18:12:04 Image size of job updated: 1394196
	346  -  MemoryUsage of job (MB)
	353392  -  ResidentSetSize of job (KB)
...
006 (5101669.000.000) 07/15 18:17:04 Image size of job updated: 1394196
	427  -  MemoryUsage of job (MB)
	437152  -  ResidentSetSize of job (KB)
...
006 (5101669.000.000) 07/15 18:22:04 Image size of job updated: 1394196
	488  -  MemoryUsage of job (MB)
	499204  -  ResidentSetSize of job (KB)
...
040 (5101669.000.000) 07/15 18:22:05 Started transferring output files
...
040 (5101669.000.000) 07/15 18:22:05 Finished transferring output files
...
009 (5101669.000.000) 07/15 18:22:05 Job was aborted.
	Job removed by SYSTEM_PERIODIC_REMOVE due to wall time exceeded allowed max.
...
