000 (5101667.000.000) 07/15 18:00:44 Job submitted from host: <188.185.71.83:9618?addrs=188.185.71.83-9618+[2001-1458-d00-7--100-34d]-9618&alias=bigbird18.cern.ch&noUDP&sock=schedd_2070_6d22>
...
040 (5101667.000.000) 07/15 18:01:53 Started transferring input files
	Transferring to host: <128.142.137.80:9618?addrs=128.142.137.80-9618+[2001-1458-301-5e--100-44]-9618&alias=b7g19p3944.cern.ch&noUDP&sock=slot1_14_4837_da9e_97621>
...
040 (5101667.000.000) 07/15 18:01:53 Finished transferring input files
...
001 (5101667.000.000) 07/15 18:01:54 Job executing on host: <128.142.137.80:9618?addrs=128.142.137.80-9618+[2001-1458-301-5e--100-44]-9618&alias=b7g19p3944.cern.ch&noUDP&sock=startd_3468_5688>
...
006 (5101667.000.000) 07/15 18:02:03 Image size of job updated: 143152
	7  -  MemoryUsage of job (MB)
	6528  -  ResidentSetSize of job (KB)
...
006 (5101667.000.000) 07/15 18:07:04 Image size of job updated: 1394280
	297  -  MemoryUsage of job (MB)
	303532  -  ResidentSetSize of job (KB)
...
006 (5101667.000.000) 07/15 18:12:04 Image size of job updated: 1394280
	339  -  MemoryUsage of job (MB)
	347016  -  ResidentSetSize of job (KB)
...
006 (5101667.000.000) 07/15 18:17:05 Image size of job updated: 1394280
	382  -  MemoryUsage of job (MB)
	390920  -  ResidentSetSize of job (KB)
...
006 (5101667.000.000) 07/15 18:22:06 Image size of job updated: 1394280
	424  -  MemoryUsage of job (MB)
	433312  -  ResidentSetSize of job (KB)
...
040 (5101667.000.000) 07/15 18:22:06 Started transferring output files
...
040 (5101667.000.000) 07/15 18:22:06 Finished transferring output files
...
009 (5101667.000.000) 07/15 18:22:07 Job was aborted.
	Job removed by SYSTEM_PERIODIC_REMOVE due to wall time exceeded allowed max.
...
