000 (5101650.000.000) 07/15 17:19:26 Job submitted from host: <188.185.71.83:9618?addrs=188.185.71.83-9618+[2001-1458-d00-7--100-34d]-9618&alias=bigbird18.cern.ch&noUDP&sock=schedd_2070_6d22>
...
040 (5101650.000.000) 07/15 17:20:13 Started transferring input files
	Transferring to host: <128.142.61.95:9618?addrs=128.142.61.95-9618+[2001-1458-301-23--100-5e]-9618&alias=b7s06p7589.cern.ch&noUDP&sock=slot1_48_4941_21a2_139596>
...
040 (5101650.000.000) 07/15 17:20:13 Finished transferring input files
...
001 (5101650.000.000) 07/15 17:20:14 Job executing on host: <128.142.61.95:9618?addrs=128.142.61.95-9618+[2001-1458-301-23--100-5e]-9618&alias=b7s06p7589.cern.ch&noUDP&sock=startd_4496_75e4>
...
006 (5101650.000.000) 07/15 17:20:23 Image size of job updated: 100108
	46  -  MemoryUsage of job (MB)
	46872  -  ResidentSetSize of job (KB)
...
006 (5101650.000.000) 07/15 17:25:24 Image size of job updated: 1394220
	350  -  MemoryUsage of job (MB)
	358204  -  ResidentSetSize of job (KB)
...
006 (5101650.000.000) 07/15 17:30:25 Image size of job updated: 1394220
	460  -  MemoryUsage of job (MB)
	470820  -  ResidentSetSize of job (KB)
...
006 (5101650.000.000) 07/15 17:35:25 Image size of job updated: 1394220
	579  -  MemoryUsage of job (MB)
	591936  -  ResidentSetSize of job (KB)
...
006 (5101650.000.000) 07/15 17:40:25 Image size of job updated: 1394220
	746  -  MemoryUsage of job (MB)
	763108  -  ResidentSetSize of job (KB)
...
040 (5101650.000.000) 07/15 17:40:26 Started transferring output files
...
040 (5101650.000.000) 07/15 17:40:26 Finished transferring output files
...
009 (5101650.000.000) 07/15 17:40:26 Job was aborted.
	Job removed by SYSTEM_PERIODIC_REMOVE due to wall time exceeded allowed max.
...
