nohup: ignoring input
combining data cards into /eos/home-m/mmorris/Documents/TTbarResonance/backgroundEstimate/CMSSW_10_6_14/src/BstarToTW_CMSDAS2023_BackgroundEstimation/regions/2017/ttbarfits_inclusive/signalRSGluon1000_area/signalRSGluon1000_card.txt
combineTool.py -M AsymptoticLimits -d signalRSGluon1000_card.txt --saveWorkspace --cminDefaultMinimizerStrategy 0   -v 0 --job-mode condor --sub-opts='+JobFlavour=longlunch'
/eos/home-m/mmorris/Documents/TTbarResonance/backgroundEstimate/CMSSW_10_6_14/src/BstarToTW_CMSDAS2023_BackgroundEstimation/regions/2017/ttbarfits_inclusive/signalRSGluon1000_area
 <<< Combine >>> 
>>> random number generator seed is 123456
>>> method used is AsymptoticLimits
SimNLL created with 36 channels, 0 generic constraints, 9 fast gaussian constraints, 0 fast poisson constraints, 0 fast group constraints, 
SimNLL created with 36 channels, 0 generic constraints, 9 fast gaussian constraints, 0 fast poisson constraints, 0 fast group constraints, 
SimNLL created with 36 channels, 0 generic constraints, 9 fast gaussian constraints, 0 fast poisson constraints, 0 fast group constraints, 

 -- AsymptoticLimits ( CLs ) --
Observed Limit: r < 0.0446
Expected  2.5%: r < 2.1997
Expected 16.0%: r < 2.9427
Expected 50.0%: r < 4.1406
Expected 84.0%: r < 5.8736
Expected 97.5%: r < 7.9991

Done in 7.75 min (cpu), 7.76 min (real)
combining data cards into /eos/home-m/mmorris/Documents/TTbarResonance/backgroundEstimate/CMSSW_10_6_14/src/BstarToTW_CMSDAS2023_BackgroundEstimation/regions/2017/ttbarfits_inclusive/signalRSGluon1500_area/signalRSGluon1500_card.txt
combineTool.py -M AsymptoticLimits -d signalRSGluon1500_card.txt --saveWorkspace --cminDefaultMinimizerStrategy 0   -v 0 --job-mode condor --sub-opts='+JobFlavour=longlunch'
/eos/home-m/mmorris/Documents/TTbarResonance/backgroundEstimate/CMSSW_10_6_14/src/BstarToTW_CMSDAS2023_BackgroundEstimation/regions/2017/ttbarfits_inclusive/signalRSGluon1500_area
 <<< Combine >>> 
>>> random number generator seed is 123456
>>> method used is AsymptoticLimits
SimNLL created with 36 channels, 0 generic constraints, 9 fast gaussian constraints, 0 fast poisson constraints, 0 fast group constraints, 
SimNLL created with 36 channels, 0 generic constraints, 9 fast gaussian constraints, 0 fast poisson constraints, 0 fast group constraints, 
SimNLL created with 36 channels, 0 generic constraints, 9 fast gaussian constraints, 0 fast poisson constraints, 0 fast group constraints, 

 -- AsymptoticLimits ( CLs ) --
Observed Limit: r < 0.3184
Expected  2.5%: r < 0.1461
Expected 16.0%: r < 0.1978
Expected 50.0%: r < 0.2812
Expected 84.0%: r < 0.4034
Expected 97.5%: r < 0.5570

Done in 6.89 min (cpu), 6.89 min (real)
>> combine --saveWorkspace --cminDefaultMinimizerStrategy 0 -v 0 -M AsymptoticLimits -d signalRSGluon1500_card.txt -n .Test
combining data cards into /eos/home-m/mmorris/Documents/TTbarResonance/backgroundEstimate/CMSSW_10_6_14/src/BstarToTW_CMSDAS2023_BackgroundEstimation/regions/2017/ttbarfits_inclusive/signalRSGluon2000_area/signalRSGluon2000_card.txt
combineTool.py -M AsymptoticLimits -d signalRSGluon2000_card.txt --saveWorkspace --cminDefaultMinimizerStrategy 0   -v 0 --job-mode condor --sub-opts='+JobFlavour=longlunch'
/eos/home-m/mmorris/Documents/TTbarResonance/backgroundEstimate/CMSSW_10_6_14/src/BstarToTW_CMSDAS2023_BackgroundEstimation/regions/2017/ttbarfits_inclusive/signalRSGluon2000_area
 <<< Combine >>> 
>>> random number generator seed is 123456
>>> method used is AsymptoticLimits
SimNLL created with 36 channels, 0 generic constraints, 9 fast gaussian constraints, 0 fast poisson constraints, 0 fast group constraints, 
SimNLL created with 36 channels, 0 generic constraints, 9 fast gaussian constraints, 0 fast poisson constraints, 0 fast group constraints, 
SimNLL created with 36 channels, 0 generic constraints, 9 fast gaussian constraints, 0 fast poisson constraints, 0 fast group constraints, 

 -- AsymptoticLimits ( CLs ) --
Observed Limit: r < 0.1290
Expected  2.5%: r < 0.0387
Expected 16.0%: r < 0.0520
Expected 50.0%: r < 0.0728
Expected 84.0%: r < 0.1038
Expected 97.5%: r < 0.1419

Done in 8.47 min (cpu), 8.47 min (real)
>> combine --saveWorkspace --cminDefaultMinimizerStrategy 0 -v 0 -M AsymptoticLimits -d signalRSGluon2000_card.txt -n .Test
combining data cards into /eos/home-m/mmorris/Documents/TTbarResonance/backgroundEstimate/CMSSW_10_6_14/src/BstarToTW_CMSDAS2023_BackgroundEstimation/regions/2017/ttbarfits_inclusive/signalRSGluon2500_area/signalRSGluon2500_card.txt
combineTool.py -M AsymptoticLimits -d signalRSGluon2500_card.txt --saveWorkspace --cminDefaultMinimizerStrategy 0   -v 0 --job-mode condor --sub-opts='+JobFlavour=longlunch'
/eos/home-m/mmorris/Documents/TTbarResonance/backgroundEstimate/CMSSW_10_6_14/src/BstarToTW_CMSDAS2023_BackgroundEstimation/regions/2017/ttbarfits_inclusive/signalRSGluon2500_area
 <<< Combine >>> 
>>> random number generator seed is 123456
>>> method used is AsymptoticLimits
SimNLL created with 36 channels, 0 generic constraints, 9 fast gaussian constraints, 0 fast poisson constraints, 0 fast group constraints, 
SimNLL created with 36 channels, 0 generic constraints, 9 fast gaussian constraints, 0 fast poisson constraints, 0 fast group constraints, 
SimNLL created with 36 channels, 0 generic constraints, 9 fast gaussian constraints, 0 fast poisson constraints, 0 fast group constraints, 

 -- AsymptoticLimits ( CLs ) --
Observed Limit: r < 0.0009
Expected  2.5%: r < 0.0197
Expected 16.0%: r < 0.0267
Expected 50.0%: r < 0.0376
Expected 84.0%: r < 0.0535
Expected 97.5%: r < 0.0730

Done in 11.62 min (cpu), 11.63 min (real)
>> combine --saveWorkspace --cminDefaultMinimizerStrategy 0 -v 0 -M AsymptoticLimits -d signalRSGluon2500_card.txt -n .Test
combining data cards into /eos/home-m/mmorris/Documents/TTbarResonance/backgroundEstimate/CMSSW_10_6_14/src/BstarToTW_CMSDAS2023_BackgroundEstimation/regions/2017/ttbarfits_inclusive/signalRSGluon3000_area/signalRSGluon3000_card.txt
combineTool.py -M AsymptoticLimits -d signalRSGluon3000_card.txt --saveWorkspace --cminDefaultMinimizerStrategy 0   -v 0 --job-mode condor --sub-opts='+JobFlavour=longlunch'
/eos/home-m/mmorris/Documents/TTbarResonance/backgroundEstimate/CMSSW_10_6_14/src/BstarToTW_CMSDAS2023_BackgroundEstimation/regions/2017/ttbarfits_inclusive/signalRSGluon3000_area
 <<< Combine >>> 
>>> random number generator seed is 123456
>>> method used is AsymptoticLimits
SimNLL created with 36 channels, 0 generic constraints, 9 fast gaussian constraints, 0 fast poisson constraints, 0 fast group constraints, 
SimNLL created with 36 channels, 0 generic constraints, 9 fast gaussian constraints, 0 fast poisson constraints, 0 fast group constraints, 
SimNLL created with 36 channels, 0 generic constraints, 9 fast gaussian constraints, 0 fast poisson constraints, 0 fast group constraints, 

 -- AsymptoticLimits ( CLs ) --
Observed Limit: r < 0.0189
Expected  2.5%: r < 0.0133
Expected 16.0%: r < 0.0184
Expected 50.0%: r < 0.0259
Expected 84.0%: r < 0.0378
Expected 97.5%: r < 0.0522

Done in 8.98 min (cpu), 8.98 min (real)
>> combine --saveWorkspace --cminDefaultMinimizerStrategy 0 -v 0 -M AsymptoticLimits -d signalRSGluon3000_card.txt -n .Test
combining data cards into /eos/home-m/mmorris/Documents/TTbarResonance/backgroundEstimate/CMSSW_10_6_14/src/BstarToTW_CMSDAS2023_BackgroundEstimation/regions/2017/ttbarfits_inclusive/signalRSGluon3500_area/signalRSGluon3500_card.txt
combineTool.py -M AsymptoticLimits -d signalRSGluon3500_card.txt --saveWorkspace --cminDefaultMinimizerStrategy 0   -v 0 --job-mode condor --sub-opts='+JobFlavour=longlunch'
/eos/home-m/mmorris/Documents/TTbarResonance/backgroundEstimate/CMSSW_10_6_14/src/BstarToTW_CMSDAS2023_BackgroundEstimation/regions/2017/ttbarfits_inclusive/signalRSGluon3500_area
 <<< Combine >>> 
>>> random number generator seed is 123456
>>> method used is AsymptoticLimits
SimNLL created with 36 channels, 0 generic constraints, 9 fast gaussian constraints, 0 fast poisson constraints, 0 fast group constraints, 
SimNLL created with 36 channels, 0 generic constraints, 9 fast gaussian constraints, 0 fast poisson constraints, 0 fast group constraints, 
SimNLL created with 36 channels, 0 generic constraints, 9 fast gaussian constraints, 0 fast poisson constraints, 0 fast group constraints, 

 -- AsymptoticLimits ( CLs ) --
Observed Limit: r < 0.0203
Expected  2.5%: r < 0.0102
Expected 16.0%: r < 0.0142
Expected 50.0%: r < 0.0210
Expected 84.0%: r < 0.0307
Expected 97.5%: r < 0.0439

Done in 8.67 min (cpu), 8.67 min (real)
>> combine --saveWorkspace --cminDefaultMinimizerStrategy 0 -v 0 -M AsymptoticLimits -d signalRSGluon3500_card.txt -n .Test
combining data cards into /eos/home-m/mmorris/Documents/TTbarResonance/backgroundEstimate/CMSSW_10_6_14/src/BstarToTW_CMSDAS2023_BackgroundEstimation/regions/2017/ttbarfits_inclusive/signalRSGluon4000_area/signalRSGluon4000_card.txt
combineTool.py -M AsymptoticLimits -d signalRSGluon4000_card.txt --saveWorkspace --cminDefaultMinimizerStrategy 0   -v 0 --job-mode condor --sub-opts='+JobFlavour=longlunch'
/eos/home-m/mmorris/Documents/TTbarResonance/backgroundEstimate/CMSSW_10_6_14/src/BstarToTW_CMSDAS2023_BackgroundEstimation/regions/2017/ttbarfits_inclusive/signalRSGluon4000_area
 <<< Combine >>> 
>>> random number generator seed is 123456
>>> method used is AsymptoticLimits
SimNLL created with 36 channels, 0 generic constraints, 9 fast gaussian constraints, 0 fast poisson constraints, 0 fast group constraints, 
SimNLL created with 36 channels, 0 generic constraints, 9 fast gaussian constraints, 0 fast poisson constraints, 0 fast group constraints, 
SimNLL created with 36 channels, 0 generic constraints, 9 fast gaussian constraints, 0 fast poisson constraints, 0 fast group constraints, 

 -- AsymptoticLimits ( CLs ) --
Observed Limit: r < 0.0191
Expected  2.5%: r < 0.0102
Expected 16.0%: r < 0.0146
Expected 50.0%: r < 0.0210
Expected 84.0%: r < 0.0320
Expected 97.5%: r < 0.0455

Done in 8.83 min (cpu), 8.83 min (real)
>> combine --saveWorkspace --cminDefaultMinimizerStrategy 0 -v 0 -M AsymptoticLimits -d signalRSGluon4000_card.txt -n .Test
combining data cards into /eos/home-m/mmorris/Documents/TTbarResonance/backgroundEstimate/CMSSW_10_6_14/src/BstarToTW_CMSDAS2023_BackgroundEstimation/regions/2017/ttbarfits_inclusive/signalRSGluon4500_area/signalRSGluon4500_card.txt
combineTool.py -M AsymptoticLimits -d signalRSGluon4500_card.txt --saveWorkspace --cminDefaultMinimizerStrategy 0   -v 0 --job-mode condor --sub-opts='+JobFlavour=longlunch'
/eos/home-m/mmorris/Documents/TTbarResonance/backgroundEstimate/CMSSW_10_6_14/src/BstarToTW_CMSDAS2023_BackgroundEstimation/regions/2017/ttbarfits_inclusive/signalRSGluon4500_area
 <<< Combine >>> 
>>> random number generator seed is 123456
>>> method used is AsymptoticLimits
SimNLL created with 36 channels, 0 generic constraints, 9 fast gaussian constraints, 0 fast poisson constraints, 0 fast group constraints, 
SimNLL created with 36 channels, 0 generic constraints, 9 fast gaussian constraints, 0 fast poisson constraints, 0 fast group constraints, 
SimNLL created with 36 channels, 0 generic constraints, 9 fast gaussian constraints, 0 fast poisson constraints, 0 fast group constraints, 

 -- AsymptoticLimits ( CLs ) --
Observed Limit: r < 0.0250
Expected  2.5%: r < 0.0125
Expected 16.0%: r < 0.0180
Expected 50.0%: r < 0.0259
Expected 84.0%: r < 0.0387
Expected 97.5%: r < 0.0559

Done in 8.88 min (cpu), 8.88 min (real)
>> combine --saveWorkspace --cminDefaultMinimizerStrategy 0 -v 0 -M AsymptoticLimits -d signalRSGluon4500_card.txt -n .Test
combining data cards into /eos/home-m/mmorris/Documents/TTbarResonance/backgroundEstimate/CMSSW_10_6_14/src/BstarToTW_CMSDAS2023_BackgroundEstimation/regions/2017/ttbarfits_inclusive/signalRSGluon5000_area/signalRSGluon5000_card.txt
combineTool.py -M AsymptoticLimits -d signalRSGluon5000_card.txt --saveWorkspace --cminDefaultMinimizerStrategy 0   -v 0 --job-mode condor --sub-opts='+JobFlavour=longlunch'
/eos/home-m/mmorris/Documents/TTbarResonance/backgroundEstimate/CMSSW_10_6_14/src/BstarToTW_CMSDAS2023_BackgroundEstimation/regions/2017/ttbarfits_inclusive/signalRSGluon5000_area
 <<< Combine >>> 
>>> random number generator seed is 123456
>>> method used is AsymptoticLimits
SimNLL created with 36 channels, 0 generic constraints, 9 fast gaussian constraints, 0 fast poisson constraints, 0 fast group constraints, 
SimNLL created with 36 channels, 0 generic constraints, 9 fast gaussian constraints, 0 fast poisson constraints, 0 fast group constraints, 
SimNLL created with 36 channels, 0 generic constraints, 9 fast gaussian constraints, 0 fast poisson constraints, 0 fast group constraints, 

 -- AsymptoticLimits ( CLs ) --
Observed Limit: r < 0.0326
Expected  2.5%: r < 0.0177
Expected 16.0%: r < 0.0245
Expected 50.0%: r < 0.0366
Expected 84.0%: r < 0.0544
Expected 97.5%: r < 0.0780

Done in 8.48 min (cpu), 8.48 min (real)
>> combine --saveWorkspace --cminDefaultMinimizerStrategy 0 -v 0 -M AsymptoticLimits -d signalRSGluon5000_card.txt -n .Test
Traceback (most recent call last):
  File "/eos/home-m/mmorris/Documents/TTbarResonance/backgroundEstimate/CMSSW_10_6_14/bin/slc7_amd64_gcc700/combineCards.py", line 68, in <module>
    file = open(fname, "r")
IOError: [Errno 2] No such file or directory: '/eos/home-m/mmorris/Documents/TTbarResonance/backgroundEstimate/CMSSW_10_6_14/src/BstarToTW_CMSDAS2023_BackgroundEstimation/regions/2017/ttbarfits_fwd1b_3x1/signalRSGluon5500_area/card.txt'
combining data cards into /eos/home-m/mmorris/Documents/TTbarResonance/backgroundEstimate/CMSSW_10_6_14/src/BstarToTW_CMSDAS2023_BackgroundEstimation/regions/2017/ttbarfits_inclusive/signalRSGluon5500_area/signalRSGluon5500_card.txt
combineTool.py -M AsymptoticLimits -d signalRSGluon5500_card.txt --saveWorkspace --cminDefaultMinimizerStrategy 0   -v 0 --job-mode condor --sub-opts='+JobFlavour=longlunch'
/eos/home-m/mmorris/Documents/TTbarResonance/backgroundEstimate/CMSSW_10_6_14/src/BstarToTW_CMSDAS2023_BackgroundEstimation/regions/2017/ttbarfits_inclusive/signalRSGluon5500_area
 <<< Combine >>> 
>>> random number generator seed is 123456
>>> method used is AsymptoticLimits
Dataset data_obs not found.
No observed data 'data_obs' in the workspace. Cannot compute limit.

>> combine --saveWorkspace --cminDefaultMinimizerStrategy 0 -v 0 -M AsymptoticLimits -d signalRSGluon5500_card.txt -n .Test
Traceback (most recent call last):
  File "/eos/home-m/mmorris/Documents/TTbarResonance/backgroundEstimate/CMSSW_10_6_14/bin/slc7_amd64_gcc700/combineCards.py", line 68, in <module>
    file = open(fname, "r")
IOError: [Errno 2] No such file or directory: '/eos/home-m/mmorris/Documents/TTbarResonance/backgroundEstimate/CMSSW_10_6_14/src/BstarToTW_CMSDAS2023_BackgroundEstimation/regions/2017/ttbarfits_fwd1b_3x1/signalRSGluon6000_area/card.txt'
combining data cards into /eos/home-m/mmorris/Documents/TTbarResonance/backgroundEstimate/CMSSW_10_6_14/src/BstarToTW_CMSDAS2023_BackgroundEstimation/regions/2017/ttbarfits_inclusive/signalRSGluon6000_area/signalRSGluon6000_card.txt
combineTool.py -M AsymptoticLimits -d signalRSGluon6000_card.txt --saveWorkspace --cminDefaultMinimizerStrategy 0   -v 0 --job-mode condor --sub-opts='+JobFlavour=longlunch'
/eos/home-m/mmorris/Documents/TTbarResonance/backgroundEstimate/CMSSW_10_6_14/src/BstarToTW_CMSDAS2023_BackgroundEstimation/regions/2017/ttbarfits_inclusive/signalRSGluon6000_area
 <<< Combine >>> 
>>> random number generator seed is 123456
>>> method used is AsymptoticLimits
Dataset data_obs not found.
No observed data 'data_obs' in the workspace. Cannot compute limit.

>> combine --saveWorkspace --cminDefaultMinimizerStrategy 0 -v 0 -M AsymptoticLimits -d signalRSGluon6000_card.txt -n .Test
