nohup: ignoring input
combining data cards into /eos/home-m/mmorris/Documents/TTbarResonance/backgroundEstimate/CMSSW_10_6_14/src/BstarToTW_CMSDAS2023_BackgroundEstimation/regions/2017/ttbarfits_inclusive/signalZPrime1000_DM_area/signalZPrime1000_DM_card.txt
combineTool.py -M AsymptoticLimits -d signalZPrime1000_DM_card.txt --saveWorkspace --cminDefaultMinimizerStrategy 0   -v 0 --job-mode condor --sub-opts='+JobFlavour=longlunch'
/eos/home-m/mmorris/Documents/TTbarResonance/backgroundEstimate/CMSSW_10_6_14/src/BstarToTW_CMSDAS2023_BackgroundEstimation/regions/2017/ttbarfits_inclusive/signalZPrime1000_DM_area
 <<< Combine >>> 
>>> random number generator seed is 123456
>>> method used is AsymptoticLimits
SimNLL created with 36 channels, 0 generic constraints, 9 fast gaussian constraints, 0 fast poisson constraints, 0 fast group constraints, 
SimNLL created with 36 channels, 0 generic constraints, 9 fast gaussian constraints, 0 fast poisson constraints, 0 fast group constraints, 
SimNLL created with 36 channels, 0 generic constraints, 9 fast gaussian constraints, 0 fast poisson constraints, 0 fast group constraints, 

 -- AsymptoticLimits ( CLs ) --
Observed Limit: r < 1.2552
Expected  2.5%: r < 1.6928
Expected 16.0%: r < 2.3308
Expected 50.0%: r < 3.3594
Expected 84.0%: r < 4.8859
Expected 97.5%: r < 6.7804

Done in 6.16 min (cpu), 6.17 min (real)
combining data cards into /eos/home-m/mmorris/Documents/TTbarResonance/backgroundEstimate/CMSSW_10_6_14/src/BstarToTW_CMSDAS2023_BackgroundEstimation/regions/2017/ttbarfits_inclusive/signalZPrime1500_DM_area/signalZPrime1500_DM_card.txt
combineTool.py -M AsymptoticLimits -d signalZPrime1500_DM_card.txt --saveWorkspace --cminDefaultMinimizerStrategy 0   -v 0 --job-mode condor --sub-opts='+JobFlavour=longlunch'
/eos/home-m/mmorris/Documents/TTbarResonance/backgroundEstimate/CMSSW_10_6_14/src/BstarToTW_CMSDAS2023_BackgroundEstimation/regions/2017/ttbarfits_inclusive/signalZPrime1500_DM_area
 <<< Combine >>> 
>>> random number generator seed is 123456
>>> method used is AsymptoticLimits
SimNLL created with 36 channels, 0 generic constraints, 9 fast gaussian constraints, 0 fast poisson constraints, 0 fast group constraints, 
SimNLL created with 36 channels, 0 generic constraints, 9 fast gaussian constraints, 0 fast poisson constraints, 0 fast group constraints, 
SimNLL created with 36 channels, 0 generic constraints, 9 fast gaussian constraints, 0 fast poisson constraints, 0 fast group constraints, 

 -- AsymptoticLimits ( CLs ) --
Observed Limit: r < 0.1648
Expected  2.5%: r < 0.0708
Expected 16.0%: r < 0.0947
Expected 50.0%: r < 0.1333
Expected 84.0%: r < 0.1902
Expected 97.5%: r < 0.2616

Done in 7.43 min (cpu), 7.43 min (real)
>> combine --saveWorkspace --cminDefaultMinimizerStrategy 0 -v 0 -M AsymptoticLimits -d signalZPrime1500_DM_card.txt -n .Test
combining data cards into /eos/home-m/mmorris/Documents/TTbarResonance/backgroundEstimate/CMSSW_10_6_14/src/BstarToTW_CMSDAS2023_BackgroundEstimation/regions/2017/ttbarfits_inclusive/signalZPrime2000_DM_area/signalZPrime2000_DM_card.txt
combineTool.py -M AsymptoticLimits -d signalZPrime2000_DM_card.txt --saveWorkspace --cminDefaultMinimizerStrategy 0   -v 0 --job-mode condor --sub-opts='+JobFlavour=longlunch'
/eos/home-m/mmorris/Documents/TTbarResonance/backgroundEstimate/CMSSW_10_6_14/src/BstarToTW_CMSDAS2023_BackgroundEstimation/regions/2017/ttbarfits_inclusive/signalZPrime2000_DM_area
 <<< Combine >>> 
>>> random number generator seed is 123456
>>> method used is AsymptoticLimits
SimNLL created with 36 channels, 0 generic constraints, 9 fast gaussian constraints, 0 fast poisson constraints, 0 fast group constraints, 
SimNLL created with 36 channels, 0 generic constraints, 9 fast gaussian constraints, 0 fast poisson constraints, 0 fast group constraints, 
SimNLL created with 36 channels, 0 generic constraints, 9 fast gaussian constraints, 0 fast poisson constraints, 0 fast group constraints, 

 -- AsymptoticLimits ( CLs ) --
Observed Limit: r < 0.0225
Expected  2.5%: r < 0.0187
Expected 16.0%: r < 0.0252
Expected 50.0%: r < 0.0347
Expected 84.0%: r < 0.0499
Expected 97.5%: r < 0.0685

Done in 9.66 min (cpu), 9.67 min (real)
>> combine --saveWorkspace --cminDefaultMinimizerStrategy 0 -v 0 -M AsymptoticLimits -d signalZPrime2000_DM_card.txt -n .Test
combining data cards into /eos/home-m/mmorris/Documents/TTbarResonance/backgroundEstimate/CMSSW_10_6_14/src/BstarToTW_CMSDAS2023_BackgroundEstimation/regions/2017/ttbarfits_inclusive/signalZPrime2500_DM_area/signalZPrime2500_DM_card.txt
combineTool.py -M AsymptoticLimits -d signalZPrime2500_DM_card.txt --saveWorkspace --cminDefaultMinimizerStrategy 0   -v 0 --job-mode condor --sub-opts='+JobFlavour=longlunch'
/eos/home-m/mmorris/Documents/TTbarResonance/backgroundEstimate/CMSSW_10_6_14/src/BstarToTW_CMSDAS2023_BackgroundEstimation/regions/2017/ttbarfits_inclusive/signalZPrime2500_DM_area
 <<< Combine >>> 
>>> random number generator seed is 123456
>>> method used is AsymptoticLimits
SimNLL created with 36 channels, 0 generic constraints, 9 fast gaussian constraints, 0 fast poisson constraints, 0 fast group constraints, 
SimNLL created with 36 channels, 0 generic constraints, 9 fast gaussian constraints, 0 fast poisson constraints, 0 fast group constraints, 
SimNLL created with 36 channels, 0 generic constraints, 9 fast gaussian constraints, 0 fast poisson constraints, 0 fast group constraints, 

 -- AsymptoticLimits ( CLs ) --
Observed Limit: r < 0.0119
Expected  2.5%: r < 0.0083
Expected 16.0%: r < 0.0117
Expected 50.0%: r < 0.0161
Expected 84.0%: r < 0.0230
Expected 97.5%: r < 0.0316

Done in 8.62 min (cpu), 8.63 min (real)
>> combine --saveWorkspace --cminDefaultMinimizerStrategy 0 -v 0 -M AsymptoticLimits -d signalZPrime2500_DM_card.txt -n .Test
combining data cards into /eos/home-m/mmorris/Documents/TTbarResonance/backgroundEstimate/CMSSW_10_6_14/src/BstarToTW_CMSDAS2023_BackgroundEstimation/regions/2017/ttbarfits_inclusive/signalZPrime3000_DM_area/signalZPrime3000_DM_card.txt
combineTool.py -M AsymptoticLimits -d signalZPrime3000_DM_card.txt --saveWorkspace --cminDefaultMinimizerStrategy 0   -v 0 --job-mode condor --sub-opts='+JobFlavour=longlunch'
/eos/home-m/mmorris/Documents/TTbarResonance/backgroundEstimate/CMSSW_10_6_14/src/BstarToTW_CMSDAS2023_BackgroundEstimation/regions/2017/ttbarfits_inclusive/signalZPrime3000_DM_area
 <<< Combine >>> 
>>> random number generator seed is 123456
>>> method used is AsymptoticLimits
SimNLL created with 36 channels, 0 generic constraints, 9 fast gaussian constraints, 0 fast poisson constraints, 0 fast group constraints, 
SimNLL created with 36 channels, 0 generic constraints, 9 fast gaussian constraints, 0 fast poisson constraints, 0 fast group constraints, 
SimNLL created with 36 channels, 0 generic constraints, 9 fast gaussian constraints, 0 fast poisson constraints, 0 fast group constraints, 

 -- AsymptoticLimits ( CLs ) --
Observed Limit: r < 0.0074
Expected  2.5%: r < 0.0051
Expected 16.0%: r < 0.0067
Expected 50.0%: r < 0.0103
Expected 84.0%: r < 0.0145
Expected 97.5%: r < 0.0200

Done in 8.26 min (cpu), 8.27 min (real)
>> combine --saveWorkspace --cminDefaultMinimizerStrategy 0 -v 0 -M AsymptoticLimits -d signalZPrime3000_DM_card.txt -n .Test
combining data cards into /eos/home-m/mmorris/Documents/TTbarResonance/backgroundEstimate/CMSSW_10_6_14/src/BstarToTW_CMSDAS2023_BackgroundEstimation/regions/2017/ttbarfits_inclusive/signalZPrime3500_DM_area/signalZPrime3500_DM_card.txt
combineTool.py -M AsymptoticLimits -d signalZPrime3500_DM_card.txt --saveWorkspace --cminDefaultMinimizerStrategy 0   -v 0 --job-mode condor --sub-opts='+JobFlavour=longlunch'
/eos/home-m/mmorris/Documents/TTbarResonance/backgroundEstimate/CMSSW_10_6_14/src/BstarToTW_CMSDAS2023_BackgroundEstimation/regions/2017/ttbarfits_inclusive/signalZPrime3500_DM_area
 <<< Combine >>> 
>>> random number generator seed is 123456
>>> method used is AsymptoticLimits
SimNLL created with 36 channels, 0 generic constraints, 9 fast gaussian constraints, 0 fast poisson constraints, 0 fast group constraints, 
SimNLL created with 36 channels, 0 generic constraints, 9 fast gaussian constraints, 0 fast poisson constraints, 0 fast group constraints, 
SimNLL created with 36 channels, 0 generic constraints, 9 fast gaussian constraints, 0 fast poisson constraints, 0 fast group constraints, 

 -- AsymptoticLimits ( CLs ) --
Observed Limit: r < 0.0023
Expected  2.5%: r < 0.0032
Expected 16.0%: r < 0.0045
Expected 50.0%: r < 0.0073
Expected 84.0%: r < 0.0106
Expected 97.5%: r < 0.0146

Done in 9.11 min (cpu), 9.11 min (real)
>> combine --saveWorkspace --cminDefaultMinimizerStrategy 0 -v 0 -M AsymptoticLimits -d signalZPrime3500_DM_card.txt -n .Test
combining data cards into /eos/home-m/mmorris/Documents/TTbarResonance/backgroundEstimate/CMSSW_10_6_14/src/BstarToTW_CMSDAS2023_BackgroundEstimation/regions/2017/ttbarfits_inclusive/signalZPrime4000_DM_area/signalZPrime4000_DM_card.txt
combineTool.py -M AsymptoticLimits -d signalZPrime4000_DM_card.txt --saveWorkspace --cminDefaultMinimizerStrategy 0   -v 0 --job-mode condor --sub-opts='+JobFlavour=longlunch'
/eos/home-m/mmorris/Documents/TTbarResonance/backgroundEstimate/CMSSW_10_6_14/src/BstarToTW_CMSDAS2023_BackgroundEstimation/regions/2017/ttbarfits_inclusive/signalZPrime4000_DM_area
 <<< Combine >>> 
>>> random number generator seed is 123456
>>> method used is AsymptoticLimits
SimNLL created with 36 channels, 0 generic constraints, 9 fast gaussian constraints, 0 fast poisson constraints, 0 fast group constraints, 
SimNLL created with 36 channels, 0 generic constraints, 9 fast gaussian constraints, 0 fast poisson constraints, 0 fast group constraints, 
SimNLL created with 36 channels, 0 generic constraints, 9 fast gaussian constraints, 0 fast poisson constraints, 0 fast group constraints, 

 -- AsymptoticLimits ( CLs ) --
Observed Limit: r < 0.0072
Expected  2.5%: r < 0.0028
Expected 16.0%: r < 0.0041
Expected 50.0%: r < 0.0063
Expected 84.0%: r < 0.0092
Expected 97.5%: r < 0.0139

Done in 8.71 min (cpu), 8.72 min (real)
combining data cards into /eos/home-m/mmorris/Documents/TTbarResonance/backgroundEstimate/CMSSW_10_6_14/src/BstarToTW_CMSDAS2023_BackgroundEstimation/regions/2017/ttbarfits_inclusive/signalZPrime4500_DM_area/signalZPrime4500_DM_card.txt
combineTool.py -M AsymptoticLimits -d signalZPrime4500_DM_card.txt --saveWorkspace --cminDefaultMinimizerStrategy 0   -v 0 --job-mode condor --sub-opts='+JobFlavour=longlunch'
/eos/home-m/mmorris/Documents/TTbarResonance/backgroundEstimate/CMSSW_10_6_14/src/BstarToTW_CMSDAS2023_BackgroundEstimation/regions/2017/ttbarfits_inclusive/signalZPrime4500_DM_area
 <<< Combine >>> 
>>> random number generator seed is 123456
>>> method used is AsymptoticLimits
SimNLL created with 36 channels, 0 generic constraints, 9 fast gaussian constraints, 0 fast poisson constraints, 0 fast group constraints, 
SimNLL created with 36 channels, 0 generic constraints, 9 fast gaussian constraints, 0 fast poisson constraints, 0 fast group constraints, 
SimNLL created with 36 channels, 0 generic constraints, 9 fast gaussian constraints, 0 fast poisson constraints, 0 fast group constraints, 

 -- AsymptoticLimits ( CLs ) --
Observed Limit: r < 0.0073
Expected  2.5%: r < 0.0032
Expected 16.0%: r < 0.0050
Expected 50.0%: r < 0.0073
Expected 84.0%: r < 0.0106
Expected 97.5%: r < 0.0161

Done in 8.78 min (cpu), 8.78 min (real)
combining data cards into /eos/home-m/mmorris/Documents/TTbarResonance/backgroundEstimate/CMSSW_10_6_14/src/BstarToTW_CMSDAS2023_BackgroundEstimation/regions/2017/ttbarfits_inclusive/signalZPrime5000_DM_area/signalZPrime5000_DM_card.txt
combineTool.py -M AsymptoticLimits -d signalZPrime5000_DM_card.txt --saveWorkspace --cminDefaultMinimizerStrategy 0   -v 0 --job-mode condor --sub-opts='+JobFlavour=longlunch'
/eos/home-m/mmorris/Documents/TTbarResonance/backgroundEstimate/CMSSW_10_6_14/src/BstarToTW_CMSDAS2023_BackgroundEstimation/regions/2017/ttbarfits_inclusive/signalZPrime5000_DM_area
 <<< Combine >>> 
>>> random number generator seed is 123456
>>> method used is AsymptoticLimits
SimNLL created with 36 channels, 0 generic constraints, 9 fast gaussian constraints, 0 fast poisson constraints, 0 fast group constraints, 
SimNLL created with 36 channels, 0 generic constraints, 9 fast gaussian constraints, 0 fast poisson constraints, 0 fast group constraints, 
SimNLL created with 36 channels, 0 generic constraints, 9 fast gaussian constraints, 0 fast poisson constraints, 0 fast group constraints, 

 -- AsymptoticLimits ( CLs ) --
Observed Limit: r < 0.0104
Expected  2.5%: r < 0.0048
Expected 16.0%: r < 0.0072
Expected 50.0%: r < 0.0103
Expected 84.0%: r < 0.0158
Expected 97.5%: r < 0.0230

Done in 8.80 min (cpu), 8.80 min (real)
>> combine --saveWorkspace --cminDefaultMinimizerStrategy 0 -v 0 -M AsymptoticLimits -d signalZPrime5000_DM_card.txt -n .Test
