nohup: ignoring input
combining data cards into /eos/home-m/mmorris/Documents/TTbarResonance/backgroundEstimate/CMSSW_10_6_14/src/BstarToTW_CMSDAS2023_BackgroundEstimation/regions/2017/ttbarfits_inclusive/signalZPrime1000_10_area/signalZPrime1000_10_card.txt
combineTool.py -M AsymptoticLimits -d signalZPrime1000_10_card.txt --saveWorkspace --cminDefaultMinimizerStrategy 0   -v 0 --job-mode condor --sub-opts='+JobFlavour=longlunch'
/eos/home-m/mmorris/Documents/TTbarResonance/backgroundEstimate/CMSSW_10_6_14/src/BstarToTW_CMSDAS2023_BackgroundEstimation/regions/2017/ttbarfits_inclusive/signalZPrime1000_10_area
 <<< Combine >>> 
>>> random number generator seed is 123456
>>> method used is AsymptoticLimits
SimNLL created with 36 channels, 0 generic constraints, 9 fast gaussian constraints, 0 fast poisson constraints, 0 fast group constraints, 
SimNLL created with 36 channels, 0 generic constraints, 9 fast gaussian constraints, 0 fast poisson constraints, 0 fast group constraints, 
SimNLL created with 36 channels, 0 generic constraints, 9 fast gaussian constraints, 0 fast poisson constraints, 0 fast group constraints, 

 -- AsymptoticLimits ( CLs ) --
Observed Limit: r < 1.6240
Expected  2.5%: r < 1.8790
Expected 16.0%: r < 2.5653
Expected 50.0%: r < 3.6719
Expected 84.0%: r < 5.2672
Expected 97.5%: r < 7.2257

Done in 3.70 min (cpu), 3.71 min (real)
>> combine --saveWorkspace --cminDefaultMinimizerStrategy 0 -v 0 -M AsymptoticLimits -d signalZPrime1000_10_card.txt -n .Test
Traceback (most recent call last):
  File "/eos/home-m/mmorris/Documents/TTbarResonance/backgroundEstimate/CMSSW_10_6_14/bin/slc7_amd64_gcc700/combineCards.py", line 68, in <module>
    file = open(fname, "r")
IOError: [Errno 2] No such file or directory: '/eos/home-m/mmorris/Documents/TTbarResonance/backgroundEstimate/CMSSW_10_6_14/src/BstarToTW_CMSDAS2023_BackgroundEstimation/regions/2017/ttbarfits_fwd1b_3x1/signalZPrime1200_10_area/card.txt'
combining data cards into /eos/home-m/mmorris/Documents/TTbarResonance/backgroundEstimate/CMSSW_10_6_14/src/BstarToTW_CMSDAS2023_BackgroundEstimation/regions/2017/ttbarfits_inclusive/signalZPrime1200_10_area/signalZPrime1200_10_card.txt
combineTool.py -M AsymptoticLimits -d signalZPrime1200_10_card.txt --saveWorkspace --cminDefaultMinimizerStrategy 0   -v 0 --job-mode condor --sub-opts='+JobFlavour=longlunch'
/eos/home-m/mmorris/Documents/TTbarResonance/backgroundEstimate/CMSSW_10_6_14/src/BstarToTW_CMSDAS2023_BackgroundEstimation/regions/2017/ttbarfits_inclusive/signalZPrime1200_10_area
 <<< Combine >>> 
>>> random number generator seed is 123456
>>> method used is AsymptoticLimits
Dataset data_obs not found.
No observed data 'data_obs' in the workspace. Cannot compute limit.

Traceback (most recent call last):
  File "/eos/home-m/mmorris/Documents/TTbarResonance/backgroundEstimate/CMSSW_10_6_14/bin/slc7_amd64_gcc700/combineCards.py", line 68, in <module>
    file = open(fname, "r")
IOError: [Errno 2] No such file or directory: '/eos/home-m/mmorris/Documents/TTbarResonance/backgroundEstimate/CMSSW_10_6_14/src/BstarToTW_CMSDAS2023_BackgroundEstimation/regions/2017/ttbarfits_fwd1b_3x1/signalZPrime1400_10_area/card.txt'
combining data cards into /eos/home-m/mmorris/Documents/TTbarResonance/backgroundEstimate/CMSSW_10_6_14/src/BstarToTW_CMSDAS2023_BackgroundEstimation/regions/2017/ttbarfits_inclusive/signalZPrime1400_10_area/signalZPrime1400_10_card.txt
combineTool.py -M AsymptoticLimits -d signalZPrime1400_10_card.txt --saveWorkspace --cminDefaultMinimizerStrategy 0   -v 0 --job-mode condor --sub-opts='+JobFlavour=longlunch'
/eos/home-m/mmorris/Documents/TTbarResonance/backgroundEstimate/CMSSW_10_6_14/src/BstarToTW_CMSDAS2023_BackgroundEstimation/regions/2017/ttbarfits_inclusive/signalZPrime1400_10_area
 <<< Combine >>> 
>>> random number generator seed is 123456
>>> method used is AsymptoticLimits
Dataset data_obs not found.
No observed data 'data_obs' in the workspace. Cannot compute limit.

>> combine --saveWorkspace --cminDefaultMinimizerStrategy 0 -v 0 -M AsymptoticLimits -d signalZPrime1400_10_card.txt -n .Test
Traceback (most recent call last):
  File "/eos/home-m/mmorris/Documents/TTbarResonance/backgroundEstimate/CMSSW_10_6_14/bin/slc7_amd64_gcc700/combineCards.py", line 68, in <module>
    file = open(fname, "r")
IOError: [Errno 2] No such file or directory: '/eos/home-m/mmorris/Documents/TTbarResonance/backgroundEstimate/CMSSW_10_6_14/src/BstarToTW_CMSDAS2023_BackgroundEstimation/regions/2017/ttbarfits_fwd1b_3x1/signalZPrime1800_10_area/card.txt'
combining data cards into /eos/home-m/mmorris/Documents/TTbarResonance/backgroundEstimate/CMSSW_10_6_14/src/BstarToTW_CMSDAS2023_BackgroundEstimation/regions/2017/ttbarfits_inclusive/signalZPrime1800_10_area/signalZPrime1800_10_card.txt
combineTool.py -M AsymptoticLimits -d signalZPrime1800_10_card.txt --saveWorkspace --cminDefaultMinimizerStrategy 0   -v 0 --job-mode condor --sub-opts='+JobFlavour=longlunch'
/eos/home-m/mmorris/Documents/TTbarResonance/backgroundEstimate/CMSSW_10_6_14/src/BstarToTW_CMSDAS2023_BackgroundEstimation/regions/2017/ttbarfits_inclusive/signalZPrime1800_10_area
 <<< Combine >>> 
>>> random number generator seed is 123456
>>> method used is AsymptoticLimits
Dataset data_obs not found.
No observed data 'data_obs' in the workspace. Cannot compute limit.

>> combine --saveWorkspace --cminDefaultMinimizerStrategy 0 -v 0 -M AsymptoticLimits -d signalZPrime1800_10_card.txt -n .Test
combining data cards into /eos/home-m/mmorris/Documents/TTbarResonance/backgroundEstimate/CMSSW_10_6_14/src/BstarToTW_CMSDAS2023_BackgroundEstimation/regions/2017/ttbarfits_inclusive/signalZPrime2000_10_area/signalZPrime2000_10_card.txt
combineTool.py -M AsymptoticLimits -d signalZPrime2000_10_card.txt --saveWorkspace --cminDefaultMinimizerStrategy 0   -v 0 --job-mode condor --sub-opts='+JobFlavour=longlunch'
/eos/home-m/mmorris/Documents/TTbarResonance/backgroundEstimate/CMSSW_10_6_14/src/BstarToTW_CMSDAS2023_BackgroundEstimation/regions/2017/ttbarfits_inclusive/signalZPrime2000_10_area
 <<< Combine >>> 
>>> random number generator seed is 123456
>>> method used is AsymptoticLimits
SimNLL created with 36 channels, 0 generic constraints, 9 fast gaussian constraints, 0 fast poisson constraints, 0 fast group constraints, 
SimNLL created with 36 channels, 0 generic constraints, 9 fast gaussian constraints, 0 fast poisson constraints, 0 fast group constraints, 
SimNLL created with 36 channels, 0 generic constraints, 9 fast gaussian constraints, 0 fast poisson constraints, 0 fast group constraints, 

 -- AsymptoticLimits ( CLs ) --
Observed Limit: r < 0.0701
Expected  2.5%: r < 0.0215
Expected 16.0%: r < 0.0290
Expected 50.0%: r < 0.0405
Expected 84.0%: r < 0.0577
Expected 97.5%: r < 0.0789

Done in 5.30 min (cpu), 5.30 min (real)
>> combine --saveWorkspace --cminDefaultMinimizerStrategy 0 -v 0 -M AsymptoticLimits -d signalZPrime2000_10_card.txt -n .Test
Traceback (most recent call last):
  File "/eos/home-m/mmorris/Documents/TTbarResonance/backgroundEstimate/CMSSW_10_6_14/bin/slc7_amd64_gcc700/combineCards.py", line 68, in <module>
    file = open(fname, "r")
IOError: [Errno 2] No such file or directory: '/eos/home-m/mmorris/Documents/TTbarResonance/backgroundEstimate/CMSSW_10_6_14/src/BstarToTW_CMSDAS2023_BackgroundEstimation/regions/2017/ttbarfits_fwd1b_3x1/signalZPrime2500_10_area/card.txt'
combining data cards into /eos/home-m/mmorris/Documents/TTbarResonance/backgroundEstimate/CMSSW_10_6_14/src/BstarToTW_CMSDAS2023_BackgroundEstimation/regions/2017/ttbarfits_inclusive/signalZPrime2500_10_area/signalZPrime2500_10_card.txt
combineTool.py -M AsymptoticLimits -d signalZPrime2500_10_card.txt --saveWorkspace --cminDefaultMinimizerStrategy 0   -v 0 --job-mode condor --sub-opts='+JobFlavour=longlunch'
/eos/home-m/mmorris/Documents/TTbarResonance/backgroundEstimate/CMSSW_10_6_14/src/BstarToTW_CMSDAS2023_BackgroundEstimation/regions/2017/ttbarfits_inclusive/signalZPrime2500_10_area
 <<< Combine >>> 
>>> random number generator seed is 123456
>>> method used is AsymptoticLimits
Dataset data_obs not found.
No observed data 'data_obs' in the workspace. Cannot compute limit.

combining data cards into /eos/home-m/mmorris/Documents/TTbarResonance/backgroundEstimate/CMSSW_10_6_14/src/BstarToTW_CMSDAS2023_BackgroundEstimation/regions/2017/ttbarfits_inclusive/signalZPrime3000_10_area/signalZPrime3000_10_card.txt
combineTool.py -M AsymptoticLimits -d signalZPrime3000_10_card.txt --saveWorkspace --cminDefaultMinimizerStrategy 0   -v 0 --job-mode condor --sub-opts='+JobFlavour=longlunch'
/eos/home-m/mmorris/Documents/TTbarResonance/backgroundEstimate/CMSSW_10_6_14/src/BstarToTW_CMSDAS2023_BackgroundEstimation/regions/2017/ttbarfits_inclusive/signalZPrime3000_10_area
 <<< Combine >>> 
>>> random number generator seed is 123456
>>> method used is AsymptoticLimits
SimNLL created with 36 channels, 0 generic constraints, 9 fast gaussian constraints, 0 fast poisson constraints, 0 fast group constraints, 
SimNLL created with 36 channels, 0 generic constraints, 9 fast gaussian constraints, 0 fast poisson constraints, 0 fast group constraints, 
SimNLL created with 36 channels, 0 generic constraints, 9 fast gaussian constraints, 0 fast poisson constraints, 0 fast group constraints, 

 -- AsymptoticLimits ( CLs ) --
Observed Limit: r < 0.0081
Expected  2.5%: r < 0.0065
Expected 16.0%: r < 0.0090
Expected 50.0%: r < 0.0122
Expected 84.0%: r < 0.0180
Expected 97.5%: r < 0.0249

Done in 5.39 min (cpu), 5.39 min (real)
>> combine --saveWorkspace --cminDefaultMinimizerStrategy 0 -v 0 -M AsymptoticLimits -d signalZPrime3000_10_card.txt -n .Test
Traceback (most recent call last):
  File "/eos/home-m/mmorris/Documents/TTbarResonance/backgroundEstimate/CMSSW_10_6_14/bin/slc7_amd64_gcc700/combineCards.py", line 68, in <module>
    file = open(fname, "r")
IOError: [Errno 2] No such file or directory: '/eos/home-m/mmorris/Documents/TTbarResonance/backgroundEstimate/CMSSW_10_6_14/src/BstarToTW_CMSDAS2023_BackgroundEstimation/regions/2017/ttbarfits_fwd1b_3x1/signalZPrime3500_10_area/card.txt'
combining data cards into /eos/home-m/mmorris/Documents/TTbarResonance/backgroundEstimate/CMSSW_10_6_14/src/BstarToTW_CMSDAS2023_BackgroundEstimation/regions/2017/ttbarfits_inclusive/signalZPrime3500_10_area/signalZPrime3500_10_card.txt
combineTool.py -M AsymptoticLimits -d signalZPrime3500_10_card.txt --saveWorkspace --cminDefaultMinimizerStrategy 0   -v 0 --job-mode condor --sub-opts='+JobFlavour=longlunch'
/eos/home-m/mmorris/Documents/TTbarResonance/backgroundEstimate/CMSSW_10_6_14/src/BstarToTW_CMSDAS2023_BackgroundEstimation/regions/2017/ttbarfits_inclusive/signalZPrime3500_10_area
 <<< Combine >>> 
>>> random number generator seed is 123456
>>> method used is AsymptoticLimits
Dataset data_obs not found.
No observed data 'data_obs' in the workspace. Cannot compute limit.

>> combine --saveWorkspace --cminDefaultMinimizerStrategy 0 -v 0 -M AsymptoticLimits -d signalZPrime3500_10_card.txt -n .Test
combining data cards into /eos/home-m/mmorris/Documents/TTbarResonance/backgroundEstimate/CMSSW_10_6_14/src/BstarToTW_CMSDAS2023_BackgroundEstimation/regions/2017/ttbarfits_inclusive/signalZPrime4000_10_area/signalZPrime4000_10_card.txt
combineTool.py -M AsymptoticLimits -d signalZPrime4000_10_card.txt --saveWorkspace --cminDefaultMinimizerStrategy 0   -v 0 --job-mode condor --sub-opts='+JobFlavour=longlunch'
/eos/home-m/mmorris/Documents/TTbarResonance/backgroundEstimate/CMSSW_10_6_14/src/BstarToTW_CMSDAS2023_BackgroundEstimation/regions/2017/ttbarfits_inclusive/signalZPrime4000_10_area
 <<< Combine >>> 
>>> random number generator seed is 123456
>>> method used is AsymptoticLimits
SimNLL created with 36 channels, 0 generic constraints, 9 fast gaussian constraints, 0 fast poisson constraints, 0 fast group constraints, 
SimNLL created with 36 channels, 0 generic constraints, 9 fast gaussian constraints, 0 fast poisson constraints, 0 fast group constraints, 
SimNLL created with 36 channels, 0 generic constraints, 9 fast gaussian constraints, 0 fast poisson constraints, 0 fast group constraints, 

 -- AsymptoticLimits ( CLs ) --
Observed Limit: r < 0.0082
Expected  2.5%: r < 0.0039
Expected 16.0%: r < 0.0058
Expected 50.0%: r < 0.0083
Expected 84.0%: r < 0.0123
Expected 97.5%: r < 0.0175

Done in 5.31 min (cpu), 5.31 min (real)
>> combine --saveWorkspace --cminDefaultMinimizerStrategy 0 -v 0 -M AsymptoticLimits -d signalZPrime4000_10_card.txt -n .Test
Traceback (most recent call last):
  File "/eos/home-m/mmorris/Documents/TTbarResonance/backgroundEstimate/CMSSW_10_6_14/bin/slc7_amd64_gcc700/combineCards.py", line 68, in <module>
    file = open(fname, "r")
IOError: [Errno 2] No such file or directory: '/eos/home-m/mmorris/Documents/TTbarResonance/backgroundEstimate/CMSSW_10_6_14/src/BstarToTW_CMSDAS2023_BackgroundEstimation/regions/2017/ttbarfits_fwd1b_3x1/signalZPrime4500_10_area/card.txt'
combining data cards into /eos/home-m/mmorris/Documents/TTbarResonance/backgroundEstimate/CMSSW_10_6_14/src/BstarToTW_CMSDAS2023_BackgroundEstimation/regions/2017/ttbarfits_inclusive/signalZPrime4500_10_area/signalZPrime4500_10_card.txt
combineTool.py -M AsymptoticLimits -d signalZPrime4500_10_card.txt --saveWorkspace --cminDefaultMinimizerStrategy 0   -v 0 --job-mode condor --sub-opts='+JobFlavour=longlunch'
/eos/home-m/mmorris/Documents/TTbarResonance/backgroundEstimate/CMSSW_10_6_14/src/BstarToTW_CMSDAS2023_BackgroundEstimation/regions/2017/ttbarfits_inclusive/signalZPrime4500_10_area
 <<< Combine >>> 
>>> random number generator seed is 123456
>>> method used is AsymptoticLimits
Dataset data_obs not found.
No observed data 'data_obs' in the workspace. Cannot compute limit.

Traceback (most recent call last):
  File "/eos/home-m/mmorris/Documents/TTbarResonance/backgroundEstimate/CMSSW_10_6_14/bin/slc7_amd64_gcc700/combineCards.py", line 68, in <module>
    file = open(fname, "r")
IOError: [Errno 2] No such file or directory: '/eos/home-m/mmorris/Documents/TTbarResonance/backgroundEstimate/CMSSW_10_6_14/src/BstarToTW_CMSDAS2023_BackgroundEstimation/regions/2017/ttbarfits_fwd1b_3x1/signalZPrime5000_10_area/card.txt'
combining data cards into /eos/home-m/mmorris/Documents/TTbarResonance/backgroundEstimate/CMSSW_10_6_14/src/BstarToTW_CMSDAS2023_BackgroundEstimation/regions/2017/ttbarfits_inclusive/signalZPrime5000_10_area/signalZPrime5000_10_card.txt
combineTool.py -M AsymptoticLimits -d signalZPrime5000_10_card.txt --saveWorkspace --cminDefaultMinimizerStrategy 0   -v 0 --job-mode condor --sub-opts='+JobFlavour=longlunch'
/eos/home-m/mmorris/Documents/TTbarResonance/backgroundEstimate/CMSSW_10_6_14/src/BstarToTW_CMSDAS2023_BackgroundEstimation/regions/2017/ttbarfits_inclusive/signalZPrime5000_10_area
 <<< Combine >>> 
>>> random number generator seed is 123456
>>> method used is AsymptoticLimits
Dataset data_obs not found.
No observed data 'data_obs' in the workspace. Cannot compute limit.

>> combine --saveWorkspace --cminDefaultMinimizerStrategy 0 -v 0 -M AsymptoticLimits -d signalZPrime5000_10_card.txt -n .Test
Traceback (most recent call last):
  File "/eos/home-m/mmorris/Documents/TTbarResonance/backgroundEstimate/CMSSW_10_6_14/bin/slc7_amd64_gcc700/combineCards.py", line 68, in <module>
    file = open(fname, "r")
IOError: [Errno 2] No such file or directory: '/eos/home-m/mmorris/Documents/TTbarResonance/backgroundEstimate/CMSSW_10_6_14/src/BstarToTW_CMSDAS2023_BackgroundEstimation/regions/2017/ttbarfits_fwd1b_3x1/signalZPrime6000_10_area/card.txt'
combining data cards into /eos/home-m/mmorris/Documents/TTbarResonance/backgroundEstimate/CMSSW_10_6_14/src/BstarToTW_CMSDAS2023_BackgroundEstimation/regions/2017/ttbarfits_inclusive/signalZPrime6000_10_area/signalZPrime6000_10_card.txt
combineTool.py -M AsymptoticLimits -d signalZPrime6000_10_card.txt --saveWorkspace --cminDefaultMinimizerStrategy 0   -v 0 --job-mode condor --sub-opts='+JobFlavour=longlunch'
/eos/home-m/mmorris/Documents/TTbarResonance/backgroundEstimate/CMSSW_10_6_14/src/BstarToTW_CMSDAS2023_BackgroundEstimation/regions/2017/ttbarfits_inclusive/signalZPrime6000_10_area
 <<< Combine >>> 
>>> random number generator seed is 123456
>>> method used is AsymptoticLimits
Dataset data_obs not found.
No observed data 'data_obs' in the workspace. Cannot compute limit.

>> combine --saveWorkspace --cminDefaultMinimizerStrategy 0 -v 0 -M AsymptoticLimits -d signalZPrime6000_10_card.txt -n .Test
Traceback (most recent call last):
  File "/eos/home-m/mmorris/Documents/TTbarResonance/backgroundEstimate/CMSSW_10_6_14/bin/slc7_amd64_gcc700/combineCards.py", line 68, in <module>
    file = open(fname, "r")
IOError: [Errno 2] No such file or directory: '/eos/home-m/mmorris/Documents/TTbarResonance/backgroundEstimate/CMSSW_10_6_14/src/BstarToTW_CMSDAS2023_BackgroundEstimation/regions/2017/ttbarfits_fwd1b_3x1/signalZPrime7000_10_area/card.txt'
combining data cards into /eos/home-m/mmorris/Documents/TTbarResonance/backgroundEstimate/CMSSW_10_6_14/src/BstarToTW_CMSDAS2023_BackgroundEstimation/regions/2017/ttbarfits_inclusive/signalZPrime7000_10_area/signalZPrime7000_10_card.txt
combineTool.py -M AsymptoticLimits -d signalZPrime7000_10_card.txt --saveWorkspace --cminDefaultMinimizerStrategy 0   -v 0 --job-mode condor --sub-opts='+JobFlavour=longlunch'
/eos/home-m/mmorris/Documents/TTbarResonance/backgroundEstimate/CMSSW_10_6_14/src/BstarToTW_CMSDAS2023_BackgroundEstimation/regions/2017/ttbarfits_inclusive/signalZPrime7000_10_area
 <<< Combine >>> 
>>> random number generator seed is 123456
>>> method used is AsymptoticLimits
Dataset data_obs not found.
No observed data 'data_obs' in the workspace. Cannot compute limit.

>> combine --saveWorkspace --cminDefaultMinimizerStrategy 0 -v 0 -M AsymptoticLimits -d signalZPrime7000_10_card.txt -n .Test
