nohup: ignoring input
combining data cards into /eos/home-m/mmorris/Documents/TTbarResonance/backgroundEstimate/CMSSW_10_6_14/src/BstarToTW_CMSDAS2023_BackgroundEstimation/regions/2017/ttbarfits_inclusive/signalZPrime1000_30_area/signalZPrime1000_30_card.txt
combineTool.py -M AsymptoticLimits -d signalZPrime1000_30_card.txt --saveWorkspace --cminDefaultMinimizerStrategy 0   -v 0 --job-mode condor --sub-opts='+JobFlavour=longlunch'
/eos/home-m/mmorris/Documents/TTbarResonance/backgroundEstimate/CMSSW_10_6_14/src/BstarToTW_CMSDAS2023_BackgroundEstimation/regions/2017/ttbarfits_inclusive/signalZPrime1000_30_area
 <<< Combine >>> 
>>> random number generator seed is 123456
>>> method used is AsymptoticLimits
SimNLL created with 36 channels, 0 generic constraints, 9 fast gaussian constraints, 0 fast poisson constraints, 0 fast group constraints, 
SimNLL created with 36 channels, 0 generic constraints, 9 fast gaussian constraints, 0 fast poisson constraints, 0 fast group constraints, 
SimNLL created with 36 channels, 0 generic constraints, 9 fast gaussian constraints, 0 fast poisson constraints, 0 fast group constraints, 

 -- AsymptoticLimits ( CLs ) --
Observed Limit: r < 1.5837
Expected  2.5%: r < 1.4805
Expected 16.0%: r < 2.0562
Expected 50.0%: r < 2.9844
Expected 84.0%: r < 4.3762
Expected 97.5%: r < 6.1199

Done in 4.11 min (cpu), 4.14 min (real)
>> combine --saveWorkspace --cminDefaultMinimizerStrategy 0 -v 0 -M AsymptoticLimits -d signalZPrime1000_30_card.txt -n .Test
Traceback (most recent call last):
  File "/eos/home-m/mmorris/Documents/TTbarResonance/backgroundEstimate/CMSSW_10_6_14/bin/slc7_amd64_gcc700/combineCards.py", line 68, in <module>
    file = open(fname, "r")
IOError: [Errno 2] No such file or directory: '/eos/home-m/mmorris/Documents/TTbarResonance/backgroundEstimate/CMSSW_10_6_14/src/BstarToTW_CMSDAS2023_BackgroundEstimation/regions/2017/ttbarfits_fwd1b_3x1/signalZPrime1200_30_area/card.txt'
combining data cards into /eos/home-m/mmorris/Documents/TTbarResonance/backgroundEstimate/CMSSW_10_6_14/src/BstarToTW_CMSDAS2023_BackgroundEstimation/regions/2017/ttbarfits_inclusive/signalZPrime1200_30_area/signalZPrime1200_30_card.txt
combineTool.py -M AsymptoticLimits -d signalZPrime1200_30_card.txt --saveWorkspace --cminDefaultMinimizerStrategy 0   -v 0 --job-mode condor --sub-opts='+JobFlavour=longlunch'
/eos/home-m/mmorris/Documents/TTbarResonance/backgroundEstimate/CMSSW_10_6_14/src/BstarToTW_CMSDAS2023_BackgroundEstimation/regions/2017/ttbarfits_inclusive/signalZPrime1200_30_area
 <<< Combine >>> 
>>> random number generator seed is 123456
>>> method used is AsymptoticLimits
Dataset data_obs not found.
No observed data 'data_obs' in the workspace. Cannot compute limit.

Traceback (most recent call last):
  File "/eos/home-m/mmorris/Documents/TTbarResonance/backgroundEstimate/CMSSW_10_6_14/bin/slc7_amd64_gcc700/combineCards.py", line 68, in <module>
    file = open(fname, "r")
IOError: [Errno 2] No such file or directory: '/eos/home-m/mmorris/Documents/TTbarResonance/backgroundEstimate/CMSSW_10_6_14/src/BstarToTW_CMSDAS2023_BackgroundEstimation/regions/2017/ttbarfits_fwd1b_3x1/signalZPrime1400_30_area/card.txt'
combining data cards into /eos/home-m/mmorris/Documents/TTbarResonance/backgroundEstimate/CMSSW_10_6_14/src/BstarToTW_CMSDAS2023_BackgroundEstimation/regions/2017/ttbarfits_inclusive/signalZPrime1400_30_area/signalZPrime1400_30_card.txt
combineTool.py -M AsymptoticLimits -d signalZPrime1400_30_card.txt --saveWorkspace --cminDefaultMinimizerStrategy 0   -v 0 --job-mode condor --sub-opts='+JobFlavour=longlunch'
/eos/home-m/mmorris/Documents/TTbarResonance/backgroundEstimate/CMSSW_10_6_14/src/BstarToTW_CMSDAS2023_BackgroundEstimation/regions/2017/ttbarfits_inclusive/signalZPrime1400_30_area
 <<< Combine >>> 
>>> random number generator seed is 123456
>>> method used is AsymptoticLimits
Dataset data_obs not found.
No observed data 'data_obs' in the workspace. Cannot compute limit.

>> combine --saveWorkspace --cminDefaultMinimizerStrategy 0 -v 0 -M AsymptoticLimits -d signalZPrime1400_30_card.txt -n .Test
Traceback (most recent call last):
  File "/eos/home-m/mmorris/Documents/TTbarResonance/backgroundEstimate/CMSSW_10_6_14/bin/slc7_amd64_gcc700/combineCards.py", line 68, in <module>
    file = open(fname, "r")
IOError: [Errno 2] No such file or directory: '/eos/home-m/mmorris/Documents/TTbarResonance/backgroundEstimate/CMSSW_10_6_14/src/BstarToTW_CMSDAS2023_BackgroundEstimation/regions/2017/ttbarfits_fwd1b_3x1/signalZPrime1800_30_area/card.txt'
combining data cards into /eos/home-m/mmorris/Documents/TTbarResonance/backgroundEstimate/CMSSW_10_6_14/src/BstarToTW_CMSDAS2023_BackgroundEstimation/regions/2017/ttbarfits_inclusive/signalZPrime1800_30_area/signalZPrime1800_30_card.txt
combineTool.py -M AsymptoticLimits -d signalZPrime1800_30_card.txt --saveWorkspace --cminDefaultMinimizerStrategy 0   -v 0 --job-mode condor --sub-opts='+JobFlavour=longlunch'
/eos/home-m/mmorris/Documents/TTbarResonance/backgroundEstimate/CMSSW_10_6_14/src/BstarToTW_CMSDAS2023_BackgroundEstimation/regions/2017/ttbarfits_inclusive/signalZPrime1800_30_area
 <<< Combine >>> 
>>> random number generator seed is 123456
>>> method used is AsymptoticLimits
Dataset data_obs not found.
No observed data 'data_obs' in the workspace. Cannot compute limit.

>> combine --saveWorkspace --cminDefaultMinimizerStrategy 0 -v 0 -M AsymptoticLimits -d signalZPrime1800_30_card.txt -n .Test
combining data cards into /eos/home-m/mmorris/Documents/TTbarResonance/backgroundEstimate/CMSSW_10_6_14/src/BstarToTW_CMSDAS2023_BackgroundEstimation/regions/2017/ttbarfits_inclusive/signalZPrime2000_30_area/signalZPrime2000_30_card.txt
combineTool.py -M AsymptoticLimits -d signalZPrime2000_30_card.txt --saveWorkspace --cminDefaultMinimizerStrategy 0   -v 0 --job-mode condor --sub-opts='+JobFlavour=longlunch'
/eos/home-m/mmorris/Documents/TTbarResonance/backgroundEstimate/CMSSW_10_6_14/src/BstarToTW_CMSDAS2023_BackgroundEstimation/regions/2017/ttbarfits_inclusive/signalZPrime2000_30_area
 <<< Combine >>> 
>>> random number generator seed is 123456
>>> method used is AsymptoticLimits
SimNLL created with 36 channels, 0 generic constraints, 9 fast gaussian constraints, 0 fast poisson constraints, 0 fast group constraints, 
SimNLL created with 36 channels, 0 generic constraints, 9 fast gaussian constraints, 0 fast poisson constraints, 0 fast group constraints, 
SimNLL created with 36 channels, 0 generic constraints, 9 fast gaussian constraints, 0 fast poisson constraints, 0 fast group constraints, 

 -- AsymptoticLimits ( CLs ) --
Observed Limit: r < 0.0905
Expected  2.5%: r < 0.0363
Expected 16.0%: r < 0.0488
Expected 50.0%: r < 0.0688
Expected 84.0%: r < 0.0977
Expected 97.5%: r < 0.1339

Done in 6.21 min (cpu), 6.24 min (real)
>> combine --saveWorkspace --cminDefaultMinimizerStrategy 0 -v 0 -M AsymptoticLimits -d signalZPrime2000_30_card.txt -n .Test
Traceback (most recent call last):
  File "/eos/home-m/mmorris/Documents/TTbarResonance/backgroundEstimate/CMSSW_10_6_14/bin/slc7_amd64_gcc700/combineCards.py", line 68, in <module>
    file = open(fname, "r")
IOError: [Errno 2] No such file or directory: '/eos/home-m/mmorris/Documents/TTbarResonance/backgroundEstimate/CMSSW_10_6_14/src/BstarToTW_CMSDAS2023_BackgroundEstimation/regions/2017/ttbarfits_fwd1b_3x1/signalZPrime2500_30_area/card.txt'
combining data cards into /eos/home-m/mmorris/Documents/TTbarResonance/backgroundEstimate/CMSSW_10_6_14/src/BstarToTW_CMSDAS2023_BackgroundEstimation/regions/2017/ttbarfits_inclusive/signalZPrime2500_30_area/signalZPrime2500_30_card.txt
combineTool.py -M AsymptoticLimits -d signalZPrime2500_30_card.txt --saveWorkspace --cminDefaultMinimizerStrategy 0   -v 0 --job-mode condor --sub-opts='+JobFlavour=longlunch'
/eos/home-m/mmorris/Documents/TTbarResonance/backgroundEstimate/CMSSW_10_6_14/src/BstarToTW_CMSDAS2023_BackgroundEstimation/regions/2017/ttbarfits_inclusive/signalZPrime2500_30_area
 <<< Combine >>> 
>>> random number generator seed is 123456
>>> method used is AsymptoticLimits
Dataset data_obs not found.
No observed data 'data_obs' in the workspace. Cannot compute limit.

>> combine --saveWorkspace --cminDefaultMinimizerStrategy 0 -v 0 -M AsymptoticLimits -d signalZPrime2500_30_card.txt -n .Test
combining data cards into /eos/home-m/mmorris/Documents/TTbarResonance/backgroundEstimate/CMSSW_10_6_14/src/BstarToTW_CMSDAS2023_BackgroundEstimation/regions/2017/ttbarfits_inclusive/signalZPrime3000_30_area/signalZPrime3000_30_card.txt
combineTool.py -M AsymptoticLimits -d signalZPrime3000_30_card.txt --saveWorkspace --cminDefaultMinimizerStrategy 0   -v 0 --job-mode condor --sub-opts='+JobFlavour=longlunch'
/eos/home-m/mmorris/Documents/TTbarResonance/backgroundEstimate/CMSSW_10_6_14/src/BstarToTW_CMSDAS2023_BackgroundEstimation/regions/2017/ttbarfits_inclusive/signalZPrime3000_30_area
 <<< Combine >>> 
>>> random number generator seed is 123456
>>> method used is AsymptoticLimits
SimNLL created with 36 channels, 0 generic constraints, 9 fast gaussian constraints, 0 fast poisson constraints, 0 fast group constraints, 
SimNLL created with 36 channels, 0 generic constraints, 9 fast gaussian constraints, 0 fast poisson constraints, 0 fast group constraints, 
SimNLL created with 36 channels, 0 generic constraints, 9 fast gaussian constraints, 0 fast poisson constraints, 0 fast group constraints, 

 -- AsymptoticLimits ( CLs ) --
Observed Limit: r < 0.0191
Expected  2.5%: r < 0.0133
Expected 16.0%: r < 0.0177
Expected 50.0%: r < 0.0259
Expected 84.0%: r < 0.0370
Expected 97.5%: r < 0.0507

Done in 5.59 min (cpu), 5.61 min (real)
>> combine --saveWorkspace --cminDefaultMinimizerStrategy 0 -v 0 -M AsymptoticLimits -d signalZPrime3000_30_card.txt -n .Test
Traceback (most recent call last):
  File "/eos/home-m/mmorris/Documents/TTbarResonance/backgroundEstimate/CMSSW_10_6_14/bin/slc7_amd64_gcc700/combineCards.py", line 68, in <module>
    file = open(fname, "r")
IOError: [Errno 2] No such file or directory: '/eos/home-m/mmorris/Documents/TTbarResonance/backgroundEstimate/CMSSW_10_6_14/src/BstarToTW_CMSDAS2023_BackgroundEstimation/regions/2017/ttbarfits_fwd1b_3x1/signalZPrime3500_30_area/card.txt'
combining data cards into /eos/home-m/mmorris/Documents/TTbarResonance/backgroundEstimate/CMSSW_10_6_14/src/BstarToTW_CMSDAS2023_BackgroundEstimation/regions/2017/ttbarfits_inclusive/signalZPrime3500_30_area/signalZPrime3500_30_card.txt
combineTool.py -M AsymptoticLimits -d signalZPrime3500_30_card.txt --saveWorkspace --cminDefaultMinimizerStrategy 0   -v 0 --job-mode condor --sub-opts='+JobFlavour=longlunch'
/eos/home-m/mmorris/Documents/TTbarResonance/backgroundEstimate/CMSSW_10_6_14/src/BstarToTW_CMSDAS2023_BackgroundEstimation/regions/2017/ttbarfits_inclusive/signalZPrime3500_30_area
 <<< Combine >>> 
>>> random number generator seed is 123456
>>> method used is AsymptoticLimits
Dataset data_obs not found.
No observed data 'data_obs' in the workspace. Cannot compute limit.

>> combine --saveWorkspace --cminDefaultMinimizerStrategy 0 -v 0 -M AsymptoticLimits -d signalZPrime3500_30_card.txt -n .Test
combining data cards into /eos/home-m/mmorris/Documents/TTbarResonance/backgroundEstimate/CMSSW_10_6_14/src/BstarToTW_CMSDAS2023_BackgroundEstimation/regions/2017/ttbarfits_inclusive/signalZPrime4000_30_area/signalZPrime4000_30_card.txt
combineTool.py -M AsymptoticLimits -d signalZPrime4000_30_card.txt --saveWorkspace --cminDefaultMinimizerStrategy 0   -v 0 --job-mode condor --sub-opts='+JobFlavour=longlunch'
/eos/home-m/mmorris/Documents/TTbarResonance/backgroundEstimate/CMSSW_10_6_14/src/BstarToTW_CMSDAS2023_BackgroundEstimation/regions/2017/ttbarfits_inclusive/signalZPrime4000_30_area
 <<< Combine >>> 
>>> random number generator seed is 123456
>>> method used is AsymptoticLimits
SimNLL created with 36 channels, 0 generic constraints, 9 fast gaussian constraints, 0 fast poisson constraints, 0 fast group constraints, 
SimNLL created with 36 channels, 0 generic constraints, 9 fast gaussian constraints, 0 fast poisson constraints, 0 fast group constraints, 
SimNLL created with 36 channels, 0 generic constraints, 9 fast gaussian constraints, 0 fast poisson constraints, 0 fast group constraints, 

 -- AsymptoticLimits ( CLs ) --
Observed Limit: r < 0.0161
Expected  2.5%: r < 0.0097
Expected 16.0%: r < 0.0132
Expected 50.0%: r < 0.0200
Expected 84.0%: r < 0.0293
Expected 97.5%: r < 0.0416

Done in 5.31 min (cpu), 5.32 min (real)
Traceback (most recent call last):
  File "/eos/home-m/mmorris/Documents/TTbarResonance/backgroundEstimate/CMSSW_10_6_14/bin/slc7_amd64_gcc700/combineCards.py", line 68, in <module>
    file = open(fname, "r")
IOError: [Errno 2] No such file or directory: '/eos/home-m/mmorris/Documents/TTbarResonance/backgroundEstimate/CMSSW_10_6_14/src/BstarToTW_CMSDAS2023_BackgroundEstimation/regions/2017/ttbarfits_fwd1b_3x1/signalZPrime4500_30_area/card.txt'
combining data cards into /eos/home-m/mmorris/Documents/TTbarResonance/backgroundEstimate/CMSSW_10_6_14/src/BstarToTW_CMSDAS2023_BackgroundEstimation/regions/2017/ttbarfits_inclusive/signalZPrime4500_30_area/signalZPrime4500_30_card.txt
combineTool.py -M AsymptoticLimits -d signalZPrime4500_30_card.txt --saveWorkspace --cminDefaultMinimizerStrategy 0   -v 0 --job-mode condor --sub-opts='+JobFlavour=longlunch'
/eos/home-m/mmorris/Documents/TTbarResonance/backgroundEstimate/CMSSW_10_6_14/src/BstarToTW_CMSDAS2023_BackgroundEstimation/regions/2017/ttbarfits_inclusive/signalZPrime4500_30_area
 <<< Combine >>> 
>>> random number generator seed is 123456
>>> method used is AsymptoticLimits
Dataset data_obs not found.
No observed data 'data_obs' in the workspace. Cannot compute limit.

>> combine --saveWorkspace --cminDefaultMinimizerStrategy 0 -v 0 -M AsymptoticLimits -d signalZPrime4500_30_card.txt -n .Test
Traceback (most recent call last):
  File "/eos/home-m/mmorris/Documents/TTbarResonance/backgroundEstimate/CMSSW_10_6_14/bin/slc7_amd64_gcc700/combineCards.py", line 68, in <module>
    file = open(fname, "r")
IOError: [Errno 2] No such file or directory: '/eos/home-m/mmorris/Documents/TTbarResonance/backgroundEstimate/CMSSW_10_6_14/src/BstarToTW_CMSDAS2023_BackgroundEstimation/regions/2017/ttbarfits_fwd1b_3x1/signalZPrime5000_30_area/card.txt'
combining data cards into /eos/home-m/mmorris/Documents/TTbarResonance/backgroundEstimate/CMSSW_10_6_14/src/BstarToTW_CMSDAS2023_BackgroundEstimation/regions/2017/ttbarfits_inclusive/signalZPrime5000_30_area/signalZPrime5000_30_card.txt
combineTool.py -M AsymptoticLimits -d signalZPrime5000_30_card.txt --saveWorkspace --cminDefaultMinimizerStrategy 0   -v 0 --job-mode condor --sub-opts='+JobFlavour=longlunch'
/eos/home-m/mmorris/Documents/TTbarResonance/backgroundEstimate/CMSSW_10_6_14/src/BstarToTW_CMSDAS2023_BackgroundEstimation/regions/2017/ttbarfits_inclusive/signalZPrime5000_30_area
 <<< Combine >>> 
>>> random number generator seed is 123456
>>> method used is AsymptoticLimits
Dataset data_obs not found.
No observed data 'data_obs' in the workspace. Cannot compute limit.

>> combine --saveWorkspace --cminDefaultMinimizerStrategy 0 -v 0 -M AsymptoticLimits -d signalZPrime5000_30_card.txt -n .Test
Traceback (most recent call last):
  File "/eos/home-m/mmorris/Documents/TTbarResonance/backgroundEstimate/CMSSW_10_6_14/bin/slc7_amd64_gcc700/combineCards.py", line 68, in <module>
    file = open(fname, "r")
IOError: [Errno 2] No such file or directory: '/eos/home-m/mmorris/Documents/TTbarResonance/backgroundEstimate/CMSSW_10_6_14/src/BstarToTW_CMSDAS2023_BackgroundEstimation/regions/2017/ttbarfits_fwd1b_3x1/signalZPrime6000_30_area/card.txt'
combining data cards into /eos/home-m/mmorris/Documents/TTbarResonance/backgroundEstimate/CMSSW_10_6_14/src/BstarToTW_CMSDAS2023_BackgroundEstimation/regions/2017/ttbarfits_inclusive/signalZPrime6000_30_area/signalZPrime6000_30_card.txt
combineTool.py -M AsymptoticLimits -d signalZPrime6000_30_card.txt --saveWorkspace --cminDefaultMinimizerStrategy 0   -v 0 --job-mode condor --sub-opts='+JobFlavour=longlunch'
/eos/home-m/mmorris/Documents/TTbarResonance/backgroundEstimate/CMSSW_10_6_14/src/BstarToTW_CMSDAS2023_BackgroundEstimation/regions/2017/ttbarfits_inclusive/signalZPrime6000_30_area
 <<< Combine >>> 
>>> random number generator seed is 123456
>>> method used is AsymptoticLimits
Dataset data_obs not found.
No observed data 'data_obs' in the workspace. Cannot compute limit.

Traceback (most recent call last):
  File "/eos/home-m/mmorris/Documents/TTbarResonance/backgroundEstimate/CMSSW_10_6_14/bin/slc7_amd64_gcc700/combineCards.py", line 68, in <module>
    file = open(fname, "r")
IOError: [Errno 2] No such file or directory: '/eos/home-m/mmorris/Documents/TTbarResonance/backgroundEstimate/CMSSW_10_6_14/src/BstarToTW_CMSDAS2023_BackgroundEstimation/regions/2017/ttbarfits_fwd1b_3x1/signalZPrime7000_30_area/card.txt'
combining data cards into /eos/home-m/mmorris/Documents/TTbarResonance/backgroundEstimate/CMSSW_10_6_14/src/BstarToTW_CMSDAS2023_BackgroundEstimation/regions/2017/ttbarfits_inclusive/signalZPrime7000_30_area/signalZPrime7000_30_card.txt
combineTool.py -M AsymptoticLimits -d signalZPrime7000_30_card.txt --saveWorkspace --cminDefaultMinimizerStrategy 0   -v 0 --job-mode condor --sub-opts='+JobFlavour=longlunch'
/eos/home-m/mmorris/Documents/TTbarResonance/backgroundEstimate/CMSSW_10_6_14/src/BstarToTW_CMSDAS2023_BackgroundEstimation/regions/2017/ttbarfits_inclusive/signalZPrime7000_30_area
 <<< Combine >>> 
>>> random number generator seed is 123456
>>> method used is AsymptoticLimits
Dataset data_obs not found.
No observed data 'data_obs' in the workspace. Cannot compute limit.

>> combine --saveWorkspace --cminDefaultMinimizerStrategy 0 -v 0 -M AsymptoticLimits -d signalZPrime7000_30_card.txt -n .Test
