nohup: ignoring input
mkdir: cannot create directory '/afs/cern.ch/user/m/mmorris/BackgroundEstimation/CMSSW_10_6_14/src/BstarToTW_CMSDAS2023_BackgroundEstimation/regions/2016/ttbarfits_inclusive': File exists
combining data cards into /afs/cern.ch/user/m/mmorris/BackgroundEstimation/CMSSW_10_6_14/src/BstarToTW_CMSDAS2023_BackgroundEstimation/regions/2016/ttbarfits_inclusive/signalRSGluon1000_area/signalRSGluon1000_card.txt
combineTool.py -M AsymptoticLimits -d signalRSGluon1000_card.txt --saveWorkspace --cminDefaultMinimizerStrategy 0   -v 0 --job-mode condor --sub-opts='+JobFlavour=longlunch'
/afs/cern.ch/user/m/mmorris/BackgroundEstimation/CMSSW_10_6_14/src/BstarToTW_CMSDAS2023_BackgroundEstimation/regions/2016/ttbarfits_inclusive/signalRSGluon1000_area
 <<< Combine >>> 
>>> random number generator seed is 123456
>>> method used is AsymptoticLimits
Traceback (most recent call last):
  File "/afs/cern.ch/user/m/mmorris/BackgroundEstimation/CMSSW_10_6_14/bin/slc7_amd64_gcc700/text2workspace.py", line 64, in <module>
    MB.doModel(justCheckPhysicsModel=options.justCheckPhysicsModel)
  File "/afs/cern.ch/user/m/mmorris/BackgroundEstimation/CMSSW_10_6_14/python/HiggsAnalysis/CombinedLimit/ModelTools.py", line 111, in doModel
    if not justCheckPhysicsModel: self.doObservables()
  File "/afs/cern.ch/user/m/mmorris/BackgroundEstimation/CMSSW_10_6_14/python/HiggsAnalysis/CombinedLimit/ShapeTools.py", line 70, in doObservables
    self.prepareAllShapes();
  File "/afs/cern.ch/user/m/mmorris/BackgroundEstimation/CMSSW_10_6_14/python/HiggsAnalysis/CombinedLimit/ShapeTools.py", line 352, in prepareAllShapes
    shape = self.getShape(b,p); norm = 0;
  File "/afs/cern.ch/user/m/mmorris/BackgroundEstimation/CMSSW_10_6_14/python/HiggsAnalysis/CombinedLimit/ShapeTools.py", line 543, in getShape
    raise RuntimeError, "Object %s in workspace %s in file %s does not exist or it's neither a data nor a pdf" % (oname, wname, finalNames[0])
RuntimeError: Object 16_signalRSGluon1000_cen0bPass_LOW in workspace w in file /afs/cern.ch/user/m/mmorris/BackgroundEstimation/CMSSW_10_6_14/src/BstarToTW_CMSDAS2023_BackgroundEstimation/regions/2016/ttbarfits_cen0b_0x1/signalRSGluon1000_area/../base.root does not exist or it's neither a data nor a pdf
Error when running the combination:
	Failed to convert the input datacard from LandS to RooStats format. The lines above probably contain more information about the error.
>> combine --saveWorkspace --cminDefaultMinimizerStrategy 0 -v 0 -M AsymptoticLimits -d signalRSGluon1000_card.txt -n .Test
combining data cards into /afs/cern.ch/user/m/mmorris/BackgroundEstimation/CMSSW_10_6_14/src/BstarToTW_CMSDAS2023_BackgroundEstimation/regions/2016/ttbarfits_inclusive/signalRSGluon1500_area/signalRSGluon1500_card.txt
combineTool.py -M AsymptoticLimits -d signalRSGluon1500_card.txt --saveWorkspace --cminDefaultMinimizerStrategy 0   -v 0 --job-mode condor --sub-opts='+JobFlavour=longlunch'
/afs/cern.ch/user/m/mmorris/BackgroundEstimation/CMSSW_10_6_14/src/BstarToTW_CMSDAS2023_BackgroundEstimation/regions/2016/ttbarfits_inclusive/signalRSGluon1500_area
 <<< Combine >>> 
>>> random number generator seed is 123456
>>> method used is AsymptoticLimits
Traceback (most recent call last):
  File "/afs/cern.ch/user/m/mmorris/BackgroundEstimation/CMSSW_10_6_14/bin/slc7_amd64_gcc700/text2workspace.py", line 64, in <module>
    MB.doModel(justCheckPhysicsModel=options.justCheckPhysicsModel)
  File "/afs/cern.ch/user/m/mmorris/BackgroundEstimation/CMSSW_10_6_14/python/HiggsAnalysis/CombinedLimit/ModelTools.py", line 111, in doModel
    if not justCheckPhysicsModel: self.doObservables()
  File "/afs/cern.ch/user/m/mmorris/BackgroundEstimation/CMSSW_10_6_14/python/HiggsAnalysis/CombinedLimit/ShapeTools.py", line 70, in doObservables
    self.prepareAllShapes();
  File "/afs/cern.ch/user/m/mmorris/BackgroundEstimation/CMSSW_10_6_14/python/HiggsAnalysis/CombinedLimit/ShapeTools.py", line 352, in prepareAllShapes
    shape = self.getShape(b,p); norm = 0;
  File "/afs/cern.ch/user/m/mmorris/BackgroundEstimation/CMSSW_10_6_14/python/HiggsAnalysis/CombinedLimit/ShapeTools.py", line 543, in getShape
    raise RuntimeError, "Object %s in workspace %s in file %s does not exist or it's neither a data nor a pdf" % (oname, wname, finalNames[0])
RuntimeError: Object 16_signalRSGluon1500_cen0bPass_LOW in workspace w in file /afs/cern.ch/user/m/mmorris/BackgroundEstimation/CMSSW_10_6_14/src/BstarToTW_CMSDAS2023_BackgroundEstimation/regions/2016/ttbarfits_cen0b_0x1/signalRSGluon1500_area/../base.root does not exist or it's neither a data nor a pdf
Error when running the combination:
	Failed to convert the input datacard from LandS to RooStats format. The lines above probably contain more information about the error.
SysError in <TFile::Flush>: error flushing file higgsCombine.Test.AsymptoticLimits.mH120.root (No such file or directory)
>> combine --saveWorkspace --cminDefaultMinimizerStrategy 0 -v 0 -M AsymptoticLimits -d signalRSGluon1500_card.txt -n .Test
combining data cards into /afs/cern.ch/user/m/mmorris/BackgroundEstimation/CMSSW_10_6_14/src/BstarToTW_CMSDAS2023_BackgroundEstimation/regions/2016/ttbarfits_inclusive/signalRSGluon2000_area/signalRSGluon2000_card.txt
combineTool.py -M AsymptoticLimits -d signalRSGluon2000_card.txt --saveWorkspace --cminDefaultMinimizerStrategy 0   -v 0 --job-mode condor --sub-opts='+JobFlavour=longlunch'
/afs/cern.ch/user/m/mmorris/BackgroundEstimation/CMSSW_10_6_14/src/BstarToTW_CMSDAS2023_BackgroundEstimation/regions/2016/ttbarfits_inclusive/signalRSGluon2000_area
 <<< Combine >>> 
>>> random number generator seed is 123456
>>> method used is AsymptoticLimits
SimNLL created with 36 channels, 0 generic constraints, 9 fast gaussian constraints, 0 fast poisson constraints, 0 fast group constraints, 
