000 (5101644.000.000) 07/15 17:19:00 Job submitted from host: <188.185.71.83:9618?addrs=188.185.71.83-9618+[2001-1458-d00-7--100-34d]-9618&alias=bigbird18.cern.ch&noUDP&sock=schedd_2070_6d22>
...
040 (5101644.000.000) 07/15 17:20:11 Started transferring input files
	Transferring to host: <128.142.61.151:9618?addrs=128.142.61.151-9618+[2001-1458-301-23--100-96]-9618&alias=b7s06p7731.cern.ch&noUDP&sock=slot1_27_6252_d977_158161>
...
040 (5101644.000.000) 07/15 17:20:11 Finished transferring input files
...
001 (5101644.000.000) 07/15 17:20:12 Job executing on host: <128.142.61.151:9618?addrs=128.142.61.151-9618+[2001-1458-301-23--100-96]-9618&alias=b7s06p7731.cern.ch&noUDP&sock=startd_5080_0933>
...
006 (5101644.000.000) 07/15 17:20:21 Image size of job updated: 153184
	93  -  MemoryUsage of job (MB)
	94796  -  ResidentSetSize of job (KB)
...
006 (5101644.000.000) 07/15 17:25:22 Image size of job updated: 1394284
	375  -  MemoryUsage of job (MB)
	383136  -  ResidentSetSize of job (KB)
...
006 (5101644.000.000) 07/15 17:30:23 Image size of job updated: 1394284
	481  -  MemoryUsage of job (MB)
	491660  -  ResidentSetSize of job (KB)
...
040 (5101644.000.000) 07/15 17:32:39 Started transferring output files
...
040 (5101644.000.000) 07/15 17:32:39 Finished transferring output files
...
005 (5101644.000.000) 07/15 17:32:39 Job terminated.
	(1) Normal termination (return value 0)
		Usr 0 00:11:59, Sys 0 00:00:06  -  Run Remote Usage
		Usr 0 00:00:00, Sys 0 00:00:00  -  Run Local Usage
		Usr 0 00:11:59, Sys 0 00:00:06  -  Total Remote Usage
		Usr 0 00:00:00, Sys 0 00:00:00  -  Total Local Usage
	755  -  Run Bytes Sent By Job
	535  -  Run Bytes Received By Job
	755  -  Total Bytes Sent By Job
	535  -  Total Bytes Received By Job
	Partitionable Resources :    Usage  Request Allocated 
	   Cpus                 :     0.99        1         1 
	   Disk (KB)            :    25           1   1219090 
	   Memory (MB)          :   481        2000      2000 

	Job terminated of its own accord at 2023-07-15T15:32:39Z.
...
