000 (5101643.000.000) 07/15 17:18:56 Job submitted from host: <188.185.71.83:9618?addrs=188.185.71.83-9618+[2001-1458-d00-7--100-34d]-9618&alias=bigbird18.cern.ch&noUDP&sock=schedd_2070_6d22>
...
040 (5101643.000.000) 07/15 17:20:09 Started transferring input files
	Transferring to host: <128.142.61.52:9618?addrs=128.142.61.52-9618+[2001-1458-301-23--100-33]-9618&alias=b7s06p8124.cern.ch&noUDP&sock=slot1_5_4563_cbd3_155215>
...
040 (5101643.000.000) 07/15 17:20:09 Finished transferring input files
...
001 (5101643.000.000) 07/15 17:20:10 Job executing on host: <128.142.61.52:9618?addrs=128.142.61.52-9618+[2001-1458-301-23--100-33]-9618&alias=b7s06p8124.cern.ch&noUDP&sock=startd_3097_dce5>
...
006 (5101643.000.000) 07/15 17:20:18 Image size of job updated: 89420
	37  -  MemoryUsage of job (MB)
	37652  -  ResidentSetSize of job (KB)
...
006 (5101643.000.000) 07/15 17:25:18 Image size of job updated: 1394312
	330  -  MemoryUsage of job (MB)
	337260  -  ResidentSetSize of job (KB)
...
006 (5101643.000.000) 07/15 17:30:19 Image size of job updated: 1394312
	532  -  MemoryUsage of job (MB)
	543888  -  ResidentSetSize of job (KB)
...
040 (5101643.000.000) 07/15 17:32:14 Started transferring output files
...
040 (5101643.000.000) 07/15 17:32:14 Finished transferring output files
...
005 (5101643.000.000) 07/15 17:32:14 Job terminated.
	(1) Normal termination (return value 0)
		Usr 0 00:11:27, Sys 0 00:00:06  -  Run Remote Usage
		Usr 0 00:00:00, Sys 0 00:00:00  -  Run Local Usage
		Usr 0 00:11:27, Sys 0 00:00:06  -  Total Remote Usage
		Usr 0 00:00:00, Sys 0 00:00:00  -  Total Local Usage
	755  -  Run Bytes Sent By Job
	535  -  Run Bytes Received By Job
	755  -  Total Bytes Sent By Job
	535  -  Total Bytes Received By Job
	Partitionable Resources :    Usage  Request Allocated 
	   Cpus                 :     1.00        1         1 
	   Disk (KB)            :    25           1   1294655 
	   Memory (MB)          :   532        2000      2000 

	Job terminated of its own accord at 2023-07-15T15:32:14Z.
...
