000 (5101665.000.000) 07/15 18:00:36 Job submitted from host: <188.185.71.83:9618?addrs=188.185.71.83-9618+[2001-1458-d00-7--100-34d]-9618&alias=bigbird18.cern.ch&noUDP&sock=schedd_2070_6d22>
...
040 (5101665.000.000) 07/15 18:01:53 Started transferring input files
	Transferring to host: <128.142.192.172:9618?addrs=128.142.192.172-9618+[2001-1458-301-56--100-28]-9618&alias=b7g18p4955.cern.ch&noUDP&sock=slot1_6_3874_5557_39716>
...
040 (5101665.000.000) 07/15 18:01:53 Finished transferring input files
...
001 (5101665.000.000) 07/15 18:01:54 Job executing on host: <128.142.192.172:9618?addrs=128.142.192.172-9618+[2001-1458-301-56--100-28]-9618&alias=b7g18p4955.cern.ch&noUDP&sock=startd_3160_135d>
...
006 (5101665.000.000) 07/15 18:02:03 Image size of job updated: 764616
	120  -  MemoryUsage of job (MB)
	122268  -  ResidentSetSize of job (KB)
...
006 (5101665.000.000) 07/15 18:07:04 Image size of job updated: 1393524
	285  -  MemoryUsage of job (MB)
	291016  -  ResidentSetSize of job (KB)
...
006 (5101665.000.000) 07/15 18:12:05 Image size of job updated: 1393524
	369  -  MemoryUsage of job (MB)
	377240  -  ResidentSetSize of job (KB)
...
006 (5101665.000.000) 07/15 18:17:05 Image size of job updated: 1393524
	419  -  MemoryUsage of job (MB)
	428156  -  ResidentSetSize of job (KB)
...
006 (5101665.000.000) 07/15 18:22:05 Image size of job updated: 1393524
	496  -  MemoryUsage of job (MB)
	507104  -  ResidentSetSize of job (KB)
...
040 (5101665.000.000) 07/15 18:22:06 Started transferring output files
...
040 (5101665.000.000) 07/15 18:22:06 Finished transferring output files
...
009 (5101665.000.000) 07/15 18:22:06 Job was aborted.
	Job removed by SYSTEM_PERIODIC_REMOVE due to wall time exceeded allowed max.
...
