000 (5101639.000.000) 07/15 17:18:39 Job submitted from host: <188.185.71.83:9618?addrs=188.185.71.83-9618+[2001-1458-d00-7--100-34d]-9618&alias=bigbird18.cern.ch&noUDP&sock=schedd_2070_6d22>
...
040 (5101639.000.000) 07/15 17:20:10 Started transferring input files
	Transferring to host: <188.184.163.107:9618?addrs=188.184.163.107-9618&alias=b7s12p3949.cern.ch&noUDP&sock=slot1_6_3783_3733_181428>
...
040 (5101639.000.000) 07/15 17:20:10 Finished transferring input files
...
001 (5101639.000.000) 07/15 17:20:11 Job executing on host: <188.184.163.107:9618?addrs=188.184.163.107-9618&alias=b7s12p3949.cern.ch&noUDP&sock=startd_2990_7843>
...
006 (5101639.000.000) 07/15 17:20:20 Image size of job updated: 111216
	54  -  MemoryUsage of job (MB)
	54720  -  ResidentSetSize of job (KB)
...
006 (5101639.000.000) 07/15 17:25:21 Image size of job updated: 1385412
	301  -  MemoryUsage of job (MB)
	307376  -  ResidentSetSize of job (KB)
...
006 (5101639.000.000) 07/15 17:30:21 Image size of job updated: 1385412
	369  -  MemoryUsage of job (MB)
	377240  -  ResidentSetSize of job (KB)
...
006 (5101639.000.000) 07/15 17:35:21 Image size of job updated: 1385412
	403  -  MemoryUsage of job (MB)
	411660  -  ResidentSetSize of job (KB)
...
006 (5101639.000.000) 07/15 17:40:22 Image size of job updated: 1385412
	471  -  MemoryUsage of job (MB)
	482236  -  ResidentSetSize of job (KB)
...
040 (5101639.000.000) 07/15 17:40:22 Started transferring output files
...
040 (5101639.000.000) 07/15 17:40:22 Finished transferring output files
...
009 (5101639.000.000) 07/15 17:40:22 Job was aborted.
	Job removed by SYSTEM_PERIODIC_REMOVE due to wall time exceeded allowed max.
...
