000 (5101686.000.000) 07/15 20:49:51 Job submitted from host: <188.185.71.83:9618?addrs=188.185.71.83-9618+[2001-1458-d00-7--100-34d]-9618&alias=bigbird18.cern.ch&noUDP&sock=schedd_2070_6d22>
...
040 (5101686.000.000) 07/15 20:51:13 Started transferring input files
	Transferring to host: <188.184.162.172:9618?addrs=188.184.162.172-9618+[2001-1458-301-4a--100-a6]-9618&alias=b7s11p8469.cern.ch&noUDP&sock=slot1_15_122961_e5e1_184185>
...
040 (5101686.000.000) 07/15 20:51:13 Finished transferring input files
...
001 (5101686.000.000) 07/15 20:51:14 Job executing on host: <188.184.162.172:9618?addrs=188.184.162.172-9618+[2001-1458-301-4a--100-a6]-9618&alias=b7s11p8469.cern.ch&noUDP&sock=startd_28736_1595>
...
006 (5101686.000.000) 07/15 20:51:23 Image size of job updated: 966380
	356  -  MemoryUsage of job (MB)
	363628  -  ResidentSetSize of job (KB)
...
006 (5101686.000.000) 07/15 20:56:24 Image size of job updated: 1361512
	356  -  MemoryUsage of job (MB)
	363628  -  ResidentSetSize of job (KB)
...
006 (5101686.000.000) 07/15 21:01:25 Image size of job updated: 1361512
	393  -  MemoryUsage of job (MB)
	401856  -  ResidentSetSize of job (KB)
...
006 (5101686.000.000) 07/15 21:06:25 Image size of job updated: 1361512
	487  -  MemoryUsage of job (MB)
	498168  -  ResidentSetSize of job (KB)
...
040 (5101686.000.000) 07/15 21:11:15 Started transferring output files
...
040 (5101686.000.000) 07/15 21:11:15 Finished transferring output files
...
009 (5101686.000.000) 07/15 21:11:15 Job was aborted.
	Job removed by SYSTEM_PERIODIC_REMOVE due to wall time exceeded allowed max.
...
