000 (5101670.000.000) 07/15 18:00:57 Job submitted from host: <188.185.71.83:9618?addrs=188.185.71.83-9618+[2001-1458-d00-7--100-34d]-9618&alias=bigbird18.cern.ch&noUDP&sock=schedd_2070_6d22>
...
040 (5101670.000.000) 07/15 18:01:54 Started transferring input files
	Transferring to host: <128.142.137.108:9618?addrs=128.142.137.108-9618+[2001-1458-301-5e--100-60]-9618&alias=b7g19p7996.cern.ch&noUDP&sock=slot1_3_5258_7c8f_95682>
...
040 (5101670.000.000) 07/15 18:01:54 Finished transferring input files
...
001 (5101670.000.000) 07/15 18:01:55 Job executing on host: <128.142.137.108:9618?addrs=128.142.137.108-9618+[2001-1458-301-5e--100-60]-9618&alias=b7g19p7996.cern.ch&noUDP&sock=startd_4595_5dc4>
...
006 (5101670.000.000) 07/15 18:02:04 Image size of job updated: 126248
	38  -  MemoryUsage of job (MB)
	38184  -  ResidentSetSize of job (KB)
...
006 (5101670.000.000) 07/15 18:07:05 Image size of job updated: 1394224
	313  -  MemoryUsage of job (MB)
	320032  -  ResidentSetSize of job (KB)
...
006 (5101670.000.000) 07/15 18:12:06 Image size of job updated: 1394224
	370  -  MemoryUsage of job (MB)
	378096  -  ResidentSetSize of job (KB)
...
006 (5101670.000.000) 07/15 18:17:06 Image size of job updated: 1394224
	394  -  MemoryUsage of job (MB)
	403432  -  ResidentSetSize of job (KB)
...
006 (5101670.000.000) 07/15 18:22:06 Image size of job updated: 1394224
	455  -  MemoryUsage of job (MB)
	464904  -  ResidentSetSize of job (KB)
...
040 (5101670.000.000) 07/15 18:22:07 Started transferring output files
...
040 (5101670.000.000) 07/15 18:22:07 Finished transferring output files
...
009 (5101670.000.000) 07/15 18:22:07 Job was aborted.
	Job removed by SYSTEM_PERIODIC_REMOVE due to wall time exceeded allowed max.
...
