000 (5101653.000.000) 07/15 17:19:39 Job submitted from host: <188.185.71.83:9618?addrs=188.185.71.83-9618+[2001-1458-d00-7--100-34d]-9618&alias=bigbird18.cern.ch&noUDP&sock=schedd_2070_6d22>
...
040 (5101653.000.000) 07/15 17:20:12 Started transferring input files
	Transferring to host: <128.142.248.50:9618?addrs=128.142.248.50-9618+[2001-1458-301-73--100-122]-9618&alias=b7g23p4729.cern.ch&noUDP&sock=slot1_15_67923_a5e3_9702>
...
040 (5101653.000.000) 07/15 17:20:12 Finished transferring input files
...
001 (5101653.000.000) 07/15 17:20:13 Job executing on host: <128.142.248.50:9618?addrs=128.142.248.50-9618+[2001-1458-301-73--100-122]-9618&alias=b7g23p4729.cern.ch&noUDP&sock=startd_67885_0ac3>
...
006 (5101653.000.000) 07/15 17:20:22 Image size of job updated: 202900
	54  -  MemoryUsage of job (MB)
	54716  -  ResidentSetSize of job (KB)
...
006 (5101653.000.000) 07/15 17:25:23 Image size of job updated: 1362068
	305  -  MemoryUsage of job (MB)
	312052  -  ResidentSetSize of job (KB)
...
006 (5101653.000.000) 07/15 17:30:24 Image size of job updated: 1362068
	375  -  MemoryUsage of job (MB)
	383016  -  ResidentSetSize of job (KB)
...
006 (5101653.000.000) 07/15 17:35:24 Image size of job updated: 1362068
	419  -  MemoryUsage of job (MB)
	428972  -  ResidentSetSize of job (KB)
...
040 (5101653.000.000) 07/15 17:40:14 Started transferring output files
...
040 (5101653.000.000) 07/15 17:40:14 Finished transferring output files
...
009 (5101653.000.000) 07/15 17:40:14 Job was aborted.
	Job removed by SYSTEM_PERIODIC_REMOVE due to wall time exceeded allowed max.
...
