000 (5101666.000.000) 07/15 18:00:40 Job submitted from host: <188.185.71.83:9618?addrs=188.185.71.83-9618+[2001-1458-d00-7--100-34d]-9618&alias=bigbird18.cern.ch&noUDP&sock=schedd_2070_6d22>
...
040 (5101666.000.000) 07/15 18:01:53 Started transferring input files
	Transferring to host: <128.142.137.87:9618?addrs=128.142.137.87-9618+[2001-1458-301-5e--100-4b]-9618&alias=b7g19p2314.cern.ch&noUDP&sock=slot1_12_3188_fbfb_3841>
...
040 (5101666.000.000) 07/15 18:01:53 Finished transferring input files
...
001 (5101666.000.000) 07/15 18:01:54 Job executing on host: <128.142.137.87:9618?addrs=128.142.137.87-9618+[2001-1458-301-5e--100-4b]-9618&alias=b7g19p2314.cern.ch&noUDP&sock=startd_2737_eecd>
...
006 (5101666.000.000) 07/15 18:02:03 Image size of job updated: 112040
	55  -  MemoryUsage of job (MB)
	55452  -  ResidentSetSize of job (KB)
...
006 (5101666.000.000) 07/15 18:07:04 Image size of job updated: 1393472
	312  -  MemoryUsage of job (MB)
	319368  -  ResidentSetSize of job (KB)
...
006 (5101666.000.000) 07/15 18:12:04 Image size of job updated: 1393472
	359  -  MemoryUsage of job (MB)
	367132  -  ResidentSetSize of job (KB)
...
006 (5101666.000.000) 07/15 18:17:04 Image size of job updated: 1393472
	380  -  MemoryUsage of job (MB)
	388628  -  ResidentSetSize of job (KB)
...
040 (5101666.000.000) 07/15 18:21:55 Started transferring output files
...
040 (5101666.000.000) 07/15 18:21:55 Finished transferring output files
...
009 (5101666.000.000) 07/15 18:21:55 Job was aborted.
	Job removed by SYSTEM_PERIODIC_REMOVE due to wall time exceeded allowed max.
...
