000 (5101687.000.000) 07/15 20:50:20 Job submitted from host: <188.185.71.83:9618?addrs=188.185.71.83-9618+[2001-1458-d00-7--100-34d]-9618&alias=bigbird18.cern.ch&noUDP&sock=schedd_2070_6d22>
...
040 (5101687.000.000) 07/15 20:51:13 Started transferring input files
	Transferring to host: <188.184.163.108:9618?addrs=188.184.163.108-9618+[2001-1458-301-4d--100-66]-9618&alias=b7s12p8299.cern.ch&noUDP&sock=slot1_47_84457_58c3_10803>
...
040 (5101687.000.000) 07/15 20:51:13 Finished transferring input files
...
001 (5101687.000.000) 07/15 20:51:14 Job executing on host: <188.184.163.108:9618?addrs=188.184.163.108-9618+[2001-1458-301-4d--100-66]-9618&alias=b7s12p8299.cern.ch&noUDP&sock=startd_84416_eedc>
...
006 (5101687.000.000) 07/15 20:51:22 Image size of job updated: 162480
	106  -  MemoryUsage of job (MB)
	107700  -  ResidentSetSize of job (KB)
...
006 (5101687.000.000) 07/15 20:56:22 Image size of job updated: 1393512
	328  -  MemoryUsage of job (MB)
	335500  -  ResidentSetSize of job (KB)
...
006 (5101687.000.000) 07/15 21:01:23 Image size of job updated: 1393512
	390  -  MemoryUsage of job (MB)
	399352  -  ResidentSetSize of job (KB)
...
006 (5101687.000.000) 07/15 21:06:23 Image size of job updated: 1393512
	438  -  MemoryUsage of job (MB)
	447496  -  ResidentSetSize of job (KB)
...
006 (5101687.000.000) 07/15 21:11:23 Image size of job updated: 1393512
	510  -  MemoryUsage of job (MB)
	522160  -  ResidentSetSize of job (KB)
...
040 (5101687.000.000) 07/15 21:11:23 Started transferring output files
...
040 (5101687.000.000) 07/15 21:11:23 Finished transferring output files
...
009 (5101687.000.000) 07/15 21:11:23 Job was aborted.
	Job removed by SYSTEM_PERIODIC_REMOVE due to wall time exceeded allowed max.
...
