000 (5101640.000.000) 07/15 17:18:43 Job submitted from host: <188.185.71.83:9618?addrs=188.185.71.83-9618+[2001-1458-d00-7--100-34d]-9618&alias=bigbird18.cern.ch&noUDP&sock=schedd_2070_6d22>
...
040 (5101640.000.000) 07/15 17:20:10 Started transferring input files
	Transferring to host: <188.184.162.105:9618?addrs=188.184.162.105-9618+[2001-1458-301-4a--100-63]-9618&alias=b7s11p8419.cern.ch&noUDP&sock=slot1_16_4288_08a7_114817>
...
040 (5101640.000.000) 07/15 17:20:10 Finished transferring input files
...
001 (5101640.000.000) 07/15 17:20:11 Job executing on host: <188.184.162.105:9618?addrs=188.184.162.105-9618+[2001-1458-301-4a--100-63]-9618&alias=b7s11p8419.cern.ch&noUDP&sock=startd_3342_e999>
...
006 (5101640.000.000) 07/15 17:20:20 Image size of job updated: 111004
	54  -  MemoryUsage of job (MB)
	54504  -  ResidentSetSize of job (KB)
...
006 (5101640.000.000) 07/15 17:25:22 Image size of job updated: 1393540
	313  -  MemoryUsage of job (MB)
	319748  -  ResidentSetSize of job (KB)
...
006 (5101640.000.000) 07/15 17:30:22 Image size of job updated: 1393540
	352  -  MemoryUsage of job (MB)
	359816  -  ResidentSetSize of job (KB)
...
006 (5101640.000.000) 07/15 17:35:22 Image size of job updated: 1393540
	380  -  MemoryUsage of job (MB)
	388352  -  ResidentSetSize of job (KB)
...
006 (5101640.000.000) 07/15 17:40:23 Image size of job updated: 1393540
	432  -  MemoryUsage of job (MB)
	442084  -  ResidentSetSize of job (KB)
...
040 (5101640.000.000) 07/15 17:40:24 Started transferring output files
...
040 (5101640.000.000) 07/15 17:40:24 Finished transferring output files
...
009 (5101640.000.000) 07/15 17:40:24 Job was aborted.
	Job removed by SYSTEM_PERIODIC_REMOVE due to wall time exceeded allowed max.
...
