000 (5101662.000.000) 07/15 18:00:13 Job submitted from host: <188.185.71.83:9618?addrs=188.185.71.83-9618+[2001-1458-d00-7--100-34d]-9618&alias=bigbird18.cern.ch&noUDP&sock=schedd_2070_6d22>
...
040 (5101662.000.000) 07/15 18:01:51 Started transferring input files
	Transferring to host: <188.184.163.165:9618?addrs=188.184.163.165-9618+[2001-1458-301-4d--100-9f]-9618&alias=b7s12p6775.cern.ch&noUDP&sock=slot1_8_3949_2d7a_125979>
...
040 (5101662.000.000) 07/15 18:01:51 Finished transferring input files
...
001 (5101662.000.000) 07/15 18:01:52 Job executing on host: <188.184.163.165:9618?addrs=188.184.163.165-9618+[2001-1458-301-4d--100-9f]-9618&alias=b7s12p6775.cern.ch&noUDP&sock=startd_3268_2797>
...
006 (5101662.000.000) 07/15 18:02:00 Image size of job updated: 847252
	190  -  MemoryUsage of job (MB)
	194336  -  ResidentSetSize of job (KB)
...
006 (5101662.000.000) 07/15 18:07:00 Image size of job updated: 1393472
	316  -  MemoryUsage of job (MB)
	323148  -  ResidentSetSize of job (KB)
...
006 (5101662.000.000) 07/15 18:12:01 Image size of job updated: 1393472
	389  -  MemoryUsage of job (MB)
	398232  -  ResidentSetSize of job (KB)
...
006 (5101662.000.000) 07/15 18:17:01 Image size of job updated: 1393472
	425  -  MemoryUsage of job (MB)
	434528  -  ResidentSetSize of job (KB)
...
006 (5101662.000.000) 07/15 18:22:01 Image size of job updated: 1393472
	501  -  MemoryUsage of job (MB)
	512868  -  ResidentSetSize of job (KB)
...
040 (5101662.000.000) 07/15 18:22:01 Started transferring output files
...
040 (5101662.000.000) 07/15 18:22:01 Finished transferring output files
...
009 (5101662.000.000) 07/15 18:22:02 Job was aborted.
	Job removed by SYSTEM_PERIODIC_REMOVE due to wall time exceeded allowed max.
...
