000 (5101636.000.000) 07/15 17:18:27 Job submitted from host: <188.185.71.83:9618?addrs=188.185.71.83-9618+[2001-1458-d00-7--100-34d]-9618&alias=bigbird18.cern.ch&noUDP&sock=schedd_2070_6d22>
...
040 (5101636.000.000) 07/15 17:20:06 Started transferring input files
	Transferring to host: <188.184.162.42:9618?addrs=188.184.162.42-9618+[2001-1458-301-4a--100-24]-9618&alias=b7s11p7799.cern.ch&noUDP&sock=slot1_17_118907_7cfc_9749>
...
040 (5101636.000.000) 07/15 17:20:06 Finished transferring input files
...
001 (5101636.000.000) 07/15 17:20:07 Job executing on host: <188.184.162.42:9618?addrs=188.184.162.42-9618+[2001-1458-301-4a--100-24]-9618&alias=b7s11p7799.cern.ch&noUDP&sock=startd_268777_3e9b>
...
006 (5101636.000.000) 07/15 17:20:15 Image size of job updated: 398304
	356  -  MemoryUsage of job (MB)
	364080  -  ResidentSetSize of job (KB)
...
006 (5101636.000.000) 07/15 17:25:15 Image size of job updated: 1361432
	356  -  MemoryUsage of job (MB)
	364080  -  ResidentSetSize of job (KB)
...
006 (5101636.000.000) 07/15 17:30:16 Image size of job updated: 1361432
	383  -  MemoryUsage of job (MB)
	391780  -  ResidentSetSize of job (KB)
...
006 (5101636.000.000) 07/15 17:35:17 Image size of job updated: 1361432
	466  -  MemoryUsage of job (MB)
	476324  -  ResidentSetSize of job (KB)
...
006 (5101636.000.000) 07/15 17:40:17 Image size of job updated: 1361432
	572  -  MemoryUsage of job (MB)
	585520  -  ResidentSetSize of job (KB)
...
040 (5101636.000.000) 07/15 17:40:17 Started transferring output files
...
040 (5101636.000.000) 07/15 17:40:17 Finished transferring output files
...
009 (5101636.000.000) 07/15 17:40:17 Job was aborted.
	Job removed by SYSTEM_PERIODIC_REMOVE due to wall time exceeded allowed max.
...
