000 (5101683.000.000) 07/15 20:48:34 Job submitted from host: <188.185.71.83:9618?addrs=188.185.71.83-9618+[2001-1458-d00-7--100-34d]-9618&alias=bigbird18.cern.ch&noUDP&sock=schedd_2070_6d22>
...
040 (5101683.000.000) 07/15 20:49:11 Started transferring input files
	Transferring to host: <128.142.248.50:9618?addrs=128.142.248.50-9618+[2001-1458-301-73--100-122]-9618&alias=b7g23p4729.cern.ch&noUDP&sock=slot1_34_67923_a5e3_9841>
...
040 (5101683.000.000) 07/15 20:49:11 Finished transferring input files
...
001 (5101683.000.000) 07/15 20:49:12 Job executing on host: <128.142.248.50:9618?addrs=128.142.248.50-9618+[2001-1458-301-73--100-122]-9618&alias=b7g23p4729.cern.ch&noUDP&sock=startd_67885_0ac3>
...
006 (5101683.000.000) 07/15 20:49:21 Image size of job updated: 505872
	107  -  MemoryUsage of job (MB)
	108688  -  ResidentSetSize of job (KB)
...
006 (5101683.000.000) 07/15 20:54:22 Image size of job updated: 1393576
	322  -  MemoryUsage of job (MB)
	329244  -  ResidentSetSize of job (KB)
...
006 (5101683.000.000) 07/15 20:59:23 Image size of job updated: 1393576
	343  -  MemoryUsage of job (MB)
	350632  -  ResidentSetSize of job (KB)
...
006 (5101683.000.000) 07/15 21:04:23 Image size of job updated: 1393576
	413  -  MemoryUsage of job (MB)
	422612  -  ResidentSetSize of job (KB)
...
006 (5101683.000.000) 07/15 21:09:24 Image size of job updated: 1393576
	468  -  MemoryUsage of job (MB)
	478320  -  ResidentSetSize of job (KB)
...
040 (5101683.000.000) 07/15 21:09:25 Started transferring output files
...
040 (5101683.000.000) 07/15 21:09:25 Finished transferring output files
...
009 (5101683.000.000) 07/15 21:09:25 Job was aborted.
	Job removed by SYSTEM_PERIODIC_REMOVE due to wall time exceeded allowed max.
...
